"69632","False","9/3/2021 15:32:41","6/30/2021 18:10:31","0","0","Microsoft-Windows-RestartManager/Operational","Operational","Application","True","False","O:BAG:SYD:(A;;0x2;;;S-1-15-2-1)(A;;0x2;;;S-1-15-3-1024-3153509613-960666767-3724611135-2725662640-12138253-543910227-1950414635-4190290187)(A;;0xf0007;;;SY)(A;;0x7;;;BA)(A;;0x7;;;SO)(A;;0x3;;;IU)(A;;0x3;;;SU)(A;;0x3;;;S-1-5-3)(A;;0x3;;;S-1-5-33)(A;;0x1;;;S-1-5-32-573)","%SystemRoot%\System32\Winevt\Logs\Microsoft-Windows-RestartManager%4Operational.evtx","1052672","Circular","Microsoft-Windows-RestartManager","System.String[]",,,"64","0","64","1000",
"69632","False","9/3/2021 15:32:41","9/2/2021 22:44:59","1","68","Microsoft-Windows-Resource-Exhaustion-Resolver/Operational","Operational","Application","True","False","O:BAG:SYD:(A;;0x2;;;S-1-15-2-1)(A;;0x2;;;S-1-15-3-1024-3153509613-960666767-3724611135-2725662640-12138253-543910227-1950414635-4190290187)(A;;0xf0007;;;SY)(A;;0x7;;;BA)(A;;0x7;;;SO)(A;;0x3;;;IU)(A;;0x3;;;SU)(A;;0x3;;;S-1-5-3)(A;;0x3;;;S-1-5-33)(A;;0x1;;;S-1-5-32-573)","%SystemRoot%\System32\Winevt\Logs\Microsoft-Windows-Resource-Exhaustion-Resolver%4Operational.evtx","1052672","Circular","Microsoft-Windows-Resource-Exhaustion-Resolver","System.String[]",,,"64","0","64","1000",
"69632","False","9/3/2021 15:32:41","9/3/2021 06:24:43","1","102","Microsoft-Windows-Resource-Exhaustion-Detector/Operational","Operational","System","True","False","O:BAG:SYD:(A;;0xf0007;;;SY)(A;;0x7;;;BA)(A;;0x3;;;BO)(A;;0x5;;;SO)(A;;0x1;;;IU)(A;;0x3;;;SU)(A;;0x1;;;S-1-5-3)(A;;0x2;;;S-1-5-33)(A;;0x1;;;S-1-5-32-573)","%SystemRoot%\System32\Winevt\Logs\Microsoft-Windows-Resource-Exhaustion-Detector%4Operational.evtx","1052672","Circular","Microsoft-Windows-Resource-Exhaustion-Detector","System.String[]",,,"64","0","16","1000",
,,,,,,"Microsoft-Windows-Remotefs-Rdbss/Operational","Operational","Application","False","False","O:BAG:SYD:(A;;0x2;;;S-1-15-2-1)(A;;0x2;;;S-1-15-3-1024-3153509613-960666767-3724611135-2725662640-12138253-543910227-1950414635-4190290187)(A;;0xf0007;;;SY)(A;;0x7;;;BA)(A;;0x7;;;SO)(A;;0x3;;;IU)(A;;0x3;;;SU)(A;;0x3;;;S-1-5-3)(A;;0x3;;;S-1-5-33)(A;;0x1;;;S-1-5-32-573)","%SystemRoot%\System32\Winevt\Logs\Microsoft-Windows-Remotefs-Rdbss%4Operational.evtx","1052672","Circular","Microsoft-Windows-Remotefs-Rdbss","System.String[]",,,"64","0","64","1000",
"69632","False","9/3/2021 15:32:41","7/30/2021 14:03:17","1","2","Microsoft-Windows-RemoteDesktopServices-SessionServices/Operational","Operational","Application","True","False","O:BAG:SYD:(A;;0x2;;;S-1-15-2-1)(A;;0x2;;;S-1-15-3-1024-3153509613-960666767-3724611135-2725662640-12138253-543910227-1950414635-4190290187)(A;;0xf0007;;;SY)(A;;0x7;;;BA)(A;;0x7;;;SO)(A;;0x3;;;IU)(A;;0x3;;;SU)(A;;0x3;;;S-1-5-3)(A;;0x3;;;S-1-5-33)(A;;0x1;;;S-1-5-32-573)","%SystemRoot%\System32\Winevt\Logs\Microsoft-Windows-RemoteDesktopServices-SessionServices%4Operational.evtx","1052672","Circular","Microsoft-Windows-RemoteDesktopServices-SessionServices","System.String[]",,,"64","0","64","1000",
"69632","False","9/3/2021 15:32:41","6/30/2021 18:10:31","0","0","Microsoft-Windows-RemoteDesktopServices-RemoteFX-Synth3dvsp/Admin","Administrative","System","True","False","O:BAG:SYD:(A;;0xf0007;;;SY)(A;;0x7;;;BA)(A;;0x3;;;BO)(A;;0x5;;;SO)(A;;0x1;;;IU)(A;;0x3;;;SU)(A;;0x1;;;S-1-5-3)(A;;0x2;;;S-1-5-33)(A;;0x1;;;S-1-5-32-573)","%SystemRoot%\System32\Winevt\Logs\Microsoft-Windows-RemoteDesktopServices-RemoteFX-Synth3dvsp%4Admin.evtx","1052672","Circular","Microsoft-Windows-RemoteDesktopServices-RemoteFX-Synth3dvsp","System.String[]",,,"64","0","16","1000",
"69632","False","9/3/2021 15:32:41","6/30/2021 18:10:31","0","0","Microsoft-Windows-RemoteDesktopServices-RemoteFX-Synth3dvsc/Admin","Administrative","System","True","False","O:BAG:SYD:(A;;0xf0007;;;SY)(A;;0x7;;;BA)(A;;0x3;;;BO)(A;;0x5;;;SO)(A;;0x1;;;IU)(A;;0x3;;;SU)(A;;0x1;;;S-1-5-3)(A;;0x2;;;S-1-5-33)(A;;0x1;;;S-1-5-32-573)","%SystemRoot%\System32\Winevt\Logs\Microsoft-Windows-RemoteDesktopServices-RemoteFX-Synth3dvsc%4Admin.evtx","1052672","Circular","Microsoft-Windows-RemoteDesktopServices-RemoteFX-Synth3dvsc","System.String[]",,,"64","0","16","1000",
"69632","False","9/3/2021 15:32:41","6/30/2021 18:10:31","0","0","Microsoft-Windows-RemoteDesktopServices-RemoteFX-Manager/Operational","Operational","Application","True","False","O:BAG:SYD:(A;;0x2;;;S-1-15-2-1)(A;;0x2;;;S-1-15-3-1024-3153509613-960666767-3724611135-2725662640-12138253-543910227-1950414635-4190290187)(A;;0xf0007;;;SY)(A;;0x7;;;BA)(A;;0x7;;;SO)(A;;0x3;;;IU)(A;;0x3;;;SU)(A;;0x3;;;S-1-5-3)(A;;0x3;;;S-1-5-33)(A;;0x1;;;S-1-5-32-573)","%SystemRoot%\System32\Winevt\Logs\Microsoft-Windows-RemoteDesktopServices-RemoteFX-Manager%4Operational.evtx","1052672","Circular","Microsoft-Windows-RemoteDesktopServices-RemoteFX-Manager","System.String[]",,,"64","0","64","1000",
"69632","False","9/3/2021 15:32:41","6/30/2021 18:10:31","0","0","Microsoft-Windows-RemoteDesktopServices-RemoteFX-Manager/Admin","Administrative","Application","True","False","O:BAG:SYD:(A;;0x2;;;S-1-15-2-1)(A;;0x2;;;S-1-15-3-1024-3153509613-960666767-3724611135-2725662640-12138253-543910227-1950414635-4190290187)(A;;0xf0007;;;SY)(A;;0x7;;;BA)(A;;0x7;;;SO)(A;;0x3;;;IU)(A;;0x3;;;SU)(A;;0x3;;;S-1-5-3)(A;;0x3;;;S-1-5-33)(A;;0x1;;;S-1-5-32-573)","%SystemRoot%\System32\Winevt\Logs\Microsoft-Windows-RemoteDesktopServices-RemoteFX-Manager%4Admin.evtx","1052672","Circular","Microsoft-Windows-RemoteDesktopServices-RemoteFX-Manager","System.String[]",,,"64","0","64","1000",
"1052672","False","9/3/2021 14:10:33","9/3/2021 13:27:05","12610","1992","Microsoft-Windows-RemoteDesktopServices-RdpCoreTS/Operational","Operational","Application","True","False","O:BAG:SYD:(A;;0x2;;;S-1-15-2-1)(A;;0x2;;;S-1-15-3-1024-3153509613-960666767-3724611135-2725662640-12138253-543910227-1950414635-4190290187)(A;;0xf0007;;;SY)(A;;0x7;;;BA)(A;;0x7;;;SO)(A;;0x3;;;IU)(A;;0x3;;;SU)(A;;0x3;;;S-1-5-3)(A;;0x3;;;S-1-5-33)(A;;0x1;;;S-1-5-32-573)","%SystemRoot%\System32\Winevt\Logs\Microsoft-Windows-RemoteDesktopServices-RdpCoreTS%4Operational.evtx","1052672","Circular","Microsoft-Windows-RemoteDesktopServices-RdpCoreTS","System.String[]",,,"64","0","64","1000",
"69632","False","9/3/2021 15:32:41","6/30/2021 18:10:31","0","0","Microsoft-Windows-RemoteDesktopServices-RdpCoreTS/Admin","Administrative","Application","True","False","O:BAG:SYD:(A;;0x2;;;S-1-15-2-1)(A;;0x2;;;S-1-15-3-1024-3153509613-960666767-3724611135-2725662640-12138253-543910227-1950414635-4190290187)(A;;0xf0007;;;SY)(A;;0x7;;;BA)(A;;0x7;;;SO)(A;;0x3;;;IU)(A;;0x3;;;SU)(A;;0x3;;;S-1-5-3)(A;;0x3;;;S-1-5-33)(A;;0x1;;;S-1-5-32-573)","%SystemRoot%\System32\Winevt\Logs\Microsoft-Windows-RemoteDesktopServices-RdpCoreTS%4Admin.evtx","1052672","Circular","Microsoft-Windows-RemoteDesktopServices-RdpCoreTS","System.String[]",,,"64","0","64","1000",
"69632","False","9/3/2021 15:32:41","8/16/2021 17:17:55","1","4","Microsoft-Windows-RemoteAssistance/Operational","Operational","Application","True","False","O:BAG:SYD:(A;;0x2;;;S-1-15-2-1)(A;;0x2;;;S-1-15-3-1024-3153509613-960666767-3724611135-2725662640-12138253-543910227-1950414635-4190290187)(A;;0xf0007;;;SY)(A;;0x7;;;BA)(A;;0x7;;;SO)(A;;0x3;;;IU)(A;;0x3;;;SU)(A;;0x3;;;S-1-5-3)(A;;0x3;;;S-1-5-33)(A;;0x1;;;S-1-5-32-573)","%SystemRoot%\System32\Winevt\Logs\Microsoft-Windows-RemoteAssistance%4Operational.evtx","1052672","Circular","Microsoft-Windows-RemoteAssistance","System.String[]",,,"64","0","64","1000",
"69632","False","9/3/2021 15:32:41","6/30/2021 18:10:31","0","0","Microsoft-Windows-RemoteAssistance/Admin","Administrative","Application","True","False","O:BAG:SYD:(A;;0x2;;;S-1-15-2-1)(A;;0x2;;;S-1-15-3-1024-3153509613-960666767-3724611135-2725662640-12138253-543910227-1950414635-4190290187)(A;;0xf0007;;;SY)(A;;0x7;;;BA)(A;;0x7;;;SO)(A;;0x3;;;IU)(A;;0x3;;;SU)(A;;0x3;;;S-1-5-3)(A;;0x3;;;S-1-5-33)(A;;0x1;;;S-1-5-32-573)","%SystemRoot%\System32\Winevt\Logs\Microsoft-Windows-RemoteAssistance%4Admin.evtx","1052672","Circular","Microsoft-Windows-RemoteAssistance","System.String[]",,,"64","0","64","1000",
"69632","False","9/3/2021 15:32:41","6/30/2021 18:10:31","0","0","Microsoft-Windows-RemoteApp and Desktop Connections/Operational","Operational","Application","True","False","O:BAG:SYD:(A;;0x2;;;S-1-15-2-1)(A;;0x2;;;S-1-15-3-1024-3153509613-960666767-3724611135-2725662640-12138253-543910227-1950414635-4190290187)(A;;0xf0007;;;SY)(A;;0x7;;;BA)(A;;0x7;;;SO)(A;;0x3;;;IU)(A;;0x3;;;SU)(A;;0x3;;;S-1-5-3)(A;;0x3;;;S-1-5-33)(A;;0x1;;;S-1-5-32-573)","%SystemRoot%\System32\Winevt\Logs\Microsoft-Windows-RemoteApp and Desktop Connections%4Operational.evtx","1052672","Circular","Microsoft-Windows-RemoteApp and Desktop Connections","System.String[]",,,"64","0","64","1000",
"69632","False","9/3/2021 15:32:41","6/30/2021 18:10:31","0","0","Microsoft-Windows-RemoteApp and Desktop Connections/Admin","Administrative","Application","True","False","O:BAG:SYD:(A;;0x2;;;S-1-15-2-1)(A;;0x2;;;S-1-15-3-1024-3153509613-960666767-3724611135-2725662640-12138253-543910227-1950414635-4190290187)(A;;0xf0007;;;SY)(A;;0x7;;;BA)(A;;0x7;;;SO)(A;;0x3;;;IU)(A;;0x3;;;SU)(A;;0x3;;;S-1-5-3)(A;;0x3;;;S-1-5-33)(A;;0x1;;;S-1-5-32-573)","%SystemRoot%\System32\Winevt\Logs\Microsoft-Windows-RemoteApp and Desktop Connections%4Admin.evtx","1052672","Circular","Microsoft-Windows-RemoteApp and Desktop Connections","System.String[]",,,"64","0","64","1000",
"69632","False","9/3/2021 15:32:41","6/30/2021 18:10:31","0","0","Microsoft-Windows-Regsvr32/Operational","Operational","Application","True","False","O:BAG:SYD:(A;;0x2;;;S-1-15-2-1)(A;;0x2;;;S-1-15-3-1024-3153509613-960666767-3724611135-2725662640-12138253-543910227-1950414635-4190290187)(A;;0xf0007;;;SY)(A;;0x7;;;BA)(A;;0x7;;;SO)(A;;0x3;;;IU)(A;;0x3;;;SU)(A;;0x3;;;S-1-5-3)(A;;0x3;;;S-1-5-33)(A;;0x1;;;S-1-5-32-573)","%SystemRoot%\System32\Winevt\Logs\Microsoft-Windows-Regsvr32%4Operational.evtx","1052672","Circular","Microsoft-Windows-Build-RegDll","System.String[]",,,"64","0","64","1000",
"69632","False","9/3/2021 15:32:41","6/30/2021 18:10:31","0","0","Microsoft-Windows-ReFS/Operational","Operational","System","True","False","O:BAG:SYD:(A;;0xf0007;;;SY)(A;;0x7;;;BA)(A;;0x3;;;BO)(A;;0x5;;;SO)(A;;0x1;;;IU)(A;;0x3;;;SU)(A;;0x1;;;S-1-5-3)(A;;0x2;;;S-1-5-33)(A;;0x1;;;S-1-5-32-573)","%SystemRoot%\System32\Winevt\Logs\Microsoft-Windows-ReFS%4Operational.evtx","33554432","Circular","Microsoft-Windows-ReFS","System.String[]",,,"64","0","16","1000",
"69632","False","9/3/2021 15:32:41","6/30/2021 18:10:31","0","0","Microsoft-Windows-ReadyBoostDriver/Operational","Operational","System","True","False","O:BAG:SYD:(A;;0xf0007;;;SY)(A;;0x7;;;BA)(A;;0x3;;;BO)(A;;0x5;;;SO)(A;;0x1;;;IU)(A;;0x3;;;SU)(A;;0x1;;;S-1-5-3)(A;;0x2;;;S-1-5-33)(A;;0x1;;;S-1-5-32-573)","%SystemRoot%\System32\Winevt\Logs\Microsoft-Windows-ReadyBoostDriver%4Operational.evtx","1052672","Circular","Microsoft-Windows-ReadyBoostDriver","System.String[]",,,"64","0","16","1000",
"69632","False","9/3/2021 15:32:41","9/3/2021 06:16:05","1","31","Microsoft-Windows-ReadyBoost/Operational","Operational","Application","True","False","O:BAG:SYD:(A;;0x2;;;S-1-15-2-1)(A;;0x2;;;S-1-15-3-1024-3153509613-960666767-3724611135-2725662640-12138253-543910227-1950414635-4190290187)(A;;0xf0007;;;SY)(A;;0x7;;;BA)(A;;0x7;;;SO)(A;;0x3;;;IU)(A;;0x3;;;SU)(A;;0x3;;;S-1-5-3)(A;;0x3;;;S-1-5-33)(A;;0x1;;;S-1-5-32-573)","%SystemRoot%\System32\Winevt\Logs\Microsoft-Windows-ReadyBoost%4Operational.evtx","1052672","Circular","Microsoft-Windows-ReadyBoost","System.String[]",,,"64","0","64","1000",
,,,,,,"Microsoft-Windows-RasAgileVpn/Operational","Operational","Application","False","False","O:BAG:SYD:(A;;0x2;;;S-1-15-2-1)(A;;0x2;;;S-1-15-3-1024-3153509613-960666767-3724611135-2725662640-12138253-543910227-1950414635-4190290187)(A;;0xf0007;;;SY)(A;;0x7;;;BA)(A;;0x7;;;SO)(A;;0x3;;;IU)(A;;0x3;;;SU)(A;;0x3;;;S-1-5-3)(A;;0x3;;;S-1-5-33)(A;;0x1;;;S-1-5-32-573)","%SystemRoot%\System32\Winevt\Logs\Microsoft-Windows-RasAgileVpn%4Operational.evtx","1052672","Circular","Microsoft-Windows-Ras-AgileVpn","System.String[]",,,"64","0","64","1000",
"1052672","False","9/3/2021 15:33:06","9/3/2021 15:33:06","277044","1569","Microsoft-Windows-PushNotification-Platform/Operational","Operational","Application","True","False","O:BAG:SYD:(A;;0x2;;;S-1-15-2-1)(A;;0x2;;;S-1-15-3-1024-3153509613-960666767-3724611135-2725662640-12138253-543910227-1950414635-4190290187)(A;;0xf0007;;;SY)(A;;0x7;;;BA)(A;;0x7;;;SO)(A;;0x3;;;IU)(A;;0x3;;;SU)(A;;0x3;;;S-1-5-3)(A;;0x3;;;S-1-5-33)(A;;0x1;;;S-1-5-32-573)","%SystemRoot%\System32\Winevt\Logs\Microsoft-Windows-PushNotification-Platform%4Operational.evtx","1052672","Circular","Microsoft-Windows-PushNotifications-Platform","System.String[]",,,"64","0","64","1000",
"69632","False","9/3/2021 15:32:41","6/30/2021 18:10:31","0","0","Microsoft-Windows-PushNotification-Platform/Admin","Administrative","Application","True","False","O:BAG:SYD:(A;;0x2;;;S-1-15-2-1)(A;;0x2;;;S-1-15-3-1024-3153509613-960666767-3724611135-2725662640-12138253-543910227-1950414635-4190290187)(A;;0xf0007;;;SY)(A;;0x7;;;BA)(A;;0x7;;;SO)(A;;0x3;;;IU)(A;;0x3;;;SU)(A;;0x3;;;S-1-5-3)(A;;0x3;;;S-1-5-33)(A;;0x1;;;S-1-5-32-573)","%SystemRoot%\System32\Winevt\Logs\Microsoft-Windows-PushNotification-Platform%4Admin.evtx","1052672","Circular","Microsoft-Windows-PushNotifications-Platform","System.String[]",,,"64","0","64","1000",
,,,,,,"Microsoft-Windows-Proximity-Common/Diagnostic","Operational","Application","False","False","O:BAG:SYD:(A;;0x2;;;S-1-15-2-1)(A;;0x2;;;S-1-15-3-1024-3153509613-960666767-3724611135-2725662640-12138253-543910227-1950414635-4190290187)(A;;0xf0007;;;SY)(A;;0x7;;;BA)(A;;0x7;;;SO)(A;;0x3;;;IU)(A;;0x3;;;SU)(A;;0x3;;;S-1-5-3)(A;;0x3;;;S-1-5-33)(A;;0x1;;;S-1-5-32-573)","%SystemRoot%\System32\Winevt\Logs\Microsoft-Windows-Proximity-Common%4Diagnostic.evtx","1052672","Circular","Microsoft-Windows-Proximity-Common","System.String[]",,,"64","0","64","1000",
"69632","False","9/3/2021 15:32:41","6/30/2021 18:10:31","0","0","Microsoft-Windows-Provisioning-Diagnostics-Provider/ManagementService","Administrative","Application","True","False","O:BAG:SYD:(A;;0x2;;;S-1-15-2-1)(A;;0x2;;;S-1-15-3-1024-3153509613-960666767-3724611135-2725662640-12138253-543910227-1950414635-4190290187)(A;;0xf0007;;;SY)(A;;0x7;;;BA)(A;;0x7;;;SO)(A;;0x3;;;IU)(A;;0x3;;;SU)(A;;0x3;;;S-1-5-3)(A;;0x3;;;S-1-5-33)(A;;0x1;;;S-1-5-32-573)","%SystemRoot%\System32\Winevt\Logs\Microsoft-Windows-Provisioning-Diagnostics-Provider%4ManagementService.evtx","1052672","Circular","Microsoft-Windows-Provisioning-Diagnostics-Provider","System.String[]",,,"64","0","64","1000",
"69632","False","9/3/2021 15:32:41","6/30/2021 18:10:31","0","0","Microsoft-Windows-Provisioning-Diagnostics-Provider/AutoPilot","Administrative","Application","True","False","O:BAG:SYD:(A;;0x2;;;S-1-15-2-1)(A;;0x2;;;S-1-15-3-1024-3153509613-960666767-3724611135-2725662640-12138253-543910227-1950414635-4190290187)(A;;0xf0007;;;SY)(A;;0x7;;;BA)(A;;0x7;;;SO)(A;;0x3;;;IU)(A;;0x3;;;SU)(A;;0x3;;;S-1-5-3)(A;;0x3;;;S-1-5-33)(A;;0x1;;;S-1-5-32-573)","%SystemRoot%\System32\Winevt\Logs\Microsoft-Windows-Provisioning-Diagnostics-Provider%4AutoPilot.evtx","1052672","Circular","Microsoft-Windows-Provisioning-Diagnostics-Provider","System.String[]",,,"64","0","64","1000",
"1052672","False","9/3/2021 14:10:33","9/3/2021 06:35:09","1","571","Microsoft-Windows-Provisioning-Diagnostics-Provider/Admin","Administrative","Application","True","False","O:BAG:SYD:(A;;0x2;;;S-1-15-2-1)(A;;0x2;;;S-1-15-3-1024-3153509613-960666767-3724611135-2725662640-12138253-543910227-1950414635-4190290187)(A;;0xf0007;;;SY)(A;;0x7;;;BA)(A;;0x7;;;SO)(A;;0x3;;;IU)(A;;0x3;;;SU)(A;;0x3;;;S-1-5-3)(A;;0x3;;;S-1-5-33)(A;;0x1;;;S-1-5-32-573)","%SystemRoot%\System32\Winevt\Logs\Microsoft-Windows-Provisioning-Diagnostics-Provider%4Admin.evtx","1052672","Circular","Microsoft-Windows-Provisioning-Diagnostics-Provider","System.String[]",,,"64","0","64","1000",
"69632","False","9/3/2021 15:32:41","6/29/2021 07:18:00","0","0","Microsoft-Windows-Program-Compatibility-Assistant/CompatAfterUpgrade","Operational","System","True","False","O:BAG:SYD:(A;;0xf0007;;;SY)(A;;0x7;;;BA)(A;;0x3;;;BO)(A;;0x5;;;SO)(A;;0x1;;;IU)(A;;0x3;;;SU)(A;;0x1;;;S-1-5-3)(A;;0x2;;;S-1-5-33)(A;;0x1;;;S-1-5-32-573)","%SystemRoot%\System32\Winevt\Logs\Microsoft-Windows-Program-Compatibility-Assistant%4CompatAfterUpgrade.evtx","1052672","Circular","Microsoft-Windows-Program-Compatibility-Assistant","System.String[]",,,"64","0","16","1000",
,,,,,,"Microsoft-Windows-Program-Compatibility-Assistant/Analytic","Operational","System","False","False","O:BAG:SYD:(A;;0xf0007;;;SY)(A;;0x7;;;BA)(A;;0x3;;;BO)(A;;0x5;;;SO)(A;;0x1;;;IU)(A;;0x3;;;SU)(A;;0x1;;;S-1-5-3)(A;;0x2;;;S-1-5-33)(A;;0x1;;;S-1-5-32-573)","%SystemRoot%\System32\Winevt\Logs\Microsoft-Windows-Program-Compatibility-Assistant%4Analytic.evtx","1052672","Circular","Microsoft-Windows-Program-Compatibility-Assistant","System.String[]",,,"64","0","16","1000",
,,,,,,"Microsoft-Windows-PrintService/Operational","Operational","Application","False","False","O:BAG:SYD:(A;;0x2;;;S-1-15-2-1)(A;;0x2;;;S-1-15-3-1024-3153509613-960666767-3724611135-2725662640-12138253-543910227-1950414635-4190290187)(A;;0xf0007;;;SY)(A;;0x7;;;BA)(A;;0x7;;;SO)(A;;0x3;;;IU)(A;;0x3;;;SU)(A;;0x3;;;S-1-5-3)(A;;0x3;;;S-1-5-33)(A;;0x1;;;S-1-5-32-573)","%SystemRoot%\System32\Winevt\Logs\Microsoft-Windows-PrintService%4Operational.evtx","1052672","Circular","Microsoft-Windows-PrintService","System.String[]",,,"64","0","64","1000",
"1052672","False","9/3/2021 14:10:33","9/3/2021 13:27:05","1","149","Microsoft-Windows-PrintService/Admin","Administrative","Application","True","False","O:BAG:SYD:(A;;0x2;;;S-1-15-2-1)(A;;0x2;;;S-1-15-3-1024-3153509613-960666767-3724611135-2725662640-12138253-543910227-1950414635-4190290187)(A;;0xf0007;;;SY)(A;;0x7;;;BA)(A;;0x7;;;SO)(A;;0x3;;;IU)(A;;0x3;;;SU)(A;;0x3;;;S-1-5-3)(A;;0x3;;;S-1-5-33)(A;;0x1;;;S-1-5-32-573)","%SystemRoot%\System32\Winevt\Logs\Microsoft-Windows-PrintService%4Admin.evtx","1052672","Circular","Microsoft-Windows-PrintService","System.String[]",,,"64","0","64","1000",
"69632","False","9/3/2021 15:32:41","6/30/2021 18:10:31","0","0","Microsoft-Windows-PrintBRM/Admin","Administrative","Application","True","False","O:BAG:SYD:(A;;0x2;;;S-1-15-2-1)(A;;0x2;;;S-1-15-3-1024-3153509613-960666767-3724611135-2725662640-12138253-543910227-1950414635-4190290187)(A;;0xf0007;;;SY)(A;;0x7;;;BA)(A;;0x7;;;SO)(A;;0x3;;;IU)(A;;0x3;;;SU)(A;;0x3;;;S-1-5-3)(A;;0x3;;;S-1-5-33)(A;;0x1;;;S-1-5-32-573)","%SystemRoot%\System32\Winevt\Logs\Microsoft-Windows-PrintBRM%4Admin.evtx","1052672","Circular","Microsoft-Windows-PrintBRM","System.String[]",,,"64","0","64","1000",
"5312512","False","9/3/2021 15:32:37","9/3/2021 15:32:37","1","952","Microsoft-Windows-PowerShell/Operational","Operational","Application","True","False","O:BAG:SYD:(A;;0x2;;;S-1-15-2-1)(A;;0x2;;;S-1-15-3-1024-3153509613-960666767-3724611135-2725662640-12138253-543910227-1950414635-4190290187)(A;;0xf0007;;;SY)(A;;0x7;;;BA)(A;;0x7;;;SO)(A;;0x3;;;IU)(A;;0x3;;;SU)(A;;0x3;;;S-1-5-3)(A;;0x3;;;S-1-5-33)(A;;0x1;;;S-1-5-32-573)","%SystemRoot%\System32\Winevt\Logs\Microsoft-Windows-PowerShell%4Operational.evtx","15728640","Circular","Microsoft-Windows-PowerShell","System.String[]",,,"64","0","64","1000",
"69632","False","9/3/2021 15:32:41","6/30/2021 18:10:31","0","0","Microsoft-Windows-PowerShell/Admin","Administrative","Application","True","False","O:BAG:SYD:(A;;0x2;;;S-1-15-2-1)(A;;0x2;;;S-1-15-3-1024-3153509613-960666767-3724611135-2725662640-12138253-543910227-1950414635-4190290187)(A;;0xf0007;;;SY)(A;;0x7;;;BA)(A;;0x7;;;SO)(A;;0x3;;;IU)(A;;0x3;;;SU)(A;;0x3;;;S-1-5-3)(A;;0x3;;;S-1-5-33)(A;;0x1;;;S-1-5-32-573)","%SystemRoot%\System32\Winevt\Logs\Microsoft-Windows-PowerShell%4Admin.evtx","1048985600","Retain","Microsoft-Windows-PowerShell","System.String[]",,,"64","0","64","1000",
"69632","False","9/3/2021 15:32:41","6/30/2021 18:10:31","0","0","Microsoft-Windows-PowerShell-DesiredStateConfiguration-FileDownloadManager/Operational","Operational","Application","True","False","O:BAG:SYD:(A;;0x2;;;S-1-15-2-1)(A;;0x2;;;S-1-15-3-1024-3153509613-960666767-3724611135-2725662640-12138253-543910227-1950414635-4190290187)(A;;0xf0007;;;SY)(A;;0x7;;;BA)(A;;0x7;;;SO)(A;;0x3;;;IU)(A;;0x3;;;SU)(A;;0x3;;;S-1-5-3)(A;;0x3;;;S-1-5-33)(A;;0x1;;;S-1-5-32-573)","%SystemRoot%\System32\Winevt\Logs\Microsoft-Windows-PowerShell-DesiredStateConfiguration-FileDownloadManager%4Operational.evtx","1052672","Circular","Microsoft-Windows-PowerShell-DesiredStateConfiguration-FileDownloadManager","System.String[]",,,"64","0","64","1000",
"69632","False","9/3/2021 15:32:41","6/30/2021 18:10:31","0","0","Microsoft-Windows-Policy/Operational","Operational","System","True","False","O:BAG:SYD:(A;;0xf0007;;;SY)(A;;0x7;;;BA)(A;;0x3;;;BO)(A;;0x5;;;SO)(A;;0x1;;;IU)(A;;0x3;;;SU)(A;;0x1;;;S-1-5-3)(A;;0x2;;;S-1-5-33)(A;;0x1;;;S-1-5-32-573)","%SystemRoot%\System32\Winevt\Logs\Microsoft-Windows-Policy%4Operational.evtx","1052672","Circular","Microsoft-Windows-EQoS","System.String[]",,,"64","0","16","1000",
"69632","False","9/3/2021 15:32:41","6/30/2021 18:10:31","0","0","Microsoft-Windows-PersistentMemory-ScmBus/Operational","Operational","System","True","False","O:BAG:SYD:(A;;0xf0007;;;SY)(A;;0x7;;;BA)(A;;0x3;;;BO)(A;;0x5;;;SO)(A;;0x1;;;IU)(A;;0x3;;;SU)(A;;0x1;;;S-1-5-3)(A;;0x2;;;S-1-5-33)(A;;0x1;;;S-1-5-32-573)","%SystemRoot%\System32\Winevt\Logs\Microsoft-Windows-PersistentMemory-ScmBus%4Operational.evtx","6291456","Circular","Microsoft-Windows-PersistentMemory-ScmBus","System.String[]",,,"64","0","16","1000",
"69632","False","9/3/2021 15:32:41","6/30/2021 18:10:31","0","0","Microsoft-Windows-PersistentMemory-ScmBus/Certification","Operational","System","True","False","O:BAG:SYD:(A;;0xf0007;;;SY)(A;;0x7;;;BA)(A;;0x3;;;BO)(A;;0x5;;;SO)(A;;0x1;;;IU)(A;;0x3;;;SU)(A;;0x1;;;S-1-5-3)(A;;0x2;;;S-1-5-33)(A;;0x1;;;S-1-5-32-573)","%SystemRoot%\System32\Winevt\Logs\Microsoft-Windows-PersistentMemory-ScmBus%4Certification.evtx","1052672","Circular","Microsoft-Windows-PersistentMemory-ScmBus","System.String[]",,,"64","0","16","1000",
"69632","False","9/3/2021 15:32:41","6/30/2021 18:10:31","0","0","Microsoft-Windows-PersistentMemory-PmemDisk/Operational","Operational","System","True","False","O:BAG:SYD:(A;;0xf0007;;;SY)(A;;0x7;;;BA)(A;;0x3;;;BO)(A;;0x5;;;SO)(A;;0x1;;;IU)(A;;0x3;;;SU)(A;;0x1;;;S-1-5-3)(A;;0x2;;;S-1-5-33)(A;;0x1;;;S-1-5-32-573)","%SystemRoot%\System32\Winevt\Logs\Microsoft-Windows-PersistentMemory-PmemDisk%4Operational.evtx","6291456","Circular","Microsoft-Windows-PersistentMemory-PmemDisk","System.String[]",,,"64","0","16","1000",
"69632","False","9/3/2021 15:32:41","6/30/2021 18:10:31","0","0","Microsoft-Windows-PersistentMemory-Nvdimm/Operational","Operational","System","True","False","O:BAG:SYD:(A;;0xf0007;;;SY)(A;;0x7;;;BA)(A;;0x3;;;BO)(A;;0x5;;;SO)(A;;0x1;;;IU)(A;;0x3;;;SU)(A;;0x1;;;S-1-5-3)(A;;0x2;;;S-1-5-33)(A;;0x1;;;S-1-5-32-573)","%SystemRoot%\System32\Winevt\Logs\Microsoft-Windows-PersistentMemory-Nvdimm%4Operational.evtx","6291456","Circular","Microsoft-Windows-PersistentMemory-Nvdimm","System.String[]",,,"64","0","16","1000",
"69632","False","9/3/2021 15:32:41","6/30/2021 18:10:31","0","0","Microsoft-Windows-PerceptionSensorDataService/Operational","Operational","Application","True","False","O:BAG:SYD:(A;;0x2;;;S-1-15-2-1)(A;;0x2;;;S-1-15-3-1024-3153509613-960666767-3724611135-2725662640-12138253-543910227-1950414635-4190290187)(A;;0xf0007;;;SY)(A;;0x7;;;BA)(A;;0x7;;;SO)(A;;0x3;;;IU)(A;;0x3;;;SU)(A;;0x3;;;S-1-5-3)(A;;0x3;;;S-1-5-33)(A;;0x1;;;S-1-5-32-573)","%SystemRoot%\System32\Winevt\Logs\Microsoft-Windows-PerceptionSensorDataService%4Operational.evtx","1052672","Circular","Microsoft-Windows-PerceptionSensorDataService","System.String[]",,,"64","0","64","1000",
"69632","False","9/3/2021 15:32:41","6/30/2021 18:10:31","0","0","Microsoft-Windows-PerceptionRuntime/Operational","Operational","Application","True","False","O:BAG:SYD:(A;;0x2;;;S-1-15-2-1)(A;;0x2;;;S-1-15-3-1024-3153509613-960666767-3724611135-2725662640-12138253-543910227-1950414635-4190290187)(A;;0xf0007;;;SY)(A;;0x7;;;BA)(A;;0x7;;;SO)(A;;0x3;;;IU)(A;;0x3;;;SU)(A;;0x3;;;S-1-5-3)(A;;0x3;;;S-1-5-33)(A;;0x1;;;S-1-5-32-573)","%SystemRoot%\System32\Winevt\Logs\Microsoft-Windows-PerceptionRuntime%4Operational.evtx","1052672","Circular","Microsoft-Windows-PerceptionRuntime","System.String[]",,,"64","0","64","1000",
"1118208","False","9/3/2021 14:10:33","9/3/2021 06:11:04","1","665","Microsoft-Windows-Partition/Diagnostic","Operational","System","True","False","O:BAG:SYD:(A;;0xf0007;;;SY)(A;;0x7;;;BA)(A;;0x3;;;BO)(A;;0x5;;;SO)(A;;0x1;;;IU)(A;;0x3;;;SU)(A;;0x1;;;S-1-5-3)(A;;0x2;;;S-1-5-33)(A;;0x1;;;S-1-5-32-573)","%SystemRoot%\System32\Winevt\Logs\Microsoft-Windows-Partition%4Diagnostic.evtx","16777216","Circular","Microsoft-Windows-Partition","System.String[]",,,"64","0","16","1000",
"69632","False","9/3/2021 15:32:41","6/30/2021 18:10:31","0","0","Microsoft-Windows-PackageStateRoaming/Operational","Operational","Application","True","False","O:BAG:SYD:(A;;0x2;;;S-1-15-2-1)(A;;0x2;;;S-1-15-3-1024-3153509613-960666767-3724611135-2725662640-12138253-543910227-1950414635-4190290187)(A;;0xf0007;;;SY)(A;;0x7;;;BA)(A;;0x7;;;SO)(A;;0x3;;;IU)(A;;0x3;;;SU)(A;;0x3;;;S-1-5-3)(A;;0x3;;;S-1-5-33)(A;;0x1;;;S-1-5-32-573)","%SystemRoot%\System32\Winevt\Logs\Microsoft-Windows-PackageStateRoaming%4Operational.evtx","1052672","Circular","Microsoft-Windows-PackageStateRoaming","System.String[]",,,"64","0","64","1000",
,,,,,,"Microsoft-Windows-OtpCredentialProvider/Operational","Operational","Application","False","False","O:BAG:SYD:(A;;0x2;;;S-1-15-2-1)(A;;0x2;;;S-1-15-3-1024-3153509613-960666767-3724611135-2725662640-12138253-543910227-1950414635-4190290187)(A;;0xf0007;;;SY)(A;;0x7;;;BA)(A;;0x7;;;SO)(A;;0x3;;;IU)(A;;0x3;;;SU)(A;;0x3;;;S-1-5-3)(A;;0x3;;;S-1-5-33)(A;;0x1;;;S-1-5-32-573)","%SystemRoot%\System32\Winevt\Logs\Microsoft-Windows-OtpCredentialProvider%4Operational.evtx","1052672","Circular","Microsoft-Windows-OtpCredentialProviderEvt","System.String[]",,,"64","0","64","1000",
"69632","False","9/3/2021 15:32:41","6/30/2021 18:10:31","0","0","Microsoft-Windows-OOBE-Machine-DUI/Operational","Operational","Application","True","False","O:BAG:SYD:(A;;0x2;;;S-1-15-2-1)(A;;0x2;;;S-1-15-3-1024-3153509613-960666767-3724611135-2725662640-12138253-543910227-1950414635-4190290187)(A;;0xf0007;;;SY)(A;;0x7;;;BA)(A;;0x7;;;SO)(A;;0x3;;;IU)(A;;0x3;;;SU)(A;;0x3;;;S-1-5-3)(A;;0x3;;;S-1-5-33)(A;;0x1;;;S-1-5-32-573)","%SystemRoot%\System32\Winevt\Logs\Microsoft-Windows-OOBE-Machine-DUI%4Operational.evtx","1052672","Circular","Microsoft-Windows-OOBE-Machine-DUI","System.String[]",,,"64","0","64","1000",
,,,,,,"Microsoft-Windows-OneX/Operational","Operational","Application","False","False","O:BAG:SYD:(A;;0x2;;;S-1-15-2-1)(A;;0x2;;;S-1-15-3-1024-3153509613-960666767-3724611135-2725662640-12138253-543910227-1950414635-4190290187)(A;;0xf0007;;;SY)(A;;0x7;;;BA)(A;;0x7;;;SO)(A;;0x3;;;IU)(A;;0x3;;;SU)(A;;0x3;;;S-1-5-3)(A;;0x3;;;S-1-5-33)(A;;0x1;;;S-1-5-32-573)","%SystemRoot%\System32\Winevt\Logs\Microsoft-Windows-OneX%4Operational.evtx","1052672","Circular","Microsoft-Windows-OneX","System.String[]",,,"64","0","64","1000",
"69632","False","9/3/2021 15:32:41","6/30/2021 18:10:31","0","0","Microsoft-Windows-OneBackup/Debug","Operational","Application","True","False","O:BAG:SYD:(A;;0x2;;;S-1-15-2-1)(A;;0x2;;;S-1-15-3-1024-3153509613-960666767-3724611135-2725662640-12138253-543910227-1950414635-4190290187)(A;;0xf0007;;;SY)(A;;0x7;;;BA)(A;;0x7;;;SO)(A;;0x3;;;IU)(A;;0x3;;;SU)(A;;0x3;;;S-1-5-3)(A;;0x3;;;S-1-5-33)(A;;0x1;;;S-1-5-32-573)","%SystemRoot%\System32\Winevt\Logs\Microsoft-Windows-OneBackup%4Debug.evtx","1052672","Circular","Microsoft-Windows-OneBackup","System.String[]",,,"64","0","64","1000",
"69632","False","9/3/2021 15:32:41","6/30/2021 18:10:31","0","0","Microsoft-Windows-OfflineFiles/Operational","Operational","Application","True","False","O:BAG:SYD:(A;;0x2;;;S-1-15-2-1)(A;;0x2;;;S-1-15-3-1024-3153509613-960666767-3724611135-2725662640-12138253-543910227-1950414635-4190290187)(A;;0xf0007;;;SY)(A;;0x7;;;BA)(A;;0x7;;;SO)(A;;0x3;;;IU)(A;;0x3;;;SU)(A;;0x3;;;S-1-5-3)(A;;0x3;;;S-1-5-33)(A;;0x1;;;S-1-5-32-573)","%SystemRoot%\System32\Winevt\Logs\Microsoft-Windows-OfflineFiles%4Operational.evtx","1052672","Circular","Microsoft-Windows-OfflineFiles","System.String[]",,,"64","0","64","1000",
"69632","False","9/3/2021 15:32:41","6/30/2021 18:10:31","0","0","Microsoft-Windows-NTLM/Operational","Operational","System","True","False","O:BAG:SYD:(A;;0xf0007;;;SY)(A;;0x7;;;BA)(A;;0x3;;;BO)(A;;0x5;;;SO)(A;;0x1;;;IU)(A;;0x3;;;SU)(A;;0x1;;;S-1-5-3)(A;;0x2;;;S-1-5-33)(A;;0x1;;;S-1-5-32-573)","%SystemRoot%\System32\Winevt\Logs\Microsoft-Windows-NTLM%4Operational.evtx","1052672","Circular","Microsoft-Windows-NTLM","System.String[]",,,"64","0","16","1000",
"69632","False","9/3/2021 15:32:41","9/3/2021 06:11:04","1","40","Microsoft-Windows-Ntfs/WHC","Operational","System","True","False","O:BAG:SYD:(A;;0xf0007;;;SY)(A;;0x7;;;BA)(A;;0x3;;;BO)(A;;0x5;;;SO)(A;;0x1;;;IU)(A;;0x3;;;SU)(A;;0x1;;;S-1-5-3)(A;;0x2;;;S-1-5-33)(A;;0x1;;;S-1-5-32-573)","%SystemRoot%\System32\Winevt\Logs\Microsoft-Windows-Ntfs%4WHC.evtx","1052672","Circular","Microsoft-Windows-Ntfs","System.String[]",,,"64","0","16","1000",
"33558528","False","9/3/2021 15:32:41","9/3/2021 15:12:06","22640","22079","Microsoft-Windows-Ntfs/Operational","Operational","System","True","False","O:BAG:SYD:(A;;0xf0007;;;SY)(A;;0x7;;;BA)(A;;0x3;;;BO)(A;;0x5;;;SO)(A;;0x1;;;IU)(A;;0x3;;;SU)(A;;0x1;;;S-1-5-3)(A;;0x2;;;S-1-5-33)(A;;0x1;;;S-1-5-32-573)","%SystemRoot%\System32\Winevt\Logs\Microsoft-Windows-Ntfs%4Operational.evtx","33554432","Circular","Microsoft-Windows-Ntfs","System.String[]",,,"64","0","16","1000",
"69632","False","9/3/2021 15:32:41","6/30/2021 18:10:31","0","0","Microsoft-Windows-NlaSvc/Operational","Operational","Application","True","False","O:BAG:SYD:(A;;0x2;;;S-1-15-2-1)(A;;0x2;;;S-1-15-3-1024-3153509613-960666767-3724611135-2725662640-12138253-543910227-1950414635-4190290187)(A;;0xf0007;;;SY)(A;;0x7;;;BA)(A;;0x7;;;SO)(A;;0x3;;;IU)(A;;0x3;;;SU)(A;;0x3;;;S-1-5-3)(A;;0x3;;;S-1-5-33)(A;;0x1;;;S-1-5-32-573)","%SystemRoot%\System32\Winevt\Logs\Microsoft-Windows-NlaSvc%4Operational.evtx","1052672","Circular","Microsoft-Windows-NlaSvc","System.String[]",,,"64","0","64","1000",
"69632","False","9/3/2021 15:32:41","6/30/2021 18:10:31","0","0","Microsoft-Windows-NetworkProvisioning/Operational","Operational","Application","True","False","O:BAG:SYD:(A;;0x2;;;S-1-15-2-1)(A;;0x2;;;S-1-15-3-1024-3153509613-960666767-3724611135-2725662640-12138253-543910227-1950414635-4190290187)(A;;0xf0007;;;SY)(A;;0x7;;;BA)(A;;0x7;;;SO)(A;;0x3;;;IU)(A;;0x3;;;SU)(A;;0x3;;;S-1-5-3)(A;;0x3;;;S-1-5-33)(A;;0x1;;;S-1-5-32-573)","%SystemRoot%\System32\Winevt\Logs\Microsoft-Windows-NetworkProvisioning%4Operational.evtx","1052672","Circular","Microsoft-Windows-NetworkProvisioning","System.String[]",,,"64","0","64","1000",
"1052672","False","9/3/2021 14:10:33","9/3/2021 06:16:05","2000","2280","Microsoft-Windows-NetworkProfile/Operational","Operational","Application","True","False","O:BAG:SYD:(A;;0x2;;;S-1-15-2-1)(A;;0x2;;;S-1-15-3-1024-3153509613-960666767-3724611135-2725662640-12138253-543910227-1950414635-4190290187)(A;;0xf0007;;;SY)(A;;0x7;;;BA)(A;;0x7;;;SO)(A;;0x3;;;IU)(A;;0x3;;;SU)(A;;0x3;;;S-1-5-3)(A;;0x3;;;S-1-5-33)(A;;0x1;;;S-1-5-32-573)","%SystemRoot%\System32\Winevt\Logs\Microsoft-Windows-NetworkProfile%4Operational.evtx","1052672","Circular","Microsoft-Windows-NetworkProfile","System.String[]",,,"64","0","64","1000",
"69632","False","9/3/2021 15:32:41","6/30/2021 18:10:31","0","0","Microsoft-Windows-NetworkLocationWizard/Operational","Operational","Application","True","False","O:BAG:SYD:(A;;0x2;;;S-1-15-2-1)(A;;0x2;;;S-1-15-3-1024-3153509613-960666767-3724611135-2725662640-12138253-543910227-1950414635-4190290187)(A;;0xf0007;;;SY)(A;;0x7;;;BA)(A;;0x7;;;SO)(A;;0x3;;;IU)(A;;0x3;;;SU)(A;;0x3;;;S-1-5-3)(A;;0x3;;;S-1-5-33)(A;;0x1;;;S-1-5-32-573)","%SystemRoot%\System32\Winevt\Logs\Microsoft-Windows-NetworkLocationWizard%4Operational.evtx","1052672","Circular","Microsoft-Windows-PrimaryNetworkIcon","System.String[]",,,"64","0","64","1000",
,,,,,,"Microsoft-Windows-Network-ExecutionContext/Operational","Operational","Application","False","False","O:BAG:SYD:(A;;0x2;;;S-1-15-2-1)(A;;0x2;;;S-1-15-3-1024-3153509613-960666767-3724611135-2725662640-12138253-543910227-1950414635-4190290187)(A;;0xf0007;;;SY)(A;;0x7;;;BA)(A;;0x7;;;SO)(A;;0x3;;;IU)(A;;0x3;;;SU)(A;;0x3;;;S-1-5-3)(A;;0x3;;;S-1-5-33)(A;;0x1;;;S-1-5-32-573)","%SystemRoot%\System32\Winevt\Logs\Microsoft-Windows-Network-ExecutionContext%4Operational.evtx","1052672","Circular","Microsoft-Windows-Network-ExecutionContext","System.String[]",,,"64","0","64","1000",
"69632","False","9/3/2021 15:32:41","6/30/2021 18:10:31","0","0","Microsoft-Windows-NdisImPlatform/Operational","Operational","System","True","False","O:BAG:SYD:(A;;0xf0007;;;SY)(A;;0x7;;;BA)(A;;0x3;;;BO)(A;;0x5;;;SO)(A;;0x1;;;IU)(A;;0x3;;;SU)(A;;0x1;;;S-1-5-3)(A;;0x2;;;S-1-5-33)(A;;0x1;;;S-1-5-32-573)","%SystemRoot%\System32\Winevt\Logs\Microsoft-Windows-NdisImPlatform%4Operational.evtx","1052672","Circular","Microsoft-Windows-NdisImPlatformEventProvider","System.String[]",,,"64","0","16","1000",
,,,,,,"Microsoft-Windows-NDIS/Operational","Operational","Application","False","False","O:BAG:SYD:(A;;0x2;;;S-1-15-2-1)(A;;0x2;;;S-1-15-3-1024-3153509613-960666767-3724611135-2725662640-12138253-543910227-1950414635-4190290187)(A;;0xf0007;;;SY)(A;;0x7;;;BA)(A;;0x7;;;SO)(A;;0x3;;;IU)(A;;0x3;;;SU)(A;;0x3;;;S-1-5-3)(A;;0x3;;;S-1-5-33)(A;;0x1;;;S-1-5-32-573)","%SystemRoot%\System32\Winevt\Logs\Microsoft-Windows-NDIS%4Operational.evtx","1052672","Circular","Microsoft-Windows-NDIS","System.String[]",,,"64","0","64","1000",
"1052672","False","9/3/2021 14:10:33","9/3/2021 06:16:05","1","1157","Microsoft-Windows-NCSI/Operational","Operational","Application","True","False","O:BAG:SYD:(A;;0x2;;;S-1-15-2-1)(A;;0x2;;;S-1-15-3-1024-3153509613-960666767-3724611135-2725662640-12138253-543910227-1950414635-4190290187)(A;;0xf0007;;;SY)(A;;0x7;;;BA)(A;;0x7;;;SO)(A;;0x3;;;IU)(A;;0x3;;;SU)(A;;0x3;;;S-1-5-3)(A;;0x3;;;S-1-5-33)(A;;0x1;;;S-1-5-32-573)","%SystemRoot%\System32\Winevt\Logs\Microsoft-Windows-NCSI%4Operational.evtx","1052672","Circular","Microsoft-Windows-NCSI","System.String[]",,,"64","0","64","1000",
"69632","False","9/3/2021 15:32:41","9/2/2021 22:46:33","1","116","Microsoft-Windows-NcdAutoSetup/Operational","Operational","Application","True","False","O:BAG:SYD:(A;;0x2;;;S-1-15-2-1)(A;;0x2;;;S-1-15-3-1024-3153509613-960666767-3724611135-2725662640-12138253-543910227-1950414635-4190290187)(A;;0xf0007;;;SY)(A;;0x7;;;BA)(A;;0x7;;;SO)(A;;0x3;;;IU)(A;;0x3;;;SU)(A;;0x3;;;S-1-5-3)(A;;0x3;;;S-1-5-33)(A;;0x1;;;S-1-5-32-573)","%SystemRoot%\System32\Winevt\Logs\Microsoft-Windows-NcdAutoSetup%4Operational.evtx","1052672","Circular","Microsoft-Windows-NcdAutoSetup","System.String[]",,,"64","0","64","1000",
,,,,,,"Microsoft-Windows-Ncasvc/Operational","Operational","Application","False","False","O:BAG:SYD:(A;;0x2;;;S-1-15-2-1)(A;;0x2;;;S-1-15-3-1024-3153509613-960666767-3724611135-2725662640-12138253-543910227-1950414635-4190290187)(A;;0xf0007;;;SY)(A;;0x7;;;BA)(A;;0x7;;;SO)(A;;0x3;;;IU)(A;;0x3;;;SU)(A;;0x3;;;S-1-5-3)(A;;0x3;;;S-1-5-33)(A;;0x1;;;S-1-5-32-573)","%SystemRoot%\System32\Winevt\Logs\Microsoft-Windows-Ncasvc%4Operational.evtx","1052672","Circular","Microsoft-Windows-Ncasvc","System.String[]",,,"64","0","64","1000",
"69632","False","9/3/2021 15:32:41","6/30/2021 18:10:31","1","28","Microsoft-Windows-MUI/Operational","Operational","System","True","False","O:BAG:SYD:(A;;0xf0007;;;SY)(A;;0x7;;;BA)(A;;0x3;;;BO)(A;;0x5;;;SO)(A;;0x1;;;IU)(A;;0x3;;;SU)(A;;0x1;;;S-1-5-3)(A;;0x2;;;S-1-5-33)(A;;0x1;;;S-1-5-32-573)","%SystemRoot%\System32\Winevt\Logs\Microsoft-Windows-MUI%4Operational.evtx","1052672","Circular","Microsoft-Windows-MUI","System.String[]",,,"64","0","16","1000",
"69632","False","9/3/2021 15:32:41","6/30/2021 18:10:31","0","0","Microsoft-Windows-MUI/Admin","Administrative","System","True","False","O:BAG:SYD:(A;;0xf0007;;;SY)(A;;0x7;;;BA)(A;;0x3;;;BO)(A;;0x5;;;SO)(A;;0x1;;;IU)(A;;0x3;;;SU)(A;;0x1;;;S-1-5-3)(A;;0x2;;;S-1-5-33)(A;;0x1;;;S-1-5-32-573)","%SystemRoot%\System32\Winevt\Logs\Microsoft-Windows-MUI%4Admin.evtx","1052672","Circular","Microsoft-Windows-MUI","System.String[]",,,"64","0","16","1000",
,,,,,,"Microsoft-Windows-MSPaint/Admin","Operational","Application","False","False","O:BAG:SYD:(A;;0x2;;;S-1-15-2-1)(A;;0x2;;;S-1-15-3-1024-3153509613-960666767-3724611135-2725662640-12138253-543910227-1950414635-4190290187)(A;;0xf0007;;;SY)(A;;0x7;;;BA)(A;;0x7;;;SO)(A;;0x3;;;IU)(A;;0x3;;;SU)(A;;0x3;;;S-1-5-3)(A;;0x3;;;S-1-5-33)(A;;0x1;;;S-1-5-32-573)","%SystemRoot%\System32\Winevt\Logs\Microsoft-Windows-MSPaint%4Admin.evtx","1052672","Circular","Microsoft-Windows-MSPaint","System.String[]",,,"64","0","64","1000",
"69632","False","9/3/2021 15:32:41","6/30/2021 18:10:31","0","0","Microsoft-Windows-Mprddm/Operational","Operational","Application","True","False","O:BAG:SYD:(A;;0x2;;;S-1-15-2-1)(A;;0x2;;;S-1-15-3-1024-3153509613-960666767-3724611135-2725662640-12138253-543910227-1950414635-4190290187)(A;;0xf0007;;;SY)(A;;0x7;;;BA)(A;;0x7;;;SO)(A;;0x3;;;IU)(A;;0x3;;;SU)(A;;0x3;;;S-1-5-3)(A;;0x3;;;S-1-5-33)(A;;0x1;;;S-1-5-32-573)","%SystemRoot%\System32\Winevt\Logs\Microsoft-Windows-Mprddm%4Operational.evtx","1052672","Circular","Microsoft-Windows-Mprddm","System.String[]",,,"64","0","64","1000",
,,,,,,"Microsoft-Windows-MosHost/Operational","Operational","Application","False","False","O:BAG:SYD:(A;;0x2;;;S-1-15-2-1)(A;;0x2;;;S-1-15-3-1024-3153509613-960666767-3724611135-2725662640-12138253-543910227-1950414635-4190290187)(A;;0xf0007;;;SY)(A;;0x7;;;BA)(A;;0x7;;;SO)(A;;0x3;;;IU)(A;;0x3;;;SU)(A;;0x3;;;S-1-5-3)(A;;0x3;;;S-1-5-33)(A;;0x1;;;S-1-5-32-573)","%SystemRoot%\System32\Winevt\Logs\Microsoft-Windows-MosHost%4Operational.evtx","1052672","Circular","Microsoft-Windows-MosHost","System.String[]",,,"64","0","64","1000",
"69632","False","9/3/2021 15:32:41","6/30/2021 18:10:31","0","0","Microsoft-Windows-ModernDeployment-Diagnostics-Provider/ManagementService","Administrative","Application","True","False","O:BAG:SYD:(A;;0x2;;;S-1-15-2-1)(A;;0x2;;;S-1-15-3-1024-3153509613-960666767-3724611135-2725662640-12138253-543910227-1950414635-4190290187)(A;;0xf0007;;;SY)(A;;0x7;;;BA)(A;;0x7;;;SO)(A;;0x3;;;IU)(A;;0x3;;;SU)(A;;0x3;;;S-1-5-3)(A;;0x3;;;S-1-5-33)(A;;0x1;;;S-1-5-32-573)","%SystemRoot%\System32\Winevt\Logs\Microsoft-Windows-ModernDeployment-Diagnostics-Provider%4ManagementService.evtx","1052672","Circular","Microsoft-Windows-ModernDeployment-Diagnostics-Provider","System.String[]",,,"64","0","64","1000",
"69632","False","9/3/2021 15:32:41","6/30/2021 18:10:31","0","0","Microsoft-Windows-ModernDeployment-Diagnostics-Provider/Diagnostics","Administrative","Application","True","False","O:BAG:SYD:(A;;0x2;;;S-1-15-2-1)(A;;0x2;;;S-1-15-3-1024-3153509613-960666767-3724611135-2725662640-12138253-543910227-1950414635-4190290187)(A;;0xf0007;;;SY)(A;;0x7;;;BA)(A;;0x7;;;SO)(A;;0x3;;;IU)(A;;0x3;;;SU)(A;;0x3;;;S-1-5-3)(A;;0x3;;;S-1-5-33)(A;;0x1;;;S-1-5-32-573)","%SystemRoot%\System32\Winevt\Logs\Microsoft-Windows-ModernDeployment-Diagnostics-Provider%4Diagnostics.evtx","1052672","Circular","Microsoft-Windows-ModernDeployment-Diagnostics-Provider","System.String[]",,,"64","0","64","1000",
"69632","False","9/3/2021 15:32:41","6/30/2021 18:10:31","0","0","Microsoft-Windows-ModernDeployment-Diagnostics-Provider/Autopilot","Administrative","Application","True","False","O:BAG:SYD:(A;;0x2;;;S-1-15-2-1)(A;;0x2;;;S-1-15-3-1024-3153509613-960666767-3724611135-2725662640-12138253-543910227-1950414635-4190290187)(A;;0xf0007;;;SY)(A;;0x7;;;BA)(A;;0x7;;;SO)(A;;0x3;;;IU)(A;;0x3;;;SU)(A;;0x3;;;S-1-5-3)(A;;0x3;;;S-1-5-33)(A;;0x1;;;S-1-5-32-573)","%SystemRoot%\System32\Winevt\Logs\Microsoft-Windows-ModernDeployment-Diagnostics-Provider%4Autopilot.evtx","1052672","Circular","Microsoft-Windows-ModernDeployment-Diagnostics-Provider","System.String[]",,,"64","0","64","1000",
"69632","False","9/3/2021 15:32:41","6/30/2021 18:10:31","0","0","Microsoft-Windows-ModernDeployment-Diagnostics-Provider/Admin","Administrative","Application","True","False","O:BAG:SYD:(A;;0x2;;;S-1-15-2-1)(A;;0x2;;;S-1-15-3-1024-3153509613-960666767-3724611135-2725662640-12138253-543910227-1950414635-4190290187)(A;;0xf0007;;;SY)(A;;0x7;;;BA)(A;;0x7;;;SO)(A;;0x3;;;IU)(A;;0x3;;;SU)(A;;0x3;;;S-1-5-3)(A;;0x3;;;S-1-5-33)(A;;0x1;;;S-1-5-32-573)","%SystemRoot%\System32\Winevt\Logs\Microsoft-Windows-ModernDeployment-Diagnostics-Provider%4Admin.evtx","1052672","Circular","Microsoft-Windows-ModernDeployment-Diagnostics-Provider","System.String[]",,,"64","0","64","1000",
"69632","False","9/3/2021 15:32:41","6/30/2021 18:10:31","0","0","Microsoft-Windows-Mobile-Broadband-Experience-Parser-Task/Operational","Operational","Application","True","False","O:BAG:SYD:(A;;0x2;;;S-1-15-2-1)(A;;0x2;;;S-1-15-3-1024-3153509613-960666767-3724611135-2725662640-12138253-543910227-1950414635-4190290187)(A;;0xf0007;;;SY)(A;;0x7;;;BA)(A;;0x7;;;SO)(A;;0x3;;;IU)(A;;0x3;;;SU)(A;;0x3;;;S-1-5-3)(A;;0x3;;;S-1-5-33)(A;;0x1;;;S-1-5-32-573)","%SystemRoot%\System32\Winevt\Logs\Microsoft-Windows-Mobile-Broadband-Experience-Parser-Task%4Operational.evtx","1052672","Circular","Microsoft-Windows-Mobile-Broadband-Experience-Parser-Task","System.String[]",,,"64","0","64","1000",
"69632","False","9/3/2021 15:32:41","6/30/2021 18:10:31","0","0","Microsoft-Windows-MemoryDiagnostics-Results/Debug","Operational","System","True","False","O:BAG:SYD:(A;;0xf0007;;;SY)(A;;0x7;;;BA)(A;;0x3;;;BO)(A;;0x5;;;SO)(A;;0x1;;;IU)(A;;0x3;;;SU)(A;;0x1;;;S-1-5-3)(A;;0x2;;;S-1-5-33)(A;;0x1;;;S-1-5-32-573)","%SystemRoot%\System32\Winevt\Logs\Microsoft-Windows-MemoryDiagnostics-Results%4Debug.evtx","1052672","Circular","Microsoft-Windows-MemoryDiagnostics-Results","System.String[]",,,"64","0","16","1000",
,,,,,,"Microsoft-Windows-MediaFoundation-Performance/SARStreamResource","Operational","Application","False","False","O:BAG:SYD:(A;;0x2;;;S-1-15-2-1)(A;;0x2;;;S-1-15-3-1024-3153509613-960666767-3724611135-2725662640-12138253-543910227-1950414635-4190290187)(A;;0xf0007;;;SY)(A;;0x7;;;BA)(A;;0x7;;;SO)(A;;0x3;;;IU)(A;;0x3;;;SU)(A;;0x3;;;S-1-5-3)(A;;0x3;;;S-1-5-33)(A;;0x1;;;S-1-5-32-573)","%SystemRoot%\System32\Winevt\Logs\Microsoft-Windows-MediaFoundation-Performance%4SARStreamResource.evtx","1052672","Circular","Microsoft-Windows-MediaFoundation-Performance","System.String[]",,,"64","0","64","1000",
,,,,,,"Microsoft-Windows-LSA/Operational","Operational","System","False","False","O:BAG:SYD:(A;;0xf0007;;;SY)(A;;0x7;;;BA)(A;;0x3;;;BO)(A;;0x5;;;SO)(A;;0x1;;;IU)(A;;0x3;;;SU)(A;;0x1;;;S-1-5-3)(A;;0x2;;;S-1-5-33)(A;;0x1;;;S-1-5-32-573)","%SystemRoot%\System32\Winevt\Logs\Microsoft-Windows-LSA%4Operational.evtx","1052672","Circular","LsaSrv","System.String[]",,,"64","0","16","1000",
,,,,,,"Microsoft-Windows-LinkLayerDiscoveryProtocol/Operational","Operational","Application","False","False","O:BAG:SYD:(A;;0x2;;;S-1-15-2-1)(A;;0x2;;;S-1-15-3-1024-3153509613-960666767-3724611135-2725662640-12138253-543910227-1950414635-4190290187)(A;;0xf0007;;;SY)(A;;0x7;;;BA)(A;;0x7;;;SO)(A;;0x3;;;IU)(A;;0x3;;;SU)(A;;0x3;;;S-1-5-3)(A;;0x3;;;S-1-5-33)(A;;0x1;;;S-1-5-32-573)","%SystemRoot%\System32\Winevt\Logs\Microsoft-Windows-LinkLayerDiscoveryProtocol%4Operational.evtx","1052672","Circular","Microsoft-Windows-LinkLayerDiscoveryProtocol","System.String[]",,,"64","0","64","1000",
"69632","False","9/3/2021 15:32:41","9/3/2021 07:37:09","1","44","Microsoft-Windows-LanguagePackSetup/Operational","Operational","System","True","False","O:BAG:SYD:(A;;0xf0007;;;SY)(A;;0x7;;;BA)(A;;0x3;;;BO)(A;;0x5;;;SO)(A;;0x1;;;IU)(A;;0x3;;;SU)(A;;0x1;;;S-1-5-3)(A;;0x2;;;S-1-5-33)(A;;0x1;;;S-1-5-32-573)","%SystemRoot%\System32\Winevt\Logs\Microsoft-Windows-LanguagePackSetup%4Operational.evtx","1052672","Circular","Microsoft-Windows-LanguagePackSetup","System.String[]",,,"64","0","16","1000",
"1052672","False","9/3/2021 15:27:06","9/3/2021 15:27:06","75560","1768","Microsoft-Windows-Known Folders API Service","Operational","Application","True","False","O:BAG:SYD:(A;;0x2;;;S-1-15-2-1)(A;;0x2;;;S-1-15-3-1024-3153509613-960666767-3724611135-2725662640-12138253-543910227-1950414635-4190290187)(A;;0xf0007;;;SY)(A;;0x7;;;BA)(A;;0x7;;;SO)(A;;0x3;;;IU)(A;;0x3;;;SU)(A;;0x3;;;S-1-5-3)(A;;0x3;;;S-1-5-33)(A;;0x1;;;S-1-5-32-573)","%SystemRoot%\System32\Winevt\Logs\Microsoft-Windows-Known Folders API Service.evtx","1052672","Circular","Microsoft-Windows-KnownFolders","System.String[]",,,"64","0","64","1000",
,,,,,,"Microsoft-Windows-KeyboardFilter/Performance","Operational","Application","False","False","O:BAG:SYD:(A;;0x2;;;S-1-15-2-1)(A;;0x2;;;S-1-15-3-1024-3153509613-960666767-3724611135-2725662640-12138253-543910227-1950414635-4190290187)(A;;0xf0007;;;SY)(A;;0x7;;;BA)(A;;0x7;;;SO)(A;;0x3;;;IU)(A;;0x3;;;SU)(A;;0x3;;;S-1-5-3)(A;;0x3;;;S-1-5-33)(A;;0x1;;;S-1-5-32-573)","%SystemRoot%\System32\Winevt\Logs\Microsoft-Windows-KeyboardFilter%4Performance.evtx","1052672","Circular","Microsoft-Windows-KeyboardFilter","System.String[]",,,"64","0","64","1000",
,,,,,,"Microsoft-Windows-KeyboardFilter/Operational","Operational","Application","False","False","O:BAG:SYD:(A;;0x2;;;S-1-15-2-1)(A;;0x2;;;S-1-15-3-1024-3153509613-960666767-3724611135-2725662640-12138253-543910227-1950414635-4190290187)(A;;0xf0007;;;SY)(A;;0x7;;;BA)(A;;0x7;;;SO)(A;;0x3;;;IU)(A;;0x3;;;SU)(A;;0x3;;;S-1-5-3)(A;;0x3;;;S-1-5-33)(A;;0x1;;;S-1-5-32-573)","%SystemRoot%\System32\Winevt\Logs\Microsoft-Windows-KeyboardFilter%4Operational.evtx","1052672","Circular","Microsoft-Windows-KeyboardFilter","System.String[]",,,"64","0","64","1000",
"69632","False","9/3/2021 15:32:41","6/30/2021 18:10:31","0","0","Microsoft-Windows-KeyboardFilter/Admin","Administrative","System","True","False","O:BAG:SYD:(A;;0xf0007;;;SY)(A;;0x7;;;BA)(A;;0x3;;;BO)(A;;0x5;;;SO)(A;;0x1;;;IU)(A;;0x3;;;SU)(A;;0x1;;;S-1-5-3)(A;;0x2;;;S-1-5-33)(A;;0x1;;;S-1-5-32-573)","%SystemRoot%\System32\Winevt\Logs\Microsoft-Windows-KeyboardFilter%4Admin.evtx","1052672","Circular","Microsoft-Windows-KeyboardFilter","System.String[]",,,"64","0","16","1000",
"1118208","False","9/3/2021 14:10:33","9/3/2021 06:11:04","1","217","Microsoft-Windows-Kernel-WHEA/Operational","Operational","System","True","False","O:BAG:SYD:(A;;0xf0007;;;SY)(A;;0x7;;;BA)(A;;0x3;;;BO)(A;;0x5;;;SO)(A;;0x1;;;IU)(A;;0x3;;;SU)(A;;0x1;;;S-1-5-3)(A;;0x2;;;S-1-5-33)(A;;0x1;;;S-1-5-32-573)","%SystemRoot%\System32\Winevt\Logs\Microsoft-Windows-Kernel-WHEA%4Operational.evtx","33554432","Circular","Microsoft-Windows-Kernel-WHEA","System.String[]",,,"64","0","16","1000",
"69632","False","9/3/2021 15:32:41","6/29/2021 07:18:00","0","0","Microsoft-Windows-Kernel-WHEA/Errors","Operational","System","True","False","O:BAG:SYD:(A;;0xf0007;;;SY)(A;;0x7;;;BA)(A;;0x3;;;BO)(A;;0x5;;;SO)(A;;0x1;;;IU)(A;;0x3;;;SU)(A;;0x1;;;S-1-5-3)(A;;0x2;;;S-1-5-33)(A;;0x1;;;S-1-5-32-573)","%SystemRoot%\System32\Winevt\Logs\Microsoft-Windows-Kernel-WHEA%4Errors.evtx","33554432","Circular","Microsoft-Windows-Kernel-WHEA","System.String[]",,,"64","0","16","1000",
"69632","False","9/3/2021 15:32:41","6/30/2021 18:10:31","0","0","Microsoft-Windows-Kernel-WDI/Operational","Operational","System","True","False","O:BAG:SYD:(A;;0xf0007;;;SY)(A;;0x7;;;BA)(A;;0x3;;;BO)(A;;0x5;;;SO)(A;;0x1;;;IU)(A;;0x3;;;SU)(A;;0x1;;;S-1-5-3)(A;;0x2;;;S-1-5-33)(A;;0x1;;;S-1-5-32-573)","%SystemRoot%\System32\Winevt\Logs\Microsoft-Windows-Kernel-WDI%4Operational.evtx","1052672","Circular","Microsoft-Windows-Kernel-WDI","System.String[]",,,"64","0","16","1000",
"69632","False","9/3/2021 15:32:41","6/30/2021 18:10:31","0","0","Microsoft-Windows-Kernel-StoreMgr/Operational","Operational","System","True","False","O:BAG:SYD:(A;;0xf0007;;;SY)(A;;0x7;;;BA)(A;;0x3;;;BO)(A;;0x5;;;SO)(A;;0x1;;;IU)(A;;0x3;;;SU)(A;;0x1;;;S-1-5-3)(A;;0x2;;;S-1-5-33)(A;;0x1;;;S-1-5-32-573)","%SystemRoot%\System32\Winevt\Logs\Microsoft-Windows-Kernel-StoreMgr%4Operational.evtx","1052672","Circular","Microsoft-Windows-Kernel-StoreMgr","System.String[]",,,"64","0","16","1000",
"1052672","False","9/3/2021 14:10:33","9/3/2021 06:11:04","1","614","Microsoft-Windows-Kernel-ShimEngine/Operational","Operational","System","True","False","O:BAG:SYD:(A;;0xf0007;;;SY)(A;;0x7;;;BA)(A;;0x3;;;BO)(A;;0x5;;;SO)(A;;0x1;;;IU)(A;;0x3;;;SU)(A;;0x1;;;S-1-5-3)(A;;0x2;;;S-1-5-33)(A;;0x1;;;S-1-5-32-573)","%SystemRoot%\System32\Winevt\Logs\Microsoft-Windows-Kernel-ShimEngine%4Operational.evtx","1052672","Circular","Microsoft-Windows-Kernel-ShimEngine","System.String[]",,,"64","0","16","1000",
"69632","False","9/3/2021 15:32:41","6/30/2021 18:10:31","0","0","Microsoft-Windows-Kernel-PRM/Operational","Operational","System","True","False","O:BAG:SYD:(A;;0xf0007;;;SY)(A;;0x7;;;BA)(A;;0x3;;;BO)(A;;0x5;;;SO)(A;;0x1;;;IU)(A;;0x3;;;SU)(A;;0x1;;;S-1-5-3)(A;;0x2;;;S-1-5-33)(A;;0x1;;;S-1-5-32-573)","%SystemRoot%\System32\Winevt\Logs\Microsoft-Windows-Kernel-PRM%4Operational.evtx","1052672","Circular","Microsoft-Windows-Kernel-Prm","System.String[]",,,"64","0","16","1000",
"69632","False","9/3/2021 15:32:41","6/29/2021 07:18:00","0","0","Microsoft-Windows-Kernel-Power/Thermal-Operational","Operational","System","True","False","O:BAG:SYD:(A;;0xf0007;;;SY)(A;;0x7;;;BA)(A;;0x3;;;BO)(A;;0x5;;;SO)(A;;0x1;;;IU)(A;;0x3;;;SU)(A;;0x1;;;S-1-5-3)(A;;0x2;;;S-1-5-33)(A;;0x1;;;S-1-5-32-573)","%SystemRoot%\System32\Winevt\Logs\Microsoft-Windows-Kernel-Power%4Thermal-Operational.evtx","1052672","Circular","Microsoft-Windows-Kernel-Power","System.String[]",,,"64","0","16","1000",
