"69632","False","9/3/2021 15:32:41","8/30/2021 08:54:02","1","6","Microsoft-Windows-Kernel-PnP/Driver Watchdog","Operational","System","True","False","O:BAG:SYD:(A;;0xf0007;;;SY)(A;;0x7;;;BA)(A;;0x3;;;BO)(A;;0x5;;;SO)(A;;0x1;;;IU)(A;;0x3;;;SU)(A;;0x1;;;S-1-5-3)(A;;0x2;;;S-1-5-33)(A;;0x1;;;S-1-5-32-573)","%SystemRoot%\System32\Winevt\Logs\Microsoft-Windows-Kernel-PnP%4Driver Watchdog.evtx","1052672","Circular","Microsoft-Windows-Kernel-PnP","System.String[]",,,"64","0","16","1000",
"3215360","False","9/3/2021 15:27:06","9/3/2021 15:27:06","1","5452","Microsoft-Windows-Kernel-PnP/Device Management","Operational","System","True","False","O:BAG:SYD:(A;;0xf0007;;;SY)(A;;0x7;;;BA)(A;;0x3;;;BO)(A;;0x5;;;SO)(A;;0x1;;;IU)(A;;0x3;;;SU)(A;;0x1;;;S-1-5-3)(A;;0x2;;;S-1-5-33)(A;;0x1;;;S-1-5-32-573)","%SystemRoot%\System32\Winevt\Logs\Microsoft-Windows-Kernel-PnP%4Device Management.evtx","5242880","Circular","Microsoft-Windows-Kernel-PnP","System.String[]",,,"64","0","16","1000",
"1052672","False","9/3/2021 14:10:33","9/3/2021 13:27:05","1018","1495","Microsoft-Windows-Kernel-PnP/Configuration","Operational","System","True","False","O:BAG:SYD:(A;;0xf0007;;;SY)(A;;0x7;;;BA)(A;;0x3;;;BO)(A;;0x5;;;SO)(A;;0x1;;;IU)(A;;0x3;;;SU)(A;;0x1;;;S-1-5-3)(A;;0x2;;;S-1-5-33)(A;;0x1;;;S-1-5-32-573)","%SystemRoot%\System32\Winevt\Logs\Microsoft-Windows-Kernel-PnP%4Configuration.evtx","1052672","Circular","Microsoft-Windows-Kernel-PnP","System.String[]",,,"64","0","16","1000",
"69632","False","9/3/2021 15:32:41","9/3/2021 13:51:46","1","15","Microsoft-Windows-Kernel-LiveDump/Operational","Operational","System","True","False","O:BAG:SYD:(A;;0xf0007;;;SY)(A;;0x7;;;BA)(A;;0x3;;;BO)(A;;0x5;;;SO)(A;;0x1;;;IU)(A;;0x3;;;SU)(A;;0x1;;;S-1-5-3)(A;;0x2;;;S-1-5-33)(A;;0x1;;;S-1-5-32-573)","%SystemRoot%\System32\Winevt\Logs\Microsoft-Windows-Kernel-LiveDump%4Operational.evtx","1052672","Circular","Microsoft-Windows-Kernel-LiveDump","System.String[]",,,"64","0","16","1000",
"69632","False","9/3/2021 15:32:41","6/30/2021 18:10:31","0","0","Microsoft-Windows-Kernel-IO/Operational","Operational","System","True","False","O:BAG:SYD:(A;;0xf0007;;;SY)(A;;0x7;;;BA)(A;;0x3;;;BO)(A;;0x5;;;SO)(A;;0x1;;;IU)(A;;0x3;;;SU)(A;;0x1;;;S-1-5-3)(A;;0x2;;;S-1-5-33)(A;;0x1;;;S-1-5-32-573)","%SystemRoot%\System32\Winevt\Logs\Microsoft-Windows-Kernel-IO%4Operational.evtx","1052672","Circular","Microsoft-Windows-Kernel-IO","System.String[]",,,"64","0","16","1000",
"1052672","False","9/3/2021 14:10:33","9/3/2021 06:11:04","1","481","Microsoft-Windows-Kernel-EventTracing/Admin","Administrative","System","True","False","O:BAG:SYD:(A;;0xf0007;;;SY)(A;;0x7;;;BA)(A;;0x3;;;BO)(A;;0x5;;;SO)(A;;0x1;;;IU)(A;;0x3;;;SU)(A;;0x1;;;S-1-5-3)(A;;0x2;;;S-1-5-33)(A;;0x1;;;S-1-5-32-573)","%SystemRoot%\System32\Winevt\Logs\Microsoft-Windows-Kernel-EventTracing%4Admin.evtx","1052672","Circular","Microsoft-Windows-Kernel-EventTracing","System.String[]",,,"64","0","16","1000",
"69632","False","9/3/2021 15:32:41","6/30/2021 18:10:31","0","0","Microsoft-Windows-Kernel-Dump/Operational","Operational","System","True","False","O:BAG:SYD:(A;;0xf0007;;;SY)(A;;0x7;;;BA)(A;;0x3;;;BO)(A;;0x5;;;SO)(A;;0x1;;;IU)(A;;0x3;;;SU)(A;;0x1;;;S-1-5-3)(A;;0x2;;;S-1-5-33)(A;;0x1;;;S-1-5-32-573)","%SystemRoot%\System32\Winevt\Logs\Microsoft-Windows-Kernel-Dump%4Operational.evtx","1052672","Circular","Microsoft-Windows-Kernel-Dump","System.String[]",,,"64","0","16","1000",
"69632","False","9/3/2021 15:32:41","6/30/2021 18:10:31","0","0","Microsoft-Windows-Kernel-CPU-Starvation/Operational","Operational","System","True","False","O:BAG:SYD:(A;;0xf0007;;;SY)(A;;0x7;;;BA)(A;;0x3;;;BO)(A;;0x5;;;SO)(A;;0x1;;;IU)(A;;0x3;;;SU)(A;;0x1;;;S-1-5-3)(A;;0x2;;;S-1-5-33)(A;;0x1;;;S-1-5-32-573)","%SystemRoot%\System32\Winevt\Logs\Microsoft-Windows-Kernel-CPU-Starvation%4Operational.evtx","1052672","Circular","Microsoft-Windows-Kernel-CPU-Starvation","System.String[]",,,"64","0","16","1000",
"1052672","False","9/3/2021 15:32:41","9/3/2021 15:32:37","1377560","2041","Microsoft-Windows-Kernel-Cache/Operational","Operational","System","True","False","O:BAG:SYD:(A;;0xf0007;;;SY)(A;;0x7;;;BA)(A;;0x3;;;BO)(A;;0x5;;;SO)(A;;0x1;;;IU)(A;;0x3;;;SU)(A;;0x1;;;S-1-5-3)(A;;0x2;;;S-1-5-33)(A;;0x1;;;S-1-5-32-573)","%SystemRoot%\System32\Winevt\Logs\Microsoft-Windows-Kernel-Cache%4Operational.evtx","1052672","Circular","Microsoft-Windows-Kernel-Cache","System.String[]",,,"64","0","16","1000",
"69632","False","9/3/2021 15:32:41","9/3/2021 06:11:04","1","116","Microsoft-Windows-Kernel-Boot/Operational","Operational","System","True","False","O:BAG:SYD:(A;;0xf0007;;;SY)(A;;0x7;;;BA)(A;;0x3;;;BO)(A;;0x5;;;SO)(A;;0x1;;;IU)(A;;0x3;;;SU)(A;;0x1;;;S-1-5-3)(A;;0x2;;;S-1-5-33)(A;;0x1;;;S-1-5-32-573)","%SystemRoot%\System32\Winevt\Logs\Microsoft-Windows-Kernel-Boot%4Operational.evtx","1052672","Circular","Microsoft-Windows-Kernel-Boot","System.String[]",,,"64","0","16","1000",
"69632","False","9/3/2021 15:32:41","6/30/2021 18:10:31","0","0","Microsoft-Windows-Kernel-ApphelpCache/Operational","Operational","Application","True","False","O:BAG:SYD:(A;;0x2;;;S-1-15-2-1)(A;;0x2;;;S-1-15-3-1024-3153509613-960666767-3724611135-2725662640-12138253-543910227-1950414635-4190290187)(A;;0xf0007;;;SY)(A;;0x7;;;BA)(A;;0x7;;;SO)(A;;0x3;;;IU)(A;;0x3;;;SU)(A;;0x3;;;S-1-5-3)(A;;0x3;;;S-1-5-33)(A;;0x1;;;S-1-5-32-573)","%SystemRoot%\System32\Winevt\Logs\Microsoft-Windows-Kernel-ApphelpCache%4Operational.evtx","1052672","Circular","Microsoft-Windows-ApplicationExperience-Cache","System.String[]",,,"64","0","64","1000",
,,,,,,"Microsoft-Windows-Kerberos/Operational","Operational","System","False","False","O:BAG:SYD:(A;;0xf0007;;;SY)(A;;0x7;;;BA)(A;;0x3;;;BO)(A;;0x5;;;SO)(A;;0x1;;;IU)(A;;0x3;;;SU)(A;;0x1;;;S-1-5-3)(A;;0x2;;;S-1-5-33)(A;;0x1;;;S-1-5-32-573)","%SystemRoot%\System32\Winevt\Logs\Microsoft-Windows-Kerberos%4Operational.evtx","1052672","Circular","Microsoft-Windows-Security-Kerberos","System.String[]",,,"64","0","16","1000",
"69632","False","9/3/2021 15:32:41","6/30/2021 18:10:31","0","0","Microsoft-Windows-KdsSvc/Operational","Operational","System","True","False","O:BAG:SYD:(A;;0xf0007;;;SY)(A;;0x7;;;BA)(A;;0x3;;;BO)(A;;0x5;;;SO)(A;;0x1;;;IU)(A;;0x3;;;SU)(A;;0x1;;;S-1-5-3)(A;;0x2;;;S-1-5-33)(A;;0x1;;;S-1-5-32-573)","%SystemRoot%\System32\Winevt\Logs\Microsoft-Windows-KdsSvc%4Operational.evtx","1052672","Circular","Microsoft-Windows-KdsSvc","System.String[]",,,"64","0","16","1000",
"69632","False","9/3/2021 15:32:41","6/30/2021 18:10:31","0","0","Microsoft-Windows-IPxlatCfg/Operational","Operational","Application","True","False","O:BAG:SYD:(A;;0x2;;;S-1-15-2-1)(A;;0x2;;;S-1-15-3-1024-3153509613-960666767-3724611135-2725662640-12138253-543910227-1950414635-4190290187)(A;;0xf0007;;;SY)(A;;0x7;;;BA)(A;;0x7;;;SO)(A;;0x3;;;IU)(A;;0x3;;;SU)(A;;0x3;;;S-1-5-3)(A;;0x3;;;S-1-5-33)(A;;0x1;;;S-1-5-32-573)","%SystemRoot%\System32\Winevt\Logs\Microsoft-Windows-IPxlatCfg%4Operational.evtx","1052672","Circular","Microsoft-Windows-IPxlatCfg","System.String[]",,,"64","0","64","1000",
"69632","False","9/3/2021 15:32:41","6/30/2021 18:10:31","0","0","Microsoft-Windows-Iphlpsvc/Operational","Operational","Application","True","False","O:BAG:SYD:(A;;0x2;;;S-1-15-2-1)(A;;0x2;;;S-1-15-3-1024-3153509613-960666767-3724611135-2725662640-12138253-543910227-1950414635-4190290187)(A;;0xf0007;;;SY)(A;;0x7;;;BA)(A;;0x7;;;SO)(A;;0x3;;;IU)(A;;0x3;;;SU)(A;;0x3;;;S-1-5-3)(A;;0x3;;;S-1-5-33)(A;;0x1;;;S-1-5-32-573)","%SystemRoot%\System32\Winevt\Logs\Microsoft-Windows-Iphlpsvc%4Operational.evtx","1052672","Circular","Microsoft-Windows-Iphlpsvc","System.String[]",,,"64","0","64","1000",
"69632","False","9/3/2021 15:32:41","6/30/2021 18:10:31","0","0","Microsoft-Windows-International/Operational","Operational","Application","True","False","O:BAG:SYD:(A;;0x2;;;S-1-15-2-1)(A;;0x2;;;S-1-15-3-1024-3153509613-960666767-3724611135-2725662640-12138253-543910227-1950414635-4190290187)(A;;0xf0007;;;SY)(A;;0x7;;;BA)(A;;0x7;;;SO)(A;;0x3;;;IU)(A;;0x3;;;SU)(A;;0x3;;;S-1-5-3)(A;;0x3;;;S-1-5-33)(A;;0x1;;;S-1-5-32-573)","%SystemRoot%\System32\Winevt\Logs\Microsoft-Windows-International%4Operational.evtx","1052672","Circular","Microsoft-Windows-International","System.String[]",,,"64","0","64","1000",
"69632","False","9/3/2021 15:32:41","6/30/2021 18:10:31","0","0","Microsoft-Windows-International-RegionalOptionsControlPanel/Operational","Operational","Application","True","False","O:BAG:SYD:(A;;0x2;;;S-1-15-2-1)(A;;0x2;;;S-1-15-3-1024-3153509613-960666767-3724611135-2725662640-12138253-543910227-1950414635-4190290187)(A;;0xf0007;;;SY)(A;;0x7;;;BA)(A;;0x7;;;SO)(A;;0x3;;;IU)(A;;0x3;;;SU)(A;;0x3;;;S-1-5-3)(A;;0x3;;;S-1-5-33)(A;;0x1;;;S-1-5-32-573)","%SystemRoot%\System32\Winevt\Logs\Microsoft-Windows-International-RegionalOptionsControlPanel%4Operational.evtx","1052672","Circular","Microsoft-Windows-International-RegionalOptionsControlPanel","System.String[]",,,"64","0","64","1000",
"69632","False","9/3/2021 15:32:41","6/30/2021 18:10:31","0","0","Microsoft-Windows-IKE/Operational","Operational","System","True","False","O:BAG:SYD:(A;;0xf0007;;;SY)(A;;0x7;;;BA)(A;;0x3;;;BO)(A;;0x5;;;SO)(A;;0x1;;;IU)(A;;0x3;;;SU)(A;;0x1;;;S-1-5-3)(A;;0x2;;;S-1-5-33)(A;;0x1;;;S-1-5-32-573)","%SystemRoot%\System32\Winevt\Logs\Microsoft-Windows-IKE%4Operational.evtx","1052672","Circular","Microsoft-Windows-WFP","System.String[]",,,"64","0","16","1000",
"69632","False","9/3/2021 15:32:41","6/30/2021 18:10:31","0","0","Microsoft-Windows-IdCtrls/Operational","Operational","Application","True","False","O:BAG:SYD:(A;;0x2;;;S-1-15-2-1)(A;;0x2;;;S-1-15-3-1024-3153509613-960666767-3724611135-2725662640-12138253-543910227-1950414635-4190290187)(A;;0xf0007;;;SY)(A;;0x7;;;BA)(A;;0x7;;;SO)(A;;0x3;;;IU)(A;;0x3;;;SU)(A;;0x3;;;S-1-5-3)(A;;0x3;;;S-1-5-33)(A;;0x1;;;S-1-5-32-573)","%SystemRoot%\System32\Winevt\Logs\Microsoft-Windows-IdCtrls%4Operational.evtx","1052672","Circular","Microsoft-Windows-IdCtrls","System.String[]",,,"64","0","64","1000",
"1052672","False","9/3/2021 15:32:48","9/3/2021 15:32:48","4592002","1583","Microsoft-Windows-Hyper-V-VmSwitch-Operational","Operational","System","True","False","O:BAG:SYD:(A;;0xf0007;;;SY)(A;;0x7;;;BA)(A;;0x3;;;BO)(A;;0x5;;;SO)(A;;0x1;;;IU)(A;;0x3;;;SU)(A;;0x1;;;S-1-5-3)(A;;0x2;;;S-1-5-33)(A;;0x1;;;S-1-5-32-573)","%SystemRoot%\System32\Winevt\Logs\Microsoft-Windows-Hyper-V-VmSwitch-Operational.evtx","1052672","Circular","Microsoft-Windows-Hyper-V-VmSwitch","System.String[]",,,"64","0","16","1000",
,,,,,,"Microsoft-Windows-Hyper-V-VMSP-Admin","Administrative","System","False","False","O:BAG:SYD:(A;;0xf0007;;;SY)(A;;0x7;;;BA)(A;;0x3;;;BO)(A;;0x5;;;SO)(A;;0x1;;;IU)(A;;0x3;;;SU)(A;;0x1;;;S-1-5-3)(A;;0x2;;;S-1-5-33)(A;;0x1;;;S-1-5-32-573)","%SystemRoot%\System32\Winevt\Logs\Microsoft-Windows-Hyper-V-VMSP-Admin.evtx","1052672","Circular","Microsoft-Windows-Hyper-V-VMSP","System.String[]",,,"64","0","16","1000",
,,,,,,"Microsoft-Windows-Hyper-V-Guest-Drivers/Operational","Operational","System","False","False","O:BAG:SYD:(A;;0xf0007;;;SY)(A;;0x7;;;BA)(A;;0x3;;;BO)(A;;0x5;;;SO)(A;;0x1;;;IU)(A;;0x3;;;SU)(A;;0x1;;;S-1-5-3)(A;;0x2;;;S-1-5-33)(A;;0x1;;;S-1-5-32-573)","%SystemRoot%\System32\Winevt\Logs\Microsoft-Windows-Hyper-V-Guest-Drivers%4Operational.evtx","1052672","Circular","Microsoft-Windows-Hyper-V-Guest-Drivers-Dynamic-Memory","System.String[]",,,"64","0","16","1000",
"69632","False","9/3/2021 15:32:41","6/30/2021 18:10:31","0","0","Microsoft-Windows-Hyper-V-Guest-Drivers/Admin","Administrative","System","True","False","O:BAG:SYD:(A;;0xf0007;;;SY)(A;;0x7;;;BA)(A;;0x3;;;BO)(A;;0x5;;;SO)(A;;0x1;;;IU)(A;;0x3;;;SU)(A;;0x1;;;S-1-5-3)(A;;0x2;;;S-1-5-33)(A;;0x1;;;S-1-5-32-573)","%SystemRoot%\System32\Winevt\Logs\Microsoft-Windows-Hyper-V-Guest-Drivers%4Admin.evtx","1052672","Circular","Microsoft-Windows-Hyper-V-Guest-Drivers-Dynamic-Memory","System.String[]",,,"64","0","16","1000",
,,,,,,"Microsoft-Windows-HttpService/Trace","Operational","Application","False","False","O:BAG:SYD:(A;;0x2;;;S-1-15-2-1)(A;;0x2;;;S-1-15-3-1024-3153509613-960666767-3724611135-2725662640-12138253-543910227-1950414635-4190290187)(A;;0xf0007;;;SY)(A;;0x7;;;BA)(A;;0x7;;;SO)(A;;0x3;;;IU)(A;;0x3;;;SU)(A;;0x3;;;S-1-5-3)(A;;0x3;;;S-1-5-33)(A;;0x1;;;S-1-5-32-573)","%SystemRoot%\System32\Winevt\Logs\Microsoft-Windows-HttpService%4Trace.evtx","1052672","Circular","Microsoft-Windows-HttpService","System.String[]",,,"64","0","64","1000",
,,,,,,"Microsoft-Windows-HttpService/Log","Operational","Application","False","False","O:BAG:SYD:(A;;0x2;;;S-1-15-2-1)(A;;0x2;;;S-1-15-3-1024-3153509613-960666767-3724611135-2725662640-12138253-543910227-1950414635-4190290187)(A;;0xf0007;;;SY)(A;;0x7;;;BA)(A;;0x7;;;SO)(A;;0x3;;;IU)(A;;0x3;;;SU)(A;;0x3;;;S-1-5-3)(A;;0x3;;;S-1-5-33)(A;;0x1;;;S-1-5-32-573)","%SystemRoot%\System32\Winevt\Logs\Microsoft-Windows-HttpService%4Log.evtx","1052672","Circular","Microsoft-Windows-HttpLog","System.String[]",,,"64","0","64","1000",
"69632","False","9/3/2021 15:32:41","6/30/2021 18:10:31","0","0","Microsoft-Windows-HotspotAuth/Operational","Operational","Application","True","False","O:BAG:SYD:(A;;0x2;;;S-1-15-2-1)(A;;0x2;;;S-1-15-3-1024-3153509613-960666767-3724611135-2725662640-12138253-543910227-1950414635-4190290187)(A;;0xf0007;;;SY)(A;;0x7;;;BA)(A;;0x7;;;SO)(A;;0x3;;;IU)(A;;0x3;;;SU)(A;;0x3;;;S-1-5-3)(A;;0x3;;;S-1-5-33)(A;;0x1;;;S-1-5-32-573)","%SystemRoot%\System32\Winevt\Logs\Microsoft-Windows-HotspotAuth%4Operational.evtx","1052672","Circular","Microsoft-Windows-HotspotAuth","System.String[]",,,"64","0","64","1000",
"69632","False","9/3/2021 15:32:41","6/30/2021 18:10:31","0","0","Microsoft-Windows-HostGuardianService-Client/Operational","Operational","Application","True","False","O:BAG:SYD:(A;;0x2;;;S-1-15-2-1)(A;;0x2;;;S-1-15-3-1024-3153509613-960666767-3724611135-2725662640-12138253-543910227-1950414635-4190290187)(A;;0xf0007;;;SY)(A;;0x7;;;BA)(A;;0x7;;;SO)(A;;0x3;;;IU)(A;;0x3;;;SU)(A;;0x3;;;S-1-5-3)(A;;0x3;;;S-1-5-33)(A;;0x1;;;S-1-5-32-573)","%SystemRoot%\System32\Winevt\Logs\Microsoft-Windows-HostGuardianService-Client%4Operational.evtx","105267200","Circular","Microsoft-Windows-HostGuardianService-Client","System.String[]",,,"64","0","64","1000",
"69632","False","9/3/2021 15:32:41","6/30/2021 18:10:31","0","0","Microsoft-Windows-HostGuardianService-Client/Admin","Administrative","Application","True","False","O:BAG:SYD:(A;;0x2;;;S-1-15-2-1)(A;;0x2;;;S-1-15-3-1024-3153509613-960666767-3724611135-2725662640-12138253-543910227-1950414635-4190290187)(A;;0xf0007;;;SY)(A;;0x7;;;BA)(A;;0x7;;;SO)(A;;0x3;;;IU)(A;;0x3;;;SU)(A;;0x3;;;S-1-5-3)(A;;0x3;;;S-1-5-33)(A;;0x1;;;S-1-5-32-573)","%SystemRoot%\System32\Winevt\Logs\Microsoft-Windows-HostGuardianService-Client%4Admin.evtx","1052672","Circular","Microsoft-Windows-HostGuardianService-Client","System.String[]",,,"64","0","64","1000",
"69632","False","9/3/2021 15:32:41","6/30/2021 18:10:31","0","0","Microsoft-Windows-HostGuardianService-CA/Operational","Operational","Application","True","False","O:BAG:SYD:(A;;0x2;;;S-1-15-2-1)(A;;0x2;;;S-1-15-3-1024-3153509613-960666767-3724611135-2725662640-12138253-543910227-1950414635-4190290187)(A;;0xf0007;;;SY)(A;;0x7;;;BA)(A;;0x7;;;SO)(A;;0x3;;;IU)(A;;0x3;;;SU)(A;;0x3;;;S-1-5-3)(A;;0x3;;;S-1-5-33)(A;;0x1;;;S-1-5-32-573)","%SystemRoot%\System32\Winevt\Logs\Microsoft-Windows-HostGuardianService-CA%4Operational.evtx","1052672","Circular","Microsoft-Windows-HostGuardianService-CA","System.String[]",,,"64","0","64","1000",
"69632","False","9/3/2021 15:32:41","6/30/2021 18:10:31","0","0","Microsoft-Windows-HostGuardianService-CA/Admin","Administrative","Application","True","False","O:BAG:SYD:(A;;0x2;;;S-1-15-2-1)(A;;0x2;;;S-1-15-3-1024-3153509613-960666767-3724611135-2725662640-12138253-543910227-1950414635-4190290187)(A;;0xf0007;;;SY)(A;;0x7;;;BA)(A;;0x7;;;SO)(A;;0x3;;;IU)(A;;0x3;;;SU)(A;;0x3;;;S-1-5-3)(A;;0x3;;;S-1-5-33)(A;;0x1;;;S-1-5-32-573)","%SystemRoot%\System32\Winevt\Logs\Microsoft-Windows-HostGuardianService-CA%4Admin.evtx","1052672","Circular","Microsoft-Windows-HostGuardianService-CA","System.String[]",,,"64","0","64","1000",
"69632","False","9/3/2021 15:32:41","6/30/2021 18:10:31","0","0","Microsoft-Windows-HostGuardianClient-Service/Operational","Operational","Application","True","False","O:BAG:SYD:(A;;0x2;;;S-1-15-2-1)(A;;0x2;;;S-1-15-3-1024-3153509613-960666767-3724611135-2725662640-12138253-543910227-1950414635-4190290187)(A;;0xf0007;;;SY)(A;;0x7;;;BA)(A;;0x7;;;SO)(A;;0x3;;;IU)(A;;0x3;;;SU)(A;;0x3;;;S-1-5-3)(A;;0x3;;;S-1-5-33)(A;;0x1;;;S-1-5-32-573)","%SystemRoot%\System32\Winevt\Logs\Microsoft-Windows-HostGuardianClient-Service%4Operational.evtx","1052672","Circular","Microsoft-Windows-HostGuardianClient-Service","System.String[]",,,"64","0","64","1000",
"69632","False","9/3/2021 15:32:41","6/30/2021 18:10:31","0","0","Microsoft-Windows-HostGuardianClient-Service/Admin","Administrative","Application","True","False","O:BAG:SYD:(A;;0x2;;;S-1-15-2-1)(A;;0x2;;;S-1-15-3-1024-3153509613-960666767-3724611135-2725662640-12138253-543910227-1950414635-4190290187)(A;;0xf0007;;;SY)(A;;0x7;;;BA)(A;;0x7;;;SO)(A;;0x3;;;IU)(A;;0x3;;;SU)(A;;0x3;;;S-1-5-3)(A;;0x3;;;S-1-5-33)(A;;0x1;;;S-1-5-32-573)","%SystemRoot%\System32\Winevt\Logs\Microsoft-Windows-HostGuardianClient-Service%4Admin.evtx","1052672","Circular","Microsoft-Windows-HostGuardianClient-Service","System.String[]",,,"64","0","64","1000",
"69632","False","9/3/2021 15:32:41","6/30/2021 18:10:31","0","0","Microsoft-Windows-HomeGroup Provider Service/Operational","Operational","Application","True","False","O:BAG:SYD:(A;;0x2;;;S-1-15-2-1)(A;;0x2;;;S-1-15-3-1024-3153509613-960666767-3724611135-2725662640-12138253-543910227-1950414635-4190290187)(A;;0xf0007;;;SY)(A;;0x7;;;BA)(A;;0x7;;;SO)(A;;0x3;;;IU)(A;;0x3;;;SU)(A;;0x3;;;S-1-5-3)(A;;0x3;;;S-1-5-33)(A;;0x1;;;S-1-5-32-573)","%SystemRoot%\System32\Winevt\Logs\Microsoft-Windows-HomeGroup Provider Service%4Operational.evtx","1052672","Circular","Microsoft-Windows-HomeGroup-ProviderService","System.String[]",,,"64","0","64","1000",
"69632","False","9/3/2021 15:32:41","6/30/2021 18:10:31","0","0","Microsoft-Windows-HomeGroup Listener Service/Operational","Operational","Application","True","False","O:BAG:SYD:(A;;0x2;;;S-1-15-2-1)(A;;0x2;;;S-1-15-3-1024-3153509613-960666767-3724611135-2725662640-12138253-543910227-1950414635-4190290187)(A;;0xf0007;;;SY)(A;;0x7;;;BA)(A;;0x7;;;SO)(A;;0x3;;;IU)(A;;0x3;;;SU)(A;;0x3;;;S-1-5-3)(A;;0x3;;;S-1-5-33)(A;;0x1;;;S-1-5-32-573)","%SystemRoot%\System32\Winevt\Logs\Microsoft-Windows-HomeGroup Listener Service%4Operational.evtx","1052672","Circular","Microsoft-Windows-HomeGroup-ListenerService","System.String[]",,,"64","0","64","1000",
"69632","False","9/3/2021 15:32:41","6/30/2021 18:10:31","0","0","Microsoft-Windows-HomeGroup Control Panel/Operational","Operational","Application","True","False","O:BAG:SYD:(A;;0x2;;;S-1-15-2-1)(A;;0x2;;;S-1-15-3-1024-3153509613-960666767-3724611135-2725662640-12138253-543910227-1950414635-4190290187)(A;;0xf0007;;;SY)(A;;0x7;;;BA)(A;;0x7;;;SO)(A;;0x3;;;IU)(A;;0x3;;;SU)(A;;0x3;;;S-1-5-3)(A;;0x3;;;S-1-5-33)(A;;0x1;;;S-1-5-32-573)","%SystemRoot%\System32\Winevt\Logs\Microsoft-Windows-HomeGroup Control Panel%4Operational.evtx","1052672","Circular","Microsoft-Windows-HomeGroup-ControlPanel","System.String[]",,,"64","0","64","1000",
"69632","False","9/3/2021 15:32:41","6/30/2021 18:10:31","0","0","Microsoft-Windows-hidcfu/Operational","Operational","Application","True","False","O:BAG:SYD:(A;;0x2;;;S-1-15-2-1)(A;;0x2;;;S-1-15-3-1024-3153509613-960666767-3724611135-2725662640-12138253-543910227-1950414635-4190290187)(A;;0xf0007;;;SY)(A;;0x7;;;BA)(A;;0x7;;;SO)(A;;0x3;;;IU)(A;;0x3;;;SU)(A;;0x3;;;S-1-5-3)(A;;0x3;;;S-1-5-33)(A;;0x1;;;S-1-5-32-573)","%SystemRoot%\System32\Winevt\Logs\Microsoft-Windows-hidcfu%4Operational.evtx","1052672","Circular","Microsoft-Windows-hidcfu","System.String[]",,,"64","0","64","1000",
"1052672","False","9/3/2021 14:10:33","9/3/2021 06:24:43","1","660","Microsoft-Windows-HelloForBusiness/Operational","Operational","Application","True","False","O:BAG:SYD:(A;;0x2;;;S-1-15-2-1)(A;;0x2;;;S-1-15-3-1024-3153509613-960666767-3724611135-2725662640-12138253-543910227-1950414635-4190290187)(A;;0xf0007;;;SY)(A;;0x7;;;BA)(A;;0x7;;;SO)(A;;0x3;;;IU)(A;;0x3;;;SU)(A;;0x3;;;S-1-5-3)(A;;0x3;;;S-1-5-33)(A;;0x1;;;S-1-5-32-573)","%SystemRoot%\System32\Winevt\Logs\Microsoft-Windows-HelloForBusiness%4Operational.evtx","1052672","Circular","Microsoft-Windows-HelloForBusiness","System.String[]",,,"64","0","64","1000",
"69632","False","9/3/2021 15:32:41","6/30/2021 18:10:31","0","0","Microsoft-Windows-Guest-Network-Service-Operational","Operational","Application","True","False","O:BAG:SYD:(A;;0x2;;;S-1-15-2-1)(A;;0x2;;;S-1-15-3-1024-3153509613-960666767-3724611135-2725662640-12138253-543910227-1950414635-4190290187)(A;;0xf0007;;;SY)(A;;0x7;;;BA)(A;;0x7;;;SO)(A;;0x3;;;IU)(A;;0x3;;;SU)(A;;0x3;;;S-1-5-3)(A;;0x3;;;S-1-5-33)(A;;0x1;;;S-1-5-32-573)","%SystemRoot%\System32\Winevt\Logs\Microsoft-Windows-Guest-Network-Service-Operational.evtx","1052672","Circular","Microsoft-Windows-Guest-Network-Service","System.String[]",,,"64","0","64","1000",
"69632","False","9/3/2021 15:32:41","6/30/2021 18:10:31","0","0","Microsoft-Windows-Guest-Network-Service-Admin","Administrative","Application","True","False","O:BAG:SYD:(A;;0x2;;;S-1-15-2-1)(A;;0x2;;;S-1-15-3-1024-3153509613-960666767-3724611135-2725662640-12138253-543910227-1950414635-4190290187)(A;;0xf0007;;;SY)(A;;0x7;;;BA)(A;;0x7;;;SO)(A;;0x3;;;IU)(A;;0x3;;;SU)(A;;0x3;;;S-1-5-3)(A;;0x3;;;S-1-5-33)(A;;0x1;;;S-1-5-32-573)","%SystemRoot%\System32\Winevt\Logs\Microsoft-Windows-Guest-Network-Service-Admin.evtx","1052672","Circular","Microsoft-Windows-Guest-Network-Service","System.String[]",,,"64","0","64","1000",
,,,,,,"Microsoft-Windows-glcnd/Admin","Operational","Application","False","False","O:BAG:SYD:(A;;0x2;;;S-1-15-2-1)(A;;0x2;;;S-1-15-3-1024-3153509613-960666767-3724611135-2725662640-12138253-543910227-1950414635-4190290187)(A;;0xf0007;;;SY)(A;;0x7;;;BA)(A;;0x7;;;SO)(A;;0x3;;;IU)(A;;0x3;;;SU)(A;;0x3;;;S-1-5-3)(A;;0x3;;;S-1-5-33)(A;;0x1;;;S-1-5-32-573)","%SystemRoot%\System32\Winevt\Logs\Microsoft-Windows-glcnd%4Admin.evtx","1052672","Circular","Microsoft-Windows-PDFReader","System.String[]",,,"64","0","64","1000",
"69632","False","9/3/2021 15:32:41","6/30/2021 18:10:31","0","0","Microsoft-Windows-GenericRoaming/Admin","Administrative","Application","True","False","O:BAG:SYD:(A;;0x2;;;S-1-15-2-1)(A;;0x2;;;S-1-15-3-1024-3153509613-960666767-3724611135-2725662640-12138253-543910227-1950414635-4190290187)(A;;0xf0007;;;SY)(A;;0x7;;;BA)(A;;0x7;;;SO)(A;;0x3;;;IU)(A;;0x3;;;SU)(A;;0x3;;;S-1-5-3)(A;;0x3;;;S-1-5-33)(A;;0x1;;;S-1-5-32-573)","%SystemRoot%\System32\Winevt\Logs\Microsoft-Windows-GenericRoaming%4Admin.evtx","1052672","Circular","Microsoft-Windows-GenericRoaming","System.String[]",,,"64","0","64","1000",
"69632","False","9/3/2021 15:32:41","6/30/2021 18:10:31","0","0","Microsoft-Windows-Forwarding/Operational","Operational","Application","True","False","O:BAG:SYD:(A;;0x2;;;S-1-15-2-1)(A;;0x2;;;S-1-15-3-1024-3153509613-960666767-3724611135-2725662640-12138253-543910227-1950414635-4190290187)(A;;0xf0007;;;SY)(A;;0x7;;;BA)(A;;0x7;;;SO)(A;;0x3;;;IU)(A;;0x3;;;SU)(A;;0x3;;;S-1-5-3)(A;;0x3;;;S-1-5-33)(A;;0x1;;;S-1-5-32-573)","%SystemRoot%\System32\Winevt\Logs\Microsoft-Windows-Forwarding%4Operational.evtx","1052672","Circular","Microsoft-Windows-Forwarding","System.String[]",,,"64","0","64","1000",
"69632","False","9/3/2021 15:32:41","6/30/2021 18:10:31","0","0","Microsoft-Windows-Folder Redirection/Operational","Operational","Application","True","False","O:BAG:SYD:(A;;0x2;;;S-1-15-2-1)(A;;0x2;;;S-1-15-3-1024-3153509613-960666767-3724611135-2725662640-12138253-543910227-1950414635-4190290187)(A;;0xf0007;;;SY)(A;;0x7;;;BA)(A;;0x7;;;SO)(A;;0x3;;;IU)(A;;0x3;;;SU)(A;;0x3;;;S-1-5-3)(A;;0x3;;;S-1-5-33)(A;;0x1;;;S-1-5-32-573)","%SystemRoot%\System32\Winevt\Logs\Microsoft-Windows-Folder Redirection%4Operational.evtx","4194304","Circular","Microsoft-Windows-Folder Redirection","System.String[]",,,"64","0","64","1000",
"69632","False","9/3/2021 15:32:41","6/30/2021 18:10:31","0","0","Microsoft-Windows-FMS/Operational","Operational","System","True","False","O:BAG:SYD:(A;;0xf0007;;;SY)(A;;0x7;;;BA)(A;;0x3;;;BO)(A;;0x5;;;SO)(A;;0x1;;;IU)(A;;0x3;;;SU)(A;;0x1;;;S-1-5-3)(A;;0x2;;;S-1-5-33)(A;;0x1;;;S-1-5-32-573)","%SystemRoot%\System32\Winevt\Logs\Microsoft-Windows-FMS%4Operational.evtx","1052672","Circular","Microsoft-Windows-FMS","System.String[]",,,"64","0","16","1000",
"69632","False","9/3/2021 15:32:41","6/30/2021 18:10:31","0","0","Microsoft-Windows-FileHistory-Core/WHC","Operational","Application","True","False","O:BAG:SYD:(A;;0x2;;;S-1-15-2-1)(A;;0x2;;;S-1-15-3-1024-3153509613-960666767-3724611135-2725662640-12138253-543910227-1950414635-4190290187)(A;;0xf0007;;;SY)(A;;0x7;;;BA)(A;;0x7;;;SO)(A;;0x3;;;IU)(A;;0x3;;;SU)(A;;0x3;;;S-1-5-3)(A;;0x3;;;S-1-5-33)(A;;0x1;;;S-1-5-32-573)","%SystemRoot%\System32\Winevt\Logs\Microsoft-Windows-FileHistory-Core%4WHC.evtx","1052672","Circular","Microsoft-Windows-FileHistory-Core","System.String[]",,,"64","0","64","1000",
"69632","False","9/3/2021 15:32:41","6/30/2021 18:10:31","0","0","Microsoft-Windows-FeatureConfiguration/Operational","Operational","Application","True","False","O:BAG:SYD:(A;;0x2;;;S-1-15-2-1)(A;;0x2;;;S-1-15-3-1024-3153509613-960666767-3724611135-2725662640-12138253-543910227-1950414635-4190290187)(A;;0xf0007;;;SY)(A;;0x7;;;BA)(A;;0x7;;;SO)(A;;0x3;;;IU)(A;;0x3;;;SU)(A;;0x3;;;S-1-5-3)(A;;0x3;;;S-1-5-33)(A;;0x1;;;S-1-5-32-573)","%SystemRoot%\System32\Winevt\Logs\Microsoft-Windows-FeatureConfiguration%4Operational.evtx","1052672","Circular","Microsoft-Windows-FeatureConfiguration","System.String[]",,,"64","0","64","1000",
"69632","False","9/3/2021 15:32:41","9/3/2021 06:24:43","1","32","Microsoft-Windows-Fault-Tolerant-Heap/Operational","Operational","System","True","False","O:BAG:SYD:(A;;0xf0007;;;SY)(A;;0x7;;;BA)(A;;0x3;;;BO)(A;;0x5;;;SO)(A;;0x1;;;IU)(A;;0x3;;;SU)(A;;0x1;;;S-1-5-3)(A;;0x2;;;S-1-5-33)(A;;0x1;;;S-1-5-32-573)","%SystemRoot%\System32\Winevt\Logs\Microsoft-Windows-Fault-Tolerant-Heap%4Operational.evtx","1052672","Circular","Microsoft-Windows-Fault-Tolerant-Heap","System.String[]",,,"64","0","16","1000",
"69632","False","9/3/2021 15:32:41","6/30/2021 18:10:31","0","0","Microsoft-Windows-EventCollector/Operational","Operational","System","True","False","O:BAG:SYD:(A;;0xf0007;;;SY)(A;;0x7;;;BA)(A;;0x3;;;BO)(A;;0x5;;;SO)(A;;0x1;;;IU)(A;;0x3;;;SU)(A;;0x1;;;S-1-5-3)(A;;0x2;;;S-1-5-33)(A;;0x1;;;S-1-5-32-573)","%SystemRoot%\System32\Winevt\Logs\Microsoft-Windows-EventCollector%4Operational.evtx","1052672","Circular","Microsoft-Windows-EventCollector","System.String[]",,,"64","0","16","1000",
,,,,,,"Microsoft-Windows-ESE/Operational","Operational","Application","False","False","O:BAG:SYD:(A;;0x2;;;S-1-15-2-1)(A;;0x2;;;S-1-15-3-1024-3153509613-960666767-3724611135-2725662640-12138253-543910227-1950414635-4190290187)(A;;0xf0007;;;SY)(A;;0x7;;;BA)(A;;0x7;;;SO)(A;;0x3;;;IU)(A;;0x3;;;SU)(A;;0x3;;;S-1-5-3)(A;;0x3;;;S-1-5-33)(A;;0x1;;;S-1-5-32-573)","%SystemRoot%\System32\Winevt\Logs\Microsoft-Windows-ESE%4Operational.evtx","1052672","Circular","Microsoft-Windows-ESE","System.String[]",,,"64","0","64","1000",
"1052672","False","9/3/2021 14:10:33","9/3/2021 06:11:04","1","662","Microsoft-Windows-EnhancedStorage-EhStorClass/Operational","Operational","System","True","False","O:BAG:SYD:(A;;0xf0007;;;SY)(A;;0x7;;;BA)(A;;0x3;;;BO)(A;;0x5;;;SO)(A;;0x1;;;IU)(A;;0x3;;;SU)(A;;0x1;;;S-1-5-3)(A;;0x2;;;S-1-5-33)(A;;0x1;;;S-1-5-32-573)","%SystemRoot%\System32\Winevt\Logs\Microsoft-Windows-EnhancedStorage-EhStorClass%4Operational.evtx","1052672","Circular","Microsoft-Windows-EnhancedStorage-ClassDriver","System.String[]",,,"64","0","16","1000",
,,,,,,"Microsoft-Windows-Energy-Estimation-Engine/EventLog","Operational","Application","False","False","O:BAG:SYD:(A;;0x2;;;S-1-15-2-1)(A;;0x2;;;S-1-15-3-1024-3153509613-960666767-3724611135-2725662640-12138253-543910227-1950414635-4190290187)(A;;0xf0007;;;SY)(A;;0x7;;;BA)(A;;0x7;;;SO)(A;;0x3;;;IU)(A;;0x3;;;SU)(A;;0x3;;;S-1-5-3)(A;;0x3;;;S-1-5-33)(A;;0x1;;;S-1-5-32-573)","%SystemRoot%\System32\Winevt\Logs\Microsoft-Windows-Energy-Estimation-Engine%4EventLog.evtx","1052672","Circular","Microsoft-Windows-Energy-Estimation-Engine","System.String[]",,,"64","0","64","1000",
"69632","False","9/3/2021 15:32:41","6/30/2021 18:10:31","0","0","Microsoft-Windows-EDP-Audit-TCB/Admin","Administrative","Application","True","False","O:BAG:SYD:(A;;0x2;;;S-1-15-2-1)(A;;0x2;;;S-1-15-3-1024-3153509613-960666767-3724611135-2725662640-12138253-543910227-1950414635-4190290187)(A;;0xf0007;;;SY)(A;;0x7;;;BA)(A;;0x7;;;SO)(A;;0x3;;;IU)(A;;0x3;;;SU)(A;;0x3;;;S-1-5-3)(A;;0x3;;;S-1-5-33)(A;;0x1;;;S-1-5-32-573)","%SystemRoot%\System32\Winevt\Logs\Microsoft-Windows-EDP-Audit-TCB%4Admin.evtx","1052672","Circular","Microsoft-Windows-EDP-Audit-TCB","System.String[]",,,"64","0","64","1000",
"69632","False","9/3/2021 15:32:41","6/30/2021 18:10:31","0","0","Microsoft-Windows-EDP-Audit-Regular/Admin","Administrative","Application","True","False","O:BAG:SYD:(A;;0x2;;;S-1-15-2-1)(A;;0x2;;;S-1-15-3-1024-3153509613-960666767-3724611135-2725662640-12138253-543910227-1950414635-4190290187)(A;;0xf0007;;;SY)(A;;0x7;;;BA)(A;;0x7;;;SO)(A;;0x3;;;IU)(A;;0x3;;;SU)(A;;0x3;;;S-1-5-3)(A;;0x3;;;S-1-5-33)(A;;0x1;;;S-1-5-32-573)","%SystemRoot%\System32\Winevt\Logs\Microsoft-Windows-EDP-Audit-Regular%4Admin.evtx","1052672","Circular","Microsoft-Windows-EDP-Audit-Regular","System.String[]",,,"64","0","64","1000",
"69632","False","9/3/2021 15:32:41","6/30/2021 18:10:31","0","0","Microsoft-Windows-EDP-Application-Learning/Admin","Administrative","Application","True","False","O:BAG:SYD:(A;;0x2;;;S-1-15-2-1)(A;;0x2;;;S-1-15-3-1024-3153509613-960666767-3724611135-2725662640-12138253-543910227-1950414635-4190290187)(A;;0xf0007;;;SY)(A;;0x7;;;BA)(A;;0x7;;;SO)(A;;0x3;;;IU)(A;;0x3;;;SU)(A;;0x3;;;S-1-5-3)(A;;0x3;;;S-1-5-33)(A;;0x1;;;S-1-5-32-573)","%SystemRoot%\System32\Winevt\Logs\Microsoft-Windows-EDP-Application-Learning%4Admin.evtx","1052672","Circular","Microsoft-Windows-EDP-AppLearning","System.String[]",,,"64","0","64","1000",
"69632","False","9/3/2021 15:32:41","6/30/2021 18:10:31","0","0","Microsoft-Windows-EapMethods-Ttls/Operational","Operational","Application","True","False","O:BAG:SYD:(A;;0x2;;;S-1-15-2-1)(A;;0x2;;;S-1-15-3-1024-3153509613-960666767-3724611135-2725662640-12138253-543910227-1950414635-4190290187)(A;;0xf0007;;;SY)(A;;0x7;;;BA)(A;;0x7;;;SO)(A;;0x3;;;IU)(A;;0x3;;;SU)(A;;0x3;;;S-1-5-3)(A;;0x3;;;S-1-5-33)(A;;0x1;;;S-1-5-32-573)","%SystemRoot%\System32\Winevt\Logs\Microsoft-Windows-EapMethods-Ttls%4Operational.evtx","1052672","Circular","Microsoft-Windows-EapMethods-Ttls","System.String[]",,,"64","0","64","1000",
"69632","False","9/3/2021 15:32:41","6/30/2021 18:10:31","0","0","Microsoft-Windows-EapMethods-Sim/Operational","Operational","Application","True","False","O:BAG:SYD:(A;;0x2;;;S-1-15-2-1)(A;;0x2;;;S-1-15-3-1024-3153509613-960666767-3724611135-2725662640-12138253-543910227-1950414635-4190290187)(A;;0xf0007;;;SY)(A;;0x7;;;BA)(A;;0x7;;;SO)(A;;0x3;;;IU)(A;;0x3;;;SU)(A;;0x3;;;S-1-5-3)(A;;0x3;;;S-1-5-33)(A;;0x1;;;S-1-5-32-573)","%SystemRoot%\System32\Winevt\Logs\Microsoft-Windows-EapMethods-Sim%4Operational.evtx","1052672","Circular","Microsoft-Windows-EapMethods-Sim","System.String[]",,,"64","0","64","1000",
"69632","False","9/3/2021 15:32:41","6/30/2021 18:10:31","0","0","Microsoft-Windows-EapMethods-RasTls/Operational","Operational","Application","True","False","O:BAG:SYD:(A;;0x2;;;S-1-15-2-1)(A;;0x2;;;S-1-15-3-1024-3153509613-960666767-3724611135-2725662640-12138253-543910227-1950414635-4190290187)(A;;0xf0007;;;SY)(A;;0x7;;;BA)(A;;0x7;;;SO)(A;;0x3;;;IU)(A;;0x3;;;SU)(A;;0x3;;;S-1-5-3)(A;;0x3;;;S-1-5-33)(A;;0x1;;;S-1-5-32-573)","%SystemRoot%\System32\Winevt\Logs\Microsoft-Windows-EapMethods-RasTls%4Operational.evtx","1052672","Circular","Microsoft-Windows-EapMethods-RasTls","System.String[]",,,"64","0","64","1000",
"69632","False","9/3/2021 15:32:41","6/30/2021 18:10:31","0","0","Microsoft-Windows-EapMethods-RasChap/Operational","Operational","Application","True","False","O:BAG:SYD:(A;;0x2;;;S-1-15-2-1)(A;;0x2;;;S-1-15-3-1024-3153509613-960666767-3724611135-2725662640-12138253-543910227-1950414635-4190290187)(A;;0xf0007;;;SY)(A;;0x7;;;BA)(A;;0x7;;;SO)(A;;0x3;;;IU)(A;;0x3;;;SU)(A;;0x3;;;S-1-5-3)(A;;0x3;;;S-1-5-33)(A;;0x1;;;S-1-5-32-573)","%SystemRoot%\System32\Winevt\Logs\Microsoft-Windows-EapMethods-RasChap%4Operational.evtx","1052672","Circular","Microsoft-Windows-EapMethods-RasChap","System.String[]",,,"64","0","64","1000",
"69632","False","9/3/2021 15:32:41","6/30/2021 18:10:31","0","0","Microsoft-Windows-EapHost/Operational","Operational","Application","True","False","O:BAG:SYD:(A;;0x2;;;S-1-15-2-1)(A;;0x2;;;S-1-15-3-1024-3153509613-960666767-3724611135-2725662640-12138253-543910227-1950414635-4190290187)(A;;0xf0007;;;SY)(A;;0x7;;;BA)(A;;0x7;;;SO)(A;;0x3;;;IU)(A;;0x3;;;SU)(A;;0x3;;;S-1-5-3)(A;;0x3;;;S-1-5-33)(A;;0x1;;;S-1-5-32-573)","%SystemRoot%\System32\Winevt\Logs\Microsoft-Windows-EapHost%4Operational.evtx","1052672","Circular","Microsoft-Windows-EapHost","System.String[]",,,"64","0","64","1000",
"69632","False","9/3/2021 15:32:42","6/30/2021 18:10:31","0","0","Microsoft-Windows-DSC/Operational","Operational","Application","True","False","O:BAG:SYD:(A;;0x2;;;S-1-15-2-1)(A;;0x2;;;S-1-15-3-1024-3153509613-960666767-3724611135-2725662640-12138253-543910227-1950414635-4190290187)(A;;0xf0007;;;SY)(A;;0x7;;;BA)(A;;0x7;;;SO)(A;;0x3;;;IU)(A;;0x3;;;SU)(A;;0x3;;;S-1-5-3)(A;;0x3;;;S-1-5-33)(A;;0x1;;;S-1-5-32-573)","%SystemRoot%\System32\Winevt\Logs\Microsoft-Windows-DSC%4Operational.evtx","1052672","Circular","Microsoft-Windows-DSC","System.String[]",,,"64","0","64","1000",
"69632","False","9/3/2021 15:32:42","6/30/2021 18:10:31","0","0","Microsoft-Windows-DSC/Admin","Administrative","Application","True","False","O:BAG:SYD:(A;;0x2;;;S-1-15-2-1)(A;;0x2;;;S-1-15-3-1024-3153509613-960666767-3724611135-2725662640-12138253-543910227-1950414635-4190290187)(A;;0xf0007;;;SY)(A;;0x7;;;BA)(A;;0x7;;;SO)(A;;0x3;;;IU)(A;;0x3;;;SU)(A;;0x3;;;S-1-5-3)(A;;0x3;;;S-1-5-33)(A;;0x1;;;S-1-5-32-573)","%SystemRoot%\System32\Winevt\Logs\Microsoft-Windows-DSC%4Admin.evtx","1052672","Circular","Microsoft-Windows-DSC","System.String[]",,,"64","0","64","1000",
"1052672","False","9/3/2021 14:10:33","9/3/2021 13:27:05","7597","1306","Microsoft-Windows-DriverFrameworks-UserMode/Operational","Operational","System","True","False","O:BAG:SYD:(A;;0xf0007;;;SY)(A;;0x7;;;BA)(A;;0x3;;;BO)(A;;0x5;;;SO)(A;;0x1;;;IU)(A;;0x3;;;SU)(A;;0x1;;;S-1-5-3)(A;;0x2;;;S-1-5-33)(A;;0x1;;;S-1-5-32-573)","%SystemRoot%\System32\Winevt\Logs\Microsoft-Windows-DriverFrameworks-UserMode%4Operational.evtx","1052672","Circular","Microsoft-Windows-DriverFrameworks-UserMode","System.String[]",,,"64","0","16","1000",
,,,,,,"Microsoft-Windows-DNS-Client/Operational","Operational","Application","False","False","O:BAG:SYD:(A;;0x2;;;S-1-15-2-1)(A;;0x2;;;S-1-15-3-1024-3153509613-960666767-3724611135-2725662640-12138253-543910227-1950414635-4190290187)(A;;0xf0007;;;SY)(A;;0x7;;;BA)(A;;0x7;;;SO)(A;;0x3;;;IU)(A;;0x3;;;SU)(A;;0x3;;;S-1-5-3)(A;;0x3;;;S-1-5-33)(A;;0x1;;;S-1-5-32-573)","%SystemRoot%\System32\Winevt\Logs\Microsoft-Windows-DNS-Client%4Operational.evtx","1052672","Circular","Microsoft-Windows-DNS-Client","System.String[]",,,"64","0","64","1000",
,,,,,,"Microsoft-Windows-DisplayColorCalibration/Operational","Operational","Application","False","False","O:BAG:SYD:(A;;0x2;;;S-1-15-2-1)(A;;0x2;;;S-1-15-3-1024-3153509613-960666767-3724611135-2725662640-12138253-543910227-1950414635-4190290187)(A;;0xf0007;;;SY)(A;;0x7;;;BA)(A;;0x7;;;SO)(A;;0x3;;;IU)(A;;0x3;;;SU)(A;;0x3;;;S-1-5-3)(A;;0x3;;;S-1-5-33)(A;;0x1;;;S-1-5-32-573)","%SystemRoot%\System32\Winevt\Logs\Microsoft-Windows-DisplayColorCalibration%4Operational.evtx","1052672","Circular","Microsoft-Windows-DisplayColorCalibration","System.String[]",,,"64","0","64","1000",
"69632","False","9/3/2021 15:32:42","6/30/2021 18:10:31","0","0","Microsoft-Windows-DiskDiagnosticResolver/Operational","Operational","Application","True","False","O:BAG:SYD:(A;;0x2;;;S-1-15-2-1)(A;;0x2;;;S-1-15-3-1024-3153509613-960666767-3724611135-2725662640-12138253-543910227-1950414635-4190290187)(A;;0xf0007;;;SY)(A;;0x7;;;BA)(A;;0x7;;;SO)(A;;0x3;;;IU)(A;;0x3;;;SU)(A;;0x3;;;S-1-5-3)(A;;0x3;;;S-1-5-33)(A;;0x1;;;S-1-5-32-573)","%SystemRoot%\System32\Winevt\Logs\Microsoft-Windows-DiskDiagnosticResolver%4Operational.evtx","1052672","Circular","Microsoft-Windows-DiskDiagnosticResolver","System.String[]",,,"64","0","64","1000",
"69632","False","9/3/2021 15:32:42","6/30/2021 18:10:31","0","0","Microsoft-Windows-DiskDiagnosticDataCollector/Operational","Operational","System","True","False","O:BAG:SYD:(A;;0xf0007;;;SY)(A;;0x7;;;BA)(A;;0x3;;;BO)(A;;0x5;;;SO)(A;;0x1;;;IU)(A;;0x3;;;SU)(A;;0x1;;;S-1-5-3)(A;;0x2;;;S-1-5-33)(A;;0x1;;;S-1-5-32-573)","%SystemRoot%\System32\Winevt\Logs\Microsoft-Windows-DiskDiagnosticDataCollector%4Operational.evtx","1052672","Circular","Microsoft-Windows-DiskDiagnosticDataCollector","System.String[]",,,"64","0","16","1000",
"69632","False","9/3/2021 15:32:42","6/30/2021 18:10:31","0","0","Microsoft-Windows-DiskDiagnostic/Operational","Operational","System","True","False","O:BAG:SYD:(A;;0xf0007;;;SY)(A;;0x7;;;BA)(A;;0x3;;;BO)(A;;0x5;;;SO)(A;;0x1;;;IU)(A;;0x3;;;SU)(A;;0x1;;;S-1-5-3)(A;;0x2;;;S-1-5-33)(A;;0x1;;;S-1-5-32-573)","%SystemRoot%\System32\Winevt\Logs\Microsoft-Windows-DiskDiagnostic%4Operational.evtx","1052672","Circular","Microsoft-Windows-DiskDiagnostic","System.String[]",,,"64","0","16","1000",
"69632","False","9/3/2021 15:32:42","8/19/2021 15:21:38","1","11","Microsoft-Windows-Diagnostics-Networking/Operational","Operational","Application","True","False","O:BAG:SYD:(A;;0x2;;;S-1-15-2-1)(A;;0x2;;;S-1-15-3-1024-3153509613-960666767-3724611135-2725662640-12138253-543910227-1950414635-4190290187)(A;;0xf0007;;;SY)(A;;0x7;;;BA)(A;;0x7;;;SO)(A;;0x3;;;IU)(A;;0x3;;;SU)(A;;0x3;;;S-1-5-3)(A;;0x3;;;S-1-5-33)(A;;0x1;;;S-1-5-32-573)","%SystemRoot%\System32\Winevt\Logs\Microsoft-Windows-Diagnostics-Networking%4Operational.evtx","1052672","Circular","Microsoft-Windows-Diagnostics-Networking","System.String[]",,,"64","0","64","1000",
"69632","False","9/3/2021 15:32:42","8/19/2021 15:21:38","1","32","Microsoft-Windows-Diagnosis-ScriptedDiagnosticsProvider/Operational","Operational","Application","True","False","O:BAG:SYD:(A;;0x2;;;S-1-15-2-1)(A;;0x2;;;S-1-15-3-1024-3153509613-960666767-3724611135-2725662640-12138253-543910227-1950414635-4190290187)(A;;0xf0007;;;SY)(A;;0x7;;;BA)(A;;0x7;;;SO)(A;;0x3;;;IU)(A;;0x3;;;SU)(A;;0x3;;;S-1-5-3)(A;;0x3;;;S-1-5-33)(A;;0x1;;;S-1-5-32-573)","%SystemRoot%\System32\Winevt\Logs\Microsoft-Windows-Diagnosis-ScriptedDiagnosticsProvider%4Operational.evtx","1052672","Circular","Microsoft-Windows-Diagnosis-ScriptedDiagnosticsProvider","System.String[]",,,"64","0","64","1000",
"69632","False","9/3/2021 15:32:42","9/2/2021 22:44:59","1","65","Microsoft-Windows-Diagnosis-Scripted/Operational","Operational","Application","True","False","O:BAG:SYD:(A;;0x2;;;S-1-15-2-1)(A;;0x2;;;S-1-15-3-1024-3153509613-960666767-3724611135-2725662640-12138253-543910227-1950414635-4190290187)(A;;0xf0007;;;SY)(A;;0x7;;;BA)(A;;0x7;;;SO)(A;;0x3;;;IU)(A;;0x3;;;SU)(A;;0x3;;;S-1-5-3)(A;;0x3;;;S-1-5-33)(A;;0x1;;;S-1-5-32-573)","%SystemRoot%\System32\Winevt\Logs\Microsoft-Windows-Diagnosis-Scripted%4Operational.evtx","1052672","Circular","Microsoft-Windows-Diagnosis-Scripted","System.String[]",,,"64","0","64","1000",
"69632","False","9/3/2021 15:32:42","9/2/2021 22:44:59","1","13","Microsoft-Windows-Diagnosis-Scripted/Admin","Administrative","Application","True","False","O:BAG:SYD:(A;;0x2;;;S-1-15-2-1)(A;;0x2;;;S-1-15-3-1024-3153509613-960666767-3724611135-2725662640-12138253-543910227-1950414635-4190290187)(A;;0xf0007;;;SY)(A;;0x7;;;BA)(A;;0x7;;;SO)(A;;0x3;;;IU)(A;;0x3;;;SU)(A;;0x3;;;S-1-5-3)(A;;0x3;;;S-1-5-33)(A;;0x1;;;S-1-5-32-573)","%SystemRoot%\System32\Winevt\Logs\Microsoft-Windows-Diagnosis-Scripted%4Admin.evtx","1052672","Circular","Microsoft-Windows-Diagnosis-Scripted","System.String[]",,,"64","0","64","1000",
"69632","False","9/3/2021 15:32:42","9/2/2021 22:44:59","1","70","Microsoft-Windows-Diagnosis-Scheduled/Operational","Operational","Application","True","False","O:BAG:SYD:(A;;0x2;;;S-1-15-2-1)(A;;0x2;;;S-1-15-3-1024-3153509613-960666767-3724611135-2725662640-12138253-543910227-1950414635-4190290187)(A;;0xf0007;;;SY)(A;;0x7;;;BA)(A;;0x7;;;SO)(A;;0x3;;;IU)(A;;0x3;;;SU)(A;;0x3;;;S-1-5-3)(A;;0x3;;;S-1-5-33)(A;;0x1;;;S-1-5-32-573)","%SystemRoot%\System32\Winevt\Logs\Microsoft-Windows-Diagnosis-Scheduled%4Operational.evtx","1052672","Circular","Microsoft-Windows-Diagnosis-Scheduled","System.String[]",,,"64","0","64","1000",
"69632","False","9/3/2021 15:32:42","6/30/2021 18:10:31","0","0","Microsoft-Windows-Diagnosis-PLA/Operational","Operational","Application","True","False","O:BAG:SYD:(A;;0x2;;;S-1-15-2-1)(A;;0x2;;;S-1-15-3-1024-3153509613-960666767-3724611135-2725662640-12138253-543910227-1950414635-4190290187)(A;;0xf0007;;;SY)(A;;0x7;;;BA)(A;;0x7;;;SO)(A;;0x3;;;IU)(A;;0x3;;;SU)(A;;0x3;;;S-1-5-3)(A;;0x3;;;S-1-5-33)(A;;0x1;;;S-1-5-32-573)","%SystemRoot%\System32\Winevt\Logs\Microsoft-Windows-Diagnosis-PLA%4Operational.evtx","1052672","Circular","Microsoft-Windows-Diagnosis-PLA","System.String[]",,,"64","0","64","1000",
"1052672","False","9/3/2021 14:10:33","9/3/2021 06:35:09","26459","2080","Microsoft-Windows-Diagnosis-PCW/Operational","Operational","Application","True","False","O:BAG:SYD:(A;;0x2;;;S-1-15-2-1)(A;;0x2;;;S-1-15-3-1024-3153509613-960666767-3724611135-2725662640-12138253-543910227-1950414635-4190290187)(A;;0xf0007;;;SY)(A;;0x7;;;BA)(A;;0x7;;;SO)(A;;0x3;;;IU)(A;;0x3;;;SU)(A;;0x3;;;S-1-5-3)(A;;0x3;;;S-1-5-33)(A;;0x1;;;S-1-5-32-573)","%SystemRoot%\System32\Winevt\Logs\Microsoft-Windows-Diagnosis-PCW%4Operational.evtx","1052672","Circular","Microsoft-Windows-Diagnosis-PCW","System.String[]",,,"64","0","64","1000",
"1052672","False","9/3/2021 14:10:33","9/3/2021 06:24:43","1","541","Microsoft-Windows-Diagnosis-DPS/Operational","Operational","System","True","False","O:BAG:SYD:(A;;0xf0007;;;SY)(A;;0x7;;;BA)(A;;0x3;;;BO)(A;;0x5;;;SO)(A;;0x1;;;IU)(A;;0x3;;;SU)(A;;0x1;;;S-1-5-3)(A;;0x2;;;S-1-5-33)(A;;0x1;;;S-1-5-32-573)","%SystemRoot%\System32\Winevt\Logs\Microsoft-Windows-Diagnosis-DPS%4Operational.evtx","1052672","Circular","Microsoft-Windows-Diagnosis-DPS","System.String[]",,,"64","0","16","1000",
,,,,,,"Microsoft-Windows-Dhcpv6-Client/Operational","Operational","Application","False","False","O:BAG:SYD:(A;;0x2;;;S-1-15-2-1)(A;;0x2;;;S-1-15-3-1024-3153509613-960666767-3724611135-2725662640-12138253-543910227-1950414635-4190290187)(A;;0xf0007;;;SY)(A;;0x7;;;BA)(A;;0x7;;;SO)(A;;0x3;;;IU)(A;;0x3;;;SU)(A;;0x3;;;S-1-5-3)(A;;0x3;;;S-1-5-33)(A;;0x1;;;S-1-5-32-573)","%SystemRoot%\System32\Winevt\Logs\Microsoft-Windows-Dhcpv6-Client%4Operational.evtx","1052672","Circular","Microsoft-Windows-DHCPv6-Client","System.String[]",,,"64","0","64","1000",
"69632","False","9/3/2021 15:32:42","6/29/2021 07:18:00","1","5","Microsoft-Windows-Dhcpv6-Client/Admin","Administrative","Application","True","False","O:BAG:SYD:(A;;0x2;;;S-1-15-2-1)(A;;0x2;;;S-1-15-3-1024-3153509613-960666767-3724611135-2725662640-12138253-543910227-1950414635-4190290187)(A;;0xf0007;;;SY)(A;;0x7;;;BA)(A;;0x7;;;SO)(A;;0x3;;;IU)(A;;0x3;;;SU)(A;;0x3;;;S-1-5-3)(A;;0x3;;;S-1-5-33)(A;;0x1;;;S-1-5-32-573)","%SystemRoot%\System32\Winevt\Logs\Microsoft-Windows-Dhcpv6-Client%4Admin.evtx","1052672","Circular","Microsoft-Windows-DHCPv6-Client","System.String[]",,,"64","0","64","1000",
,,,,,,"Microsoft-Windows-Dhcp-Client/Operational","Operational","Application","False","False","O:BAG:SYD:(A;;0x2;;;S-1-15-2-1)(A;;0x2;;;S-1-15-3-1024-3153509613-960666767-3724611135-2725662640-12138253-543910227-1950414635-4190290187)(A;;0xf0007;;;SY)(A;;0x7;;;BA)(A;;0x7;;;SO)(A;;0x3;;;IU)(A;;0x3;;;SU)(A;;0x3;;;S-1-5-3)(A;;0x3;;;S-1-5-33)(A;;0x1;;;S-1-5-32-573)","%SystemRoot%\System32\Winevt\Logs\Microsoft-Windows-Dhcp-Client%4Operational.evtx","1052672","Circular","Microsoft-Windows-Dhcp-Client","System.String[]",,,"64","0","64","1000",
"69632","False","9/3/2021 15:32:42","6/29/2021 07:18:00","0","0","Microsoft-Windows-Dhcp-Client/Admin","Administrative","Application","True","False","O:BAG:SYD:(A;;0x2;;;S-1-15-2-1)(A;;0x2;;;S-1-15-3-1024-3153509613-960666767-3724611135-2725662640-12138253-543910227-1950414635-4190290187)(A;;0xf0007;;;SY)(A;;0x7;;;BA)(A;;0x7;;;SO)(A;;0x3;;;IU)(A;;0x3;;;SU)(A;;0x3;;;S-1-5-3)(A;;0x3;;;S-1-5-33)(A;;0x1;;;S-1-5-32-573)","%SystemRoot%\System32\Winevt\Logs\Microsoft-Windows-Dhcp-Client%4Admin.evtx","1052672","Circular","Microsoft-Windows-Dhcp-Client","System.String[]",,,"64","0","64","1000",
"69632","False","9/3/2021 15:32:42","6/30/2021 18:10:31","0","0","Microsoft-Windows-DeviceUpdateAgent/Operational","Operational","System","True","False","O:BAG:SYD:(A;;0xf0007;;;SY)(A;;0x7;;;BA)(A;;0x3;;;BO)(A;;0x5;;;SO)(A;;0x1;;;IU)(A;;0x3;;;SU)(A;;0x1;;;S-1-5-3)(A;;0x2;;;S-1-5-33)(A;;0x1;;;S-1-5-32-573)","%SystemRoot%\System32\Winevt\Logs\Microsoft-Windows-DeviceUpdateAgent%4Operational.evtx","1052672","Circular","Microsoft-Windows-DeviceUpdateAgent","System.String[]",,,"64","0","16","1000",
"69632","False","9/3/2021 15:32:42","6/30/2021 18:10:31","0","0","Microsoft-Windows-DeviceSync/Operational","Operational","Application","True","False","O:BAG:SYD:(A;;0x2;;;S-1-15-2-1)(A;;0x2;;;S-1-15-3-1024-3153509613-960666767-3724611135-2725662640-12138253-543910227-1950414635-4190290187)(A;;0xf0007;;;SY)(A;;0x7;;;BA)(A;;0x7;;;SO)(A;;0x3;;;IU)(A;;0x3;;;SU)(A;;0x3;;;S-1-5-3)(A;;0x3;;;S-1-5-33)(A;;0x1;;;S-1-5-32-573)","%SystemRoot%\System32\Winevt\Logs\Microsoft-Windows-DeviceSync%4Operational.evtx","1052672","Circular","Microsoft-Windows-DeviceSync","System.String[]",,,"64","0","64","1000",
"1052672","False","9/3/2021 14:10:33","9/3/2021 13:27:05","1","1454","Microsoft-Windows-DeviceSetupManager/Operational","Operational","System","True","False","O:BAG:SYD:(A;;0xf0007;;;SY)(A;;0x7;;;BA)(A;;0x3;;;BO)(A;;0x5;;;SO)(A;;0x1;;;IU)(A;;0x3;;;SU)(A;;0x1;;;S-1-5-3)(A;;0x2;;;S-1-5-33)(A;;0x1;;;S-1-5-32-573)","%SystemRoot%\System32\Winevt\Logs\Microsoft-Windows-DeviceSetupManager%4Operational.evtx","1052672","Circular","Microsoft-Windows-DeviceSetupManager","System.String[]",,,"64","0","16","1000",
"1052672","False","9/3/2021 14:10:33","9/3/2021 13:27:05","1","1463","Microsoft-Windows-DeviceSetupManager/Admin","Administrative","System","True","False","O:BAG:SYD:(A;;0xf0007;;;SY)(A;;0x7;;;BA)(A;;0x3;;;BO)(A;;0x5;;;SO)(A;;0x1;;;IU)(A;;0x3;;;SU)(A;;0x1;;;S-1-5-3)(A;;0x2;;;S-1-5-33)(A;;0x1;;;S-1-5-32-573)","%SystemRoot%\System32\Winevt\Logs\Microsoft-Windows-DeviceSetupManager%4Admin.evtx","1052672","Circular","Microsoft-Windows-DeviceSetupManager","System.String[]",,,"64","0","16","1000",
"69632","False","9/3/2021 15:32:42","6/30/2021 18:10:31","0","0","Microsoft-Windows-Devices-Background/Operational","Operational","Application","True","False","O:BAG:SYD:(A;;0x2;;;S-1-15-2-1)(A;;0x2;;;S-1-15-3-1024-3153509613-960666767-3724611135-2725662640-12138253-543910227-1950414635-4190290187)(A;;0xf0007;;;SY)(A;;0x7;;;BA)(A;;0x7;;;SO)(A;;0x3;;;IU)(A;;0x3;;;SU)(A;;0x3;;;S-1-5-3)(A;;0x3;;;S-1-5-33)(A;;0x1;;;S-1-5-32-573)","%SystemRoot%\System32\Winevt\Logs\Microsoft-Windows-Devices-Background%4Operational.evtx","1052672","Circular","Microsoft-Windows-Devices-Background","System.String[]",,,"64","0","64","1000",
"1052672","False","9/3/2021 14:10:33","9/3/2021 06:41:13","1","982","Microsoft-Windows-DeviceManagement-Enterprise-Diagnostics-Provider/Operational","Operational","Application","True","False","O:BAG:SYD:(A;;0x2;;;S-1-15-2-1)(A;;0x2;;;S-1-15-3-1024-3153509613-960666767-3724611135-2725662640-12138253-543910227-1950414635-4190290187)(A;;0xf0007;;;SY)(A;;0x7;;;BA)(A;;0x7;;;SO)(A;;0x3;;;IU)(A;;0x3;;;SU)(A;;0x3;;;S-1-5-3)(A;;0x3;;;S-1-5-33)(A;;0x1;;;S-1-5-32-573)","%SystemRoot%\System32\Winevt\Logs\Microsoft-Windows-DeviceManagement-Enterprise-Diagnostics-Provider%4Operational.evtx","1052672","Circular","Microsoft-Windows-DeviceManagement-Enterprise-Diagnostics-Provider","System.String[]",,,"64","0","64","1000",
"69632","False","9/3/2021 15:32:42","6/30/2021 18:10:31","0","0","Microsoft-Windows-DeviceManagement-Enterprise-Diagnostics-Provider/Autopilot","Administrative","Application","True","False","O:BAG:SYD:(A;;0x2;;;S-1-15-2-1)(A;;0x2;;;S-1-15-3-1024-3153509613-960666767-3724611135-2725662640-12138253-543910227-1950414635-4190290187)(A;;0xf0007;;;SY)(A;;0x7;;;BA)(A;;0x7;;;SO)(A;;0x3;;;IU)(A;;0x3;;;SU)(A;;0x3;;;S-1-5-3)(A;;0x3;;;S-1-5-33)(A;;0x1;;;S-1-5-32-573)","%SystemRoot%\System32\Winevt\Logs\Microsoft-Windows-DeviceManagement-Enterprise-Diagnostics-Provider%4Autopilot.evtx","1052672","Circular","Microsoft-Windows-DeviceManagement-Enterprise-Diagnostics-Provider","System.String[]",,,"64","0","64","1000",
"69632","False","9/3/2021 15:32:42","9/3/2021 06:24:43","1","64","Microsoft-Windows-DeviceManagement-Enterprise-Diagnostics-Provider/Admin","Administrative","Application","True","False","O:BAG:SYD:(A;;0x2;;;S-1-15-2-1)(A;;0x2;;;S-1-15-3-1024-3153509613-960666767-3724611135-2725662640-12138253-543910227-1950414635-4190290187)(A;;0xf0007;;;SY)(A;;0x7;;;BA)(A;;0x7;;;SO)(A;;0x3;;;IU)(A;;0x3;;;SU)(A;;0x3;;;S-1-5-3)(A;;0x3;;;S-1-5-33)(A;;0x1;;;S-1-5-32-573)","%SystemRoot%\System32\Winevt\Logs\Microsoft-Windows-DeviceManagement-Enterprise-Diagnostics-Provider%4Admin.evtx","1052672","Circular","Microsoft-Windows-DeviceManagement-Enterprise-Diagnostics-Provider","System.String[]",,,"64","0","64","1000",
