"FileSize","IsLogFull","LastAccessTime","LastWriteTime","OldestRecordNumber","RecordCount","LogName","LogType","LogIsolation","IsEnabled","IsClassicLog","SecurityDescriptor","LogFilePath","MaximumSizeInBytes","LogMode","OwningProviderName","ProviderNames","ProviderLevel","ProviderKeywords","ProviderBufferSize","ProviderMinimumNumberOfBuffers","ProviderMaximumNumberOfBuffers","ProviderLatency","ProviderControlGuid"
"2166784","False","9/3/2021 14:10:33","9/3/2021 14:08:33","1","1608","Windows PowerShell","Administrative","Application","True","True","O:BAG:SYD:(A;;0x2;;;S-1-15-2-1)(A;;0x2;;;S-1-15-3-1024-3153509613-960666767-3724611135-2725662640-12138253-543910227-1950414635-4190290187)(A;;0xf0007;;;SY)(A;;0x7;;;BA)(A;;0x7;;;SO)(A;;0x3;;;IU)(A;;0x3;;;SU)(A;;0x3;;;S-1-5-3)(A;;0x3;;;S-1-5-33)(A;;0x1;;;S-1-5-32-573)","%SystemRoot%\System32\Winevt\Logs\Windows PowerShell.evtx","15728640","Circular","","System.String[]",,,"64","0","64","1000",
"69632","False","9/3/2021 15:32:41","6/29/2021 07:18:00","0","0","Windows Azure","Administrative","Application","True","True","O:BAG:SYD:(A;;0x2;;;S-1-15-2-1)(A;;0x2;;;S-1-15-3-1024-3153509613-960666767-3724611135-2725662640-12138253-543910227-1950414635-4190290187)(A;;0xf0007;;;SY)(A;;0x7;;;BA)(A;;0x7;;;SO)(A;;0x3;;;IU)(A;;0x3;;;SU)(A;;0x3;;;S-1-5-3)(A;;0x3;;;S-1-5-33)(A;;0x1;;;S-1-5-32-573)","%SystemRoot%\System32\Winevt\Logs\Windows Azure.evtx","1052672","Circular","","System.String[]",,,"64","0","64","1000",
"69632","False","9/3/2021 15:32:41","6/29/2021 07:18:00","0","0","TechSmith","Administrative","Application","True","True","O:BAG:SYD:(A;;0x2;;;S-1-15-2-1)(A;;0x2;;;S-1-15-3-1024-3153509613-960666767-3724611135-2725662640-12138253-543910227-1950414635-4190290187)(A;;0xf0007;;;SY)(A;;0x7;;;BA)(A;;0x7;;;SO)(A;;0x3;;;IU)(A;;0x3;;;SU)(A;;0x3;;;S-1-5-3)(A;;0x3;;;S-1-5-33)(A;;0x1;;;S-1-5-32-573)","%SystemRoot%\System32\Winevt\Logs\TechSmith.evtx","16777216","Circular","","System.String[]",,,"64","0","64","1000",
"13701120","False","9/3/2021 15:32:08","9/3/2021 15:32:08","1","26791","System","Administrative","System","True","True","O:BAG:SYD:(A;;0xf0007;;;SY)(A;;0x7;;;BA)(A;;0x3;;;BO)(A;;0x5;;;SO)(A;;0x1;;;IU)(A;;0x3;;;SU)(A;;0x1;;;S-1-5-3)(A;;0x2;;;S-1-5-33)(A;;0x1;;;S-1-5-32-573)","%SystemRoot%\System32\Winevt\Logs\System.evtx","20971520","Circular","","System.String[]",,,"64","0","16","1000",
"1052672","False","9/3/2021 14:10:33","9/2/2021 22:44:59","1","122","OAlerts","Administrative","Application","True","True","O:BAG:SYD:(A;;0x2;;;S-1-15-2-1)(A;;0x2;;;S-1-15-3-1024-3153509613-960666767-3724611135-2725662640-12138253-543910227-1950414635-4190290187)(A;;0xf0007;;;SY)(A;;0x7;;;BA)(A;;0x7;;;SO)(A;;0x3;;;IU)(A;;0x3;;;SU)(A;;0x3;;;S-1-5-3)(A;;0x3;;;S-1-5-33)(A;;0x1;;;S-1-5-32-573)","%SystemRoot%\System32\Winevt\Logs\OAlerts.evtx","1052672","Circular","","System.String[]",,,"64","0","64","1000",
"69632","False","9/3/2021 15:32:41","6/29/2021 07:18:00","0","0","Key Management Service","Administrative","Application","True","True","O:BAG:SYD:(A;;0x2;;;S-1-15-2-1)(A;;0x2;;;S-1-15-3-1024-3153509613-960666767-3724611135-2725662640-12138253-543910227-1950414635-4190290187)(A;;0xf0007;;;SY)(A;;0x7;;;BA)(A;;0x7;;;SO)(A;;0x3;;;IU)(A;;0x3;;;SU)(A;;0x3;;;S-1-5-3)(A;;0x3;;;S-1-5-33)(A;;0x1;;;S-1-5-32-573)","%SystemRoot%\System32\Winevt\Logs\Key Management Service.evtx","20971520","Circular","","System.String[]",,,"64","0","64","1000",
"69632","False","9/3/2021 15:32:41","6/29/2021 07:18:00","0","0","Internet Explorer","Administrative","Application","True","True","O:BAG:SYD:(A;;0x07;;;WD)S:(ML;;0x1;;;LW)","%SystemRoot%\System32\Winevt\Logs\Internet Explorer.evtx","1052672","Circular","","System.String[]",,,"64","0","64","1000",
"69632","False","9/3/2021 15:32:41","6/29/2021 07:18:00","0","0","HardwareEvents","Administrative","Application","True","True","O:BAG:SYD:(A;;0x2;;;S-1-15-2-1)(A;;0x2;;;S-1-15-3-1024-3153509613-960666767-3724611135-2725662640-12138253-543910227-1950414635-4190290187)(A;;0xf0007;;;SY)(A;;0x7;;;BA)(A;;0x7;;;SO)(A;;0x3;;;IU)(A;;0x3;;;SU)(A;;0x3;;;S-1-5-3)(A;;0x3;;;S-1-5-33)(A;;0x1;;;S-1-5-32-573)","%SystemRoot%\System32\Winevt\Logs\HardwareEvents.evtx","20971520","Circular","","System.String[]",,,"64","0","64","1000",
"15798272","False","9/3/2021 15:31:38","9/3/2021 15:31:33","1","27460","Application","Administrative","Application","True","True","O:BAG:SYD:(A;;0x2;;;S-1-15-2-1)(A;;0x2;;;S-1-15-3-1024-3153509613-960666767-3724611135-2725662640-12138253-543910227-1950414635-4190290187)(A;;0xf0007;;;SY)(A;;0x7;;;BA)(A;;0x7;;;SO)(A;;0x3;;;IU)(A;;0x3;;;SU)(A;;0x3;;;S-1-5-3)(A;;0x3;;;S-1-5-33)(A;;0x1;;;S-1-5-32-573)","%SystemRoot%\System32\Winevt\Logs\Application.evtx","20971520","Circular","","System.String[]",,,"64","0","64","1000",
,,,,,,"Windows Networking Vpn Plugin Platform/OperationalVerbose","Operational","Custom","False","False","O:SYG:SYD:(A;;0x7;;;BA)(A;;0x7;;;NO)(A;;0x7;;;AU)(A;;0x7;;;S-1-15-3-1024-2579400809-3867311217-3984994116-908665914-3508570097-1336497314-873935804-1444405236)(A;;0x7;;;S-1-15-3-1024-1068037383-729401668-2768096886-125909118-1680096985-174794564-3112554050-3241210738)","%SystemRoot%\System32\Winevt\Logs\Windows Networking Vpn Plugin Platform%4OperationalVerbose.evtx","1052672","Circular","Microsoft-Windows Networking VPN Plugin Platform","System.String[]",,,"64","0","64","1000",
,,,,,,"Windows Networking Vpn Plugin Platform/Operational","Operational","Custom","False","False","O:SYG:SYD:(A;;0x7;;;BA)(A;;0x7;;;NO)(A;;0x7;;;AU)(A;;0x7;;;S-1-15-3-1024-2579400809-3867311217-3984994116-908665914-3508570097-1336497314-873935804-1444405236)(A;;0x7;;;S-1-15-3-1024-1068037383-729401668-2768096886-125909118-1680096985-174794564-3112554050-3241210738)","%SystemRoot%\System32\Winevt\Logs\Windows Networking Vpn Plugin Platform%4Operational.evtx","1052672","Circular","Microsoft-Windows Networking VPN Plugin Platform","System.String[]",,,"64","0","64","1000",
"69632","False","9/3/2021 15:32:41","6/30/2021 18:10:31","0","0","SMSApi","Operational","Application","True","False","O:BAG:SYD:(A;;0x2;;;S-1-15-2-1)(A;;0x2;;;S-1-15-3-1024-3153509613-960666767-3724611135-2725662640-12138253-543910227-1950414635-4190290187)(A;;0xf0007;;;SY)(A;;0x7;;;BA)(A;;0x7;;;SO)(A;;0x3;;;IU)(A;;0x3;;;SU)(A;;0x3;;;S-1-5-3)(A;;0x3;;;S-1-5-33)(A;;0x1;;;S-1-5-32-573)","%SystemRoot%\System32\Winevt\Logs\SMSApi.evtx","1052672","Circular","Microsoft-Windows-Mobile-Broadband-Experience-SmsApi","System.String[]",,,"64","0","64","1000",
"69632","False","9/3/2021 15:32:41","9/2/2021 22:46:33","1","66","Setup","Operational","Application","True","False","O:BAG:SYD:(A;;0x2;;;S-1-15-2-1)(A;;0x2;;;S-1-15-3-1024-3153509613-960666767-3724611135-2725662640-12138253-543910227-1950414635-4190290187)(A;;0xf0007;;;SY)(A;;0x7;;;BA)(A;;0x7;;;SO)(A;;0x3;;;IU)(A;;0x3;;;SU)(A;;0x3;;;S-1-5-3)(A;;0x3;;;S-1-5-33)(A;;0x1;;;S-1-5-32-573)","%SystemRoot%\System32\Winevt\Logs\Setup.evtx","1052672","Circular","Microsoft-Windows-Eventlog","System.String[]",,,"64","0","64","1000",
"69632","False","9/3/2021 15:32:41","6/30/2021 18:10:31","0","0","RemoteDesktopServices-RemoteFX-SessionLicensing-Operational","Operational","Application","True","False","O:BAG:SYD:(A;;0x2;;;S-1-15-2-1)(A;;0x2;;;S-1-15-3-1024-3153509613-960666767-3724611135-2725662640-12138253-543910227-1950414635-4190290187)(A;;0xf0007;;;SY)(A;;0x7;;;BA)(A;;0x7;;;SO)(A;;0x3;;;IU)(A;;0x3;;;SU)(A;;0x3;;;S-1-5-3)(A;;0x3;;;S-1-5-33)(A;;0x1;;;S-1-5-32-573)","%SystemRoot%\System32\Winevt\Logs\RemoteDesktopServices-RemoteFX-SessionLicensing-Operational.evtx","1052672","Circular","Microsoft-Windows-RemoteDesktopServices-RemoteFX-SessionLicensing","System.String[]",,,"64","0","64","1000",
"69632","False","9/3/2021 15:32:41","6/30/2021 18:10:31","0","0","RemoteDesktopServices-RemoteFX-SessionLicensing-Admin","Administrative","Application","True","False","O:BAG:SYD:(A;;0x2;;;S-1-15-2-1)(A;;0x2;;;S-1-15-3-1024-3153509613-960666767-3724611135-2725662640-12138253-543910227-1950414635-4190290187)(A;;0xf0007;;;SY)(A;;0x7;;;BA)(A;;0x7;;;SO)(A;;0x3;;;IU)(A;;0x3;;;SU)(A;;0x3;;;S-1-5-3)(A;;0x3;;;S-1-5-33)(A;;0x1;;;S-1-5-32-573)","%SystemRoot%\System32\Winevt\Logs\RemoteDesktopServices-RemoteFX-SessionLicensing-Admin.evtx","1052672","Circular","Microsoft-Windows-RemoteDesktopServices-RemoteFX-SessionLicensing","System.String[]",,,"64","0","64","1000",
"69632","False","9/3/2021 15:32:41","6/30/2021 18:10:31","0","0","OpenSSH/Operational","Operational","Application","True","False","O:BAG:SYD:(A;;0x2;;;S-1-15-2-1)(A;;0x2;;;S-1-15-3-1024-3153509613-960666767-3724611135-2725662640-12138253-543910227-1950414635-4190290187)(A;;0xf0007;;;SY)(A;;0x7;;;BA)(A;;0x7;;;SO)(A;;0x3;;;IU)(A;;0x3;;;SU)(A;;0x3;;;S-1-5-3)(A;;0x3;;;S-1-5-33)(A;;0x1;;;S-1-5-32-573)","%SystemRoot%\System32\Winevt\Logs\OpenSSH%4Operational.evtx","1052672","Circular","OpenSSH","System.String[]",,,"64","0","64","1000",
"69632","False","9/3/2021 15:32:41","6/30/2021 18:10:31","0","0","OpenSSH/Admin","Administrative","Application","True","False","O:BAG:SYD:(A;;0x2;;;S-1-15-2-1)(A;;0x2;;;S-1-15-3-1024-3153509613-960666767-3724611135-2725662640-12138253-543910227-1950414635-4190290187)(A;;0xf0007;;;SY)(A;;0x7;;;BA)(A;;0x7;;;SO)(A;;0x3;;;IU)(A;;0x3;;;SU)(A;;0x3;;;S-1-5-3)(A;;0x3;;;S-1-5-33)(A;;0x1;;;S-1-5-32-573)","%SystemRoot%\System32\Winevt\Logs\OpenSSH%4Admin.evtx","1052672","Circular","OpenSSH","System.String[]",,,"64","0","64","1000",
"69632","False","9/3/2021 15:32:41","6/30/2021 18:10:31","0","0","Microsoft-WindowsPhone-Connectivity-WiFiConnSvc-Channel","Operational","Application","True","False","O:BAG:SYD:(A;;0x2;;;S-1-15-2-1)(A;;0x2;;;S-1-15-3-1024-3153509613-960666767-3724611135-2725662640-12138253-543910227-1950414635-4190290187)(A;;0xf0007;;;SY)(A;;0x7;;;BA)(A;;0x7;;;SO)(A;;0x3;;;IU)(A;;0x3;;;SU)(A;;0x3;;;S-1-5-3)(A;;0x3;;;S-1-5-33)(A;;0x1;;;S-1-5-32-573)","%SystemRoot%\System32\Winevt\Logs\Microsoft-WindowsPhone-Connectivity-WiFiConnSvc-Channel.evtx","1052672","Circular","Microsoft-Windows-WiFiNetworkManager","System.String[]",,,"64","0","64","1000",
,,,,,,"Microsoft-Windows-ZTraceMaps/Operational","Operational","Application","False","False","O:BAG:SYD:(A;;0x2;;;S-1-15-2-1)(A;;0x2;;;S-1-15-3-1024-3153509613-960666767-3724611135-2725662640-12138253-543910227-1950414635-4190290187)(A;;0xf0007;;;SY)(A;;0x7;;;BA)(A;;0x7;;;SO)(A;;0x3;;;IU)(A;;0x3;;;SU)(A;;0x3;;;S-1-5-3)(A;;0x3;;;S-1-5-33)(A;;0x1;;;S-1-5-32-573)","%SystemRoot%\System32\Winevt\Logs\Microsoft-Windows-ZTraceMaps%4Operational.evtx","1052672","Circular","Microsoft-Windows-ZTraceMaps","System.String[]",,,"64","0","64","1000",
"69632","False","9/3/2021 15:32:41","6/30/2021 18:10:31","0","0","Microsoft-Windows-WWAN-SVC-Events/Operational","Operational","Application","True","False","O:BAG:SYD:(A;;0x2;;;S-1-15-2-1)(A;;0x2;;;S-1-15-3-1024-3153509613-960666767-3724611135-2725662640-12138253-543910227-1950414635-4190290187)(A;;0xf0007;;;SY)(A;;0x7;;;BA)(A;;0x7;;;SO)(A;;0x3;;;IU)(A;;0x3;;;SU)(A;;0x3;;;S-1-5-3)(A;;0x3;;;S-1-5-33)(A;;0x1;;;S-1-5-32-573)","%SystemRoot%\System32\Winevt\Logs\Microsoft-Windows-WWAN-SVC-Events%4Operational.evtx","1052672","Circular","Microsoft-Windows-WWAN-SVC-EVENTS","System.String[]",,,"64","0","64","1000",
"69632","False","9/3/2021 15:32:41","6/30/2021 18:10:31","0","0","Microsoft-Windows-WPD-MTPClassDriver/Operational","Operational","System","True","False","O:BAG:SYD:(A;;0xf0007;;;SY)(A;;0x7;;;BA)(A;;0x3;;;BO)(A;;0x5;;;SO)(A;;0x1;;;IU)(A;;0x3;;;SU)(A;;0x1;;;S-1-5-3)(A;;0x2;;;S-1-5-33)(A;;0x1;;;S-1-5-32-573)","%SystemRoot%\System32\Winevt\Logs\Microsoft-Windows-WPD-MTPClassDriver%4Operational.evtx","1052672","Circular","Microsoft-Windows-WPD-MTPClassDriver","System.String[]",,,"64","0","16","1000",
"69632","False","9/3/2021 15:32:41","6/30/2021 18:10:31","0","0","Microsoft-Windows-WPD-CompositeClassDriver/Operational","Operational","System","True","False","O:BAG:SYD:(A;;0xf0007;;;SY)(A;;0x7;;;BA)(A;;0x3;;;BO)(A;;0x5;;;SO)(A;;0x1;;;IU)(A;;0x3;;;SU)(A;;0x1;;;S-1-5-3)(A;;0x2;;;S-1-5-33)(A;;0x1;;;S-1-5-32-573)","%SystemRoot%\System32\Winevt\Logs\Microsoft-Windows-WPD-CompositeClassDriver%4Operational.evtx","1052672","Circular","Microsoft-Windows-WPD-CompositeClassDriver","System.String[]",,,"64","0","16","1000",
"69632","False","9/3/2021 15:32:41","6/29/2021 07:18:00","0","0","Microsoft-Windows-WPD-ClassInstaller/Operational","Operational","System","True","False","O:BAG:SYD:(A;;0xf0007;;;SY)(A;;0x7;;;BA)(A;;0x3;;;BO)(A;;0x5;;;SO)(A;;0x1;;;IU)(A;;0x3;;;SU)(A;;0x1;;;S-1-5-3)(A;;0x2;;;S-1-5-33)(A;;0x1;;;S-1-5-32-573)","%SystemRoot%\System32\Winevt\Logs\Microsoft-Windows-WPD-ClassInstaller%4Operational.evtx","1052672","Circular","Microsoft-Windows-WPDClassInstaller","System.String[]",,,"64","0","16","1000",
"69632","False","9/3/2021 15:32:41","6/30/2021 18:10:31","0","0","Microsoft-Windows-Workplace Join/Admin","Administrative","Application","True","False","O:BAG:SYD:(A;;0x2;;;S-1-15-2-1)(A;;0x2;;;S-1-15-3-1024-3153509613-960666767-3724611135-2725662640-12138253-543910227-1950414635-4190290187)(A;;0xf0007;;;SY)(A;;0x7;;;BA)(A;;0x7;;;SO)(A;;0x3;;;IU)(A;;0x3;;;SU)(A;;0x3;;;S-1-5-3)(A;;0x3;;;S-1-5-33)(A;;0x1;;;S-1-5-32-573)","%SystemRoot%\System32\Winevt\Logs\Microsoft-Windows-Workplace Join%4Admin.evtx","1052672","Circular","Microsoft-Windows-Workplace Join","System.String[]",,,"64","0","64","1000",
"69632","False","9/3/2021 15:32:41","6/30/2021 18:10:31","0","0","Microsoft-Windows-WorkFolders/WHC","Operational","Application","True","False","O:BAG:SYD:(A;;0x2;;;S-1-15-2-1)(A;;0x2;;;S-1-15-3-1024-3153509613-960666767-3724611135-2725662640-12138253-543910227-1950414635-4190290187)(A;;0xf0007;;;SY)(A;;0x7;;;BA)(A;;0x7;;;SO)(A;;0x3;;;IU)(A;;0x3;;;SU)(A;;0x3;;;S-1-5-3)(A;;0x3;;;S-1-5-33)(A;;0x1;;;S-1-5-32-573)","%SystemRoot%\System32\Winevt\Logs\Microsoft-Windows-WorkFolders%4WHC.evtx","1052672","Circular","Microsoft-Windows-WorkFolders","System.String[]",,,"64","0","64","1000",
"69632","False","9/3/2021 15:32:41","6/30/2021 18:10:31","0","0","Microsoft-Windows-WorkFolders/Operational","Operational","Application","True","False","O:BAG:SYD:(A;;0x2;;;S-1-15-2-1)(A;;0x2;;;S-1-15-3-1024-3153509613-960666767-3724611135-2725662640-12138253-543910227-1950414635-4190290187)(A;;0xf0007;;;SY)(A;;0x7;;;BA)(A;;0x7;;;SO)(A;;0x3;;;IU)(A;;0x3;;;SU)(A;;0x3;;;S-1-5-3)(A;;0x3;;;S-1-5-33)(A;;0x1;;;S-1-5-32-573)","%SystemRoot%\System32\Winevt\Logs\Microsoft-Windows-WorkFolders%4Operational.evtx","1052672","Circular","Microsoft-Windows-WorkFolders","System.String[]",,,"64","0","64","1000",
,,,,,,"Microsoft-Windows-Wordpad/Admin","Operational","Application","False","False","O:BAG:SYD:(A;;0x2;;;S-1-15-2-1)(A;;0x2;;;S-1-15-3-1024-3153509613-960666767-3724611135-2725662640-12138253-543910227-1950414635-4190290187)(A;;0xf0007;;;SY)(A;;0x7;;;BA)(A;;0x7;;;SO)(A;;0x3;;;IU)(A;;0x3;;;SU)(A;;0x3;;;S-1-5-3)(A;;0x3;;;S-1-5-33)(A;;0x1;;;S-1-5-32-573)","%SystemRoot%\System32\Winevt\Logs\Microsoft-Windows-Wordpad%4Admin.evtx","1052672","Circular","Microsoft-Windows-Wordpad","System.String[]",,,"64","0","64","1000",
"69632","False","9/3/2021 15:32:41","6/30/2021 18:10:31","0","0","Microsoft-Windows-WMPNSS-Service/Operational","Operational","Application","True","False","O:BAG:SYD:(A;;0x2;;;S-1-15-2-1)(A;;0x2;;;S-1-15-3-1024-3153509613-960666767-3724611135-2725662640-12138253-543910227-1950414635-4190290187)(A;;0xf0007;;;SY)(A;;0x7;;;BA)(A;;0x7;;;SO)(A;;0x3;;;IU)(A;;0x3;;;SU)(A;;0x3;;;S-1-5-3)(A;;0x3;;;S-1-5-33)(A;;0x1;;;S-1-5-32-573)","%SystemRoot%\System32\Winevt\Logs\Microsoft-Windows-WMPNSS-Service%4Operational.evtx","1052672","Circular","Microsoft-Windows-WMPNSS-Service","System.String[]",,,"64","0","64","1000",
"1052672","False","9/3/2021 15:32:41","9/3/2021 15:32:13","73019","1587","Microsoft-Windows-WMI-Activity/Operational","Operational","Application","True","False","O:BAG:SYD:(A;;0x2;;;S-1-15-2-1)(A;;0x2;;;S-1-15-3-1024-3153509613-960666767-3724611135-2725662640-12138253-543910227-1950414635-4190290187)(A;;0xf0007;;;SY)(A;;0x7;;;BA)(A;;0x7;;;SO)(A;;0x3;;;IU)(A;;0x3;;;SU)(A;;0x3;;;S-1-5-3)(A;;0x3;;;S-1-5-33)(A;;0x1;;;S-1-5-32-573)","%SystemRoot%\System32\Winevt\Logs\Microsoft-Windows-WMI-Activity%4Operational.evtx","1052672","Circular","Microsoft-Windows-WMI-Activity","System.String[]",,,"64","0","64","1000",
,,,,,,"Microsoft-Windows-wmbclass/Trace","Operational","Application","False","False","O:BAG:SYD:(A;;0x2;;;S-1-15-2-1)(A;;0x2;;;S-1-15-3-1024-3153509613-960666767-3724611135-2725662640-12138253-543910227-1950414635-4190290187)(A;;0xf0007;;;SY)(A;;0x7;;;BA)(A;;0x7;;;SO)(A;;0x3;;;IU)(A;;0x3;;;SU)(A;;0x3;;;S-1-5-3)(A;;0x3;;;S-1-5-33)(A;;0x1;;;S-1-5-32-573)","%SystemRoot%\System32\Winevt\Logs\Microsoft-Windows-wmbclass%4Trace.evtx","1052672","Circular","Microsoft-Windows-wmbclass","System.String[]",,,"64","0","64","1000",
"69632","False","9/3/2021 15:32:41","6/30/2021 18:10:31","0","0","Microsoft-Windows-WLAN-AutoConfig/Operational","Operational","Application","True","False","O:BAG:SYD:(A;;0x2;;;S-1-15-2-1)(A;;0x2;;;S-1-15-3-1024-3153509613-960666767-3724611135-2725662640-12138253-543910227-1950414635-4190290187)(A;;0xf0007;;;SY)(A;;0x7;;;BA)(A;;0x7;;;SO)(A;;0x3;;;IU)(A;;0x3;;;SU)(A;;0x3;;;S-1-5-3)(A;;0x3;;;S-1-5-33)(A;;0x1;;;S-1-5-32-573)","%SystemRoot%\System32\Winevt\Logs\Microsoft-Windows-WLAN-AutoConfig%4Operational.evtx","1052672","Circular","Microsoft-Windows-WLAN-AutoConfig","System.String[]",,,"64","0","64","1000",
"69632","False","9/3/2021 15:32:41","6/30/2021 18:10:31","0","0","Microsoft-Windows-Wired-AutoConfig/Operational","Operational","Application","True","False","O:BAG:SYD:(A;;0x2;;;S-1-15-2-1)(A;;0x2;;;S-1-15-3-1024-3153509613-960666767-3724611135-2725662640-12138253-543910227-1950414635-4190290187)(A;;0xf0007;;;SY)(A;;0x7;;;BA)(A;;0x7;;;SO)(A;;0x3;;;IU)(A;;0x3;;;SU)(A;;0x3;;;S-1-5-3)(A;;0x3;;;S-1-5-33)(A;;0x1;;;S-1-5-32-573)","%SystemRoot%\System32\Winevt\Logs\Microsoft-Windows-Wired-AutoConfig%4Operational.evtx","1052672","Circular","Microsoft-Windows-Wired-AutoConfig","System.String[]",,,"64","0","64","1000",
"69632","False","9/3/2021 15:32:41","6/30/2021 18:10:31","0","0","Microsoft-Windows-Winsock-WS2HELP/Operational","Operational","System","True","False","O:BAG:SYD:(A;;0xf0007;;;SY)(A;;0x7;;;BA)(A;;0x3;;;BO)(A;;0x5;;;SO)(A;;0x1;;;IU)(A;;0x3;;;SU)(A;;0x1;;;S-1-5-3)(A;;0x2;;;S-1-5-33)(A;;0x1;;;S-1-5-32-573)","%SystemRoot%\System32\Winevt\Logs\Microsoft-Windows-Winsock-WS2HELP%4Operational.evtx","1052672","Circular","Microsoft-Windows-Winsock-WS2HELP","System.String[]",,,"64","0","16","1000",
,,,,,,"Microsoft-Windows-Winsock-NameResolution/Operational","Operational","Application","False","False","O:BAG:SYD:(A;;0x2;;;S-1-15-2-1)(A;;0x2;;;S-1-15-3-1024-3153509613-960666767-3724611135-2725662640-12138253-543910227-1950414635-4190290187)(A;;0xf0007;;;SY)(A;;0x7;;;BA)(A;;0x7;;;SO)(A;;0x3;;;IU)(A;;0x3;;;SU)(A;;0x3;;;S-1-5-3)(A;;0x3;;;S-1-5-33)(A;;0x1;;;S-1-5-32-573)","%SystemRoot%\System32\Winevt\Logs\Microsoft-Windows-Winsock-NameResolution%4Operational.evtx","1052672","Circular","Microsoft-Windows-Winsock-NameResolution","System.String[]",,,"64","0","64","1000",
,,,,,,"Microsoft-Windows-Winsock-AFD/Operational","Operational","System","False","False","O:BAG:SYD:(A;;0xf0007;;;SY)(A;;0x7;;;BA)(A;;0x3;;;BO)(A;;0x5;;;SO)(A;;0x1;;;IU)(A;;0x3;;;SU)(A;;0x1;;;S-1-5-3)(A;;0x2;;;S-1-5-33)(A;;0x1;;;S-1-5-32-573)","%SystemRoot%\System32\Winevt\Logs\Microsoft-Windows-Winsock-AFD%4Operational.evtx","1052672","Circular","Microsoft-Windows-Winsock-AFD","System.String[]",,,"64","0","16","1000",
"1052672","False","9/3/2021 15:32:08","9/3/2021 15:32:08","10923","1618","Microsoft-Windows-WinRM/Operational","Operational","Application","True","False","O:BAG:SYD:(A;;0x2;;;S-1-15-2-1)(A;;0x2;;;S-1-15-3-1024-3153509613-960666767-3724611135-2725662640-12138253-543910227-1950414635-4190290187)(A;;0xf0007;;;SY)(A;;0x7;;;BA)(A;;0x7;;;SO)(A;;0x3;;;IU)(A;;0x3;;;SU)(A;;0x3;;;S-1-5-3)(A;;0x3;;;S-1-5-33)(A;;0x1;;;S-1-5-32-573)","%SystemRoot%\System32\Winevt\Logs\Microsoft-Windows-WinRM%4Operational.evtx","1052672","Circular","Microsoft-Windows-WinRM","System.String[]",,,"64","0","64","1000",
,,,,,,"Microsoft-Windows-WinNat/Oper","Operational","System","False","False","O:BAG:SYD:(A;;0xf0007;;;SY)(A;;0x7;;;BA)(A;;0x3;;;BO)(A;;0x5;;;SO)(A;;0x1;;;IU)(A;;0x3;;;SU)(A;;0x1;;;S-1-5-3)(A;;0x2;;;S-1-5-33)(A;;0x1;;;S-1-5-32-573)","%SystemRoot%\System32\Winevt\Logs\Microsoft-Windows-WinNat%4Oper.evtx","1052672","Circular","Microsoft-Windows-WinNat","System.String[]",,,"64","0","16","1000",
"1052672","False","9/3/2021 14:10:33","9/3/2021 13:27:05","1617","2543","Microsoft-Windows-Winlogon/Operational","Operational","Application","True","False","O:BAG:SYD:(A;;0x2;;;S-1-15-2-1)(A;;0x2;;;S-1-15-3-1024-3153509613-960666767-3724611135-2725662640-12138253-543910227-1950414635-4190290187)(A;;0xf0007;;;SY)(A;;0x7;;;BA)(A;;0x7;;;SO)(A;;0x3;;;IU)(A;;0x3;;;SU)(A;;0x3;;;S-1-5-3)(A;;0x3;;;S-1-5-33)(A;;0x1;;;S-1-5-32-573)","%SystemRoot%\System32\Winevt\Logs\Microsoft-Windows-Winlogon%4Operational.evtx","1052672","Circular","Microsoft-Windows-Winlogon","System.String[]",,,"64","0","64","1000",
"69632","False","9/3/2021 15:32:41","6/30/2021 18:10:31","0","0","Microsoft-Windows-WinINet/Operational","Operational","Application","True","False","O:BAG:SYD:(A;;0x2;;;S-1-15-2-1)(A;;0x2;;;S-1-15-3-1024-3153509613-960666767-3724611135-2725662640-12138253-543910227-1950414635-4190290187)(A;;0xf0007;;;SY)(A;;0x7;;;BA)(A;;0x7;;;SO)(A;;0x3;;;IU)(A;;0x3;;;SU)(A;;0x3;;;S-1-5-3)(A;;0x3;;;S-1-5-33)(A;;0x1;;;S-1-5-32-573)","%SystemRoot%\System32\Winevt\Logs\Microsoft-Windows-WinINet%4Operational.evtx","1052672","Circular","Microsoft-Windows-WinINet-Capture","System.String[]",,,"64","0","64","1000",
"69632","False","9/3/2021 15:32:41","6/30/2021 18:10:31","1","1","Microsoft-Windows-WinINet-Config/ProxyConfigChanged","Operational","Application","True","False","O:BAG:SYD:(A;;0x2;;;S-1-15-2-1)(A;;0x2;;;S-1-15-3-1024-3153509613-960666767-3724611135-2725662640-12138253-543910227-1950414635-4190290187)(A;;0xf0007;;;SY)(A;;0x7;;;BA)(A;;0x7;;;SO)(A;;0x3;;;IU)(A;;0x3;;;SU)(A;;0x3;;;S-1-5-3)(A;;0x3;;;S-1-5-33)(A;;0x1;;;S-1-5-32-573)","%SystemRoot%\System32\Winevt\Logs\Microsoft-Windows-WinINet-Config%4ProxyConfigChanged.evtx","1052672","Circular","Microsoft-Windows-WinINet-Config","System.String[]",,,"64","0","64","1000",
,,,,,,"Microsoft-Windows-WinINet-Capture/Analytic","Operational","Application","False","False","O:BAG:SYD:(A;;0x2;;;S-1-15-2-1)(A;;0x2;;;S-1-15-3-1024-3153509613-960666767-3724611135-2725662640-12138253-543910227-1950414635-4190290187)(A;;0xf0007;;;SY)(A;;0x7;;;BA)(A;;0x7;;;SO)(A;;0x3;;;IU)(A;;0x3;;;SU)(A;;0x3;;;S-1-5-3)(A;;0x3;;;S-1-5-33)(A;;0x1;;;S-1-5-32-573)","%SystemRoot%\System32\Winevt\Logs\Microsoft-Windows-WinINet-Capture%4Analytic.evtx","1052672","Circular","Microsoft-Windows-WinINet-Capture","System.String[]",,,"64","0","64","1000",
"69632","False","9/3/2021 15:32:41","6/30/2021 18:10:31","0","0","Microsoft-Windows-WinHttp/Operational","Operational","Application","True","False","O:BAG:SYD:(A;;0x2;;;S-1-15-2-1)(A;;0x2;;;S-1-15-3-1024-3153509613-960666767-3724611135-2725662640-12138253-543910227-1950414635-4190290187)(A;;0xf0007;;;SY)(A;;0x7;;;BA)(A;;0x7;;;SO)(A;;0x3;;;IU)(A;;0x3;;;SU)(A;;0x3;;;S-1-5-3)(A;;0x3;;;S-1-5-33)(A;;0x1;;;S-1-5-32-573)","%SystemRoot%\System32\Winevt\Logs\Microsoft-Windows-WinHttp%4Operational.evtx","1052672","Circular","Microsoft-Windows-WinHttp","System.String[]",,,"64","0","64","1000",
,,,,,,"Microsoft-Windows-WinHTTP-NDF/Diagnostic","Operational","Application","False","False","O:BAG:SYD:(A;;0x2;;;S-1-15-2-1)(A;;0x2;;;S-1-15-3-1024-3153509613-960666767-3724611135-2725662640-12138253-543910227-1950414635-4190290187)(A;;0xf0007;;;SY)(A;;0x7;;;BA)(A;;0x7;;;SO)(A;;0x3;;;IU)(A;;0x3;;;SU)(A;;0x3;;;S-1-5-3)(A;;0x3;;;S-1-5-33)(A;;0x1;;;S-1-5-32-573)","%SystemRoot%\System32\Winevt\Logs\Microsoft-Windows-WinHTTP-NDF%4Diagnostic.evtx","1052672","Circular","Microsoft-Windows-WinHttp","System.String[]",,,"64","0","64","1000",
"1052672","False","9/3/2021 15:31:10","9/3/2021 15:31:10","31420","2374","Microsoft-Windows-WindowsUpdateClient/Operational","Operational","System","True","False","O:BAG:SYD:(A;;0xf0007;;;SY)(A;;0x7;;;BA)(A;;0x3;;;BO)(A;;0x5;;;SO)(A;;0x1;;;IU)(A;;0x3;;;SU)(A;;0x1;;;S-1-5-3)(A;;0x2;;;S-1-5-33)(A;;0x1;;;S-1-5-32-573)","%SystemRoot%\System32\Winevt\Logs\Microsoft-Windows-WindowsUpdateClient%4Operational.evtx","1052672","Circular","Microsoft-Windows-WindowsUpdateClient","System.String[]",,,"64","0","16","1000",
,,,,,,"Microsoft-Windows-WindowsUIImmersive/Operational","Operational","Application","False","False","O:BAG:SYD:(A;;0x2;;;S-1-15-2-1)(A;;0x2;;;S-1-15-3-1024-3153509613-960666767-3724611135-2725662640-12138253-543910227-1950414635-4190290187)(A;;0xf0007;;;SY)(A;;0x7;;;BA)(A;;0x7;;;SO)(A;;0x3;;;IU)(A;;0x3;;;SU)(A;;0x3;;;S-1-5-3)(A;;0x3;;;S-1-5-33)(A;;0x1;;;S-1-5-32-573)","%SystemRoot%\System32\Winevt\Logs\Microsoft-Windows-WindowsUIImmersive%4Operational.evtx","1052672","Circular","Microsoft-Windows-WindowsUIImmersive","System.String[]",,,"64","0","64","1000",
"1052672","False","9/3/2021 14:10:33","9/3/2021 07:37:09","1","152","Microsoft-Windows-WindowsSystemAssessmentTool/Operational","Operational","Application","True","False","O:BAG:SYD:(A;;0x2;;;S-1-15-2-1)(A;;0x2;;;S-1-15-3-1024-3153509613-960666767-3724611135-2725662640-12138253-543910227-1950414635-4190290187)(A;;0xf0007;;;SY)(A;;0x7;;;BA)(A;;0x7;;;SO)(A;;0x3;;;IU)(A;;0x3;;;SU)(A;;0x3;;;S-1-5-3)(A;;0x3;;;S-1-5-33)(A;;0x1;;;S-1-5-32-573)","%SystemRoot%\System32\Winevt\Logs\Microsoft-Windows-WindowsSystemAssessmentTool%4Operational.evtx","1052672","Circular","Microsoft-Windows-WindowsSystemAssessmentTool","System.String[]",,,"64","0","64","1000",
,,,,,,"Microsoft-Windows-WindowsColorSystem/Operational","Operational","Application","False","False","O:BAG:SYD:(A;;0x2;;;S-1-15-2-1)(A;;0x2;;;S-1-15-3-1024-3153509613-960666767-3724611135-2725662640-12138253-543910227-1950414635-4190290187)(A;;0xf0007;;;SY)(A;;0x7;;;BA)(A;;0x7;;;SO)(A;;0x3;;;IU)(A;;0x3;;;SU)(A;;0x3;;;S-1-5-3)(A;;0x3;;;S-1-5-33)(A;;0x1;;;S-1-5-32-573)","%SystemRoot%\System32\Winevt\Logs\Microsoft-Windows-WindowsColorSystem%4Operational.evtx","1052672","Circular","Microsoft-Windows-WindowsColorSystem","System.String[]",,,"64","0","64","1000",
"69632","False","9/3/2021 15:32:41","6/30/2021 18:10:31","0","0","Microsoft-Windows-WindowsBackup/ActionCenter","Administrative","System","True","False","O:BAG:SYD:(A;;0xf0007;;;SY)(A;;0x7;;;BA)(A;;0x3;;;BO)(A;;0x5;;;SO)(A;;0x1;;;IU)(A;;0x3;;;SU)(A;;0x1;;;S-1-5-3)(A;;0x2;;;S-1-5-33)(A;;0x1;;;S-1-5-32-573)","%SystemRoot%\System32\Winevt\Logs\Microsoft-Windows-WindowsBackup%4ActionCenter.evtx","1052672","Circular","Microsoft-Windows-WindowsBackup","System.String[]",,,"64","0","16","1000",
,,,,,,"Microsoft-Windows-Windows Firewall With Advanced Security/FirewallVerbose","Operational","Application","False","False","O:BAG:SYD:(A;;0x2;;;S-1-15-2-1)(A;;0x2;;;S-1-15-3-1024-3153509613-960666767-3724611135-2725662640-12138253-543910227-1950414635-4190290187)(A;;0xf0007;;;SY)(A;;0x7;;;BA)(A;;0x7;;;SO)(A;;0x3;;;IU)(A;;0x3;;;SU)(A;;0x3;;;S-1-5-3)(A;;0x3;;;S-1-5-33)(A;;0x1;;;S-1-5-32-573)","%SystemRoot%\System32\Winevt\Logs\Microsoft-Windows-Windows Firewall With Advanced Security%4FirewallVerbose.evtx","1052672","Circular","Microsoft-Windows-Windows Firewall With Advanced Security","System.String[]",,,"64","0","64","1000",
"69632","False","9/3/2021 15:32:41","8/24/2021 16:22:22","1","3","Microsoft-Windows-Windows Firewall With Advanced Security/FirewallDiagnostics","Operational","Application","True","False","O:BAG:SYD:(A;;0x2;;;S-1-15-2-1)(A;;0x2;;;S-1-15-3-1024-3153509613-960666767-3724611135-2725662640-12138253-543910227-1950414635-4190290187)(A;;0xf0007;;;SY)(A;;0x7;;;BA)(A;;0x7;;;SO)(A;;0x3;;;IU)(A;;0x3;;;SU)(A;;0x3;;;S-1-5-3)(A;;0x3;;;S-1-5-33)(A;;0x1;;;S-1-5-32-573)","%SystemRoot%\System32\Winevt\Logs\Microsoft-Windows-Windows Firewall With Advanced Security%4FirewallDiagnostics.evtx","1052672","Circular","Microsoft-Windows-Windows Firewall With Advanced Security","System.String[]",,,"64","0","64","1000",
"1052672","False","9/3/2021 14:10:33","9/3/2021 13:27:05","4478","1132","Microsoft-Windows-Windows Firewall With Advanced Security/Firewall","Operational","Application","True","False","O:BAG:SYD:(A;;0x2;;;S-1-15-2-1)(A;;0x2;;;S-1-15-3-1024-3153509613-960666767-3724611135-2725662640-12138253-543910227-1950414635-4190290187)(A;;0xf0007;;;SY)(A;;0x7;;;BA)(A;;0x7;;;SO)(A;;0x3;;;IU)(A;;0x3;;;SU)(A;;0x3;;;S-1-5-3)(A;;0x3;;;S-1-5-33)(A;;0x1;;;S-1-5-32-573)","%SystemRoot%\System32\Winevt\Logs\Microsoft-Windows-Windows Firewall With Advanced Security%4Firewall.evtx","1052672","Circular","Microsoft-Windows-Windows Firewall With Advanced Security","System.String[]",,,"64","0","64","1000",
"69632","False","9/3/2021 15:32:41","6/30/2021 18:10:31","0","0","Microsoft-Windows-Windows Defender/WHC","Operational","System","True","False","O:BAG:SYD:(A;;0xf0007;;;SY)(A;;0x7;;;BA)(A;;0x3;;;BO)(A;;0x5;;;SO)(A;;0x1;;;IU)(A;;0x3;;;SU)(A;;0x1;;;S-1-5-3)(A;;0x2;;;S-1-5-33)(A;;0x1;;;S-1-5-32-573)","%SystemRoot%\System32\Winevt\Logs\Microsoft-Windows-Windows Defender%4WHC.evtx","1052672","Circular","Microsoft-Windows-Windows Defender","System.String[]",,,"64","0","16","1000",
"1052672","False","9/3/2021 14:10:33","6/30/2021 18:10:31","1","63","Microsoft-Windows-Windows Defender/Operational","Operational","System","True","False","O:BAG:SYD:(A;;0xf0007;;;SY)(A;;0x7;;;BA)(A;;0x3;;;BO)(A;;0x5;;;SO)(A;;0x1;;;IU)(A;;0x3;;;SU)(A;;0x1;;;S-1-5-3)(A;;0x2;;;S-1-5-33)(A;;0x1;;;S-1-5-32-573)","%SystemRoot%\System32\Winevt\Logs\Microsoft-Windows-Windows Defender%4Operational.evtx","1052672","Circular","Microsoft-Windows-Windows Defender","System.String[]",,,"64","0","16","1000",
"69632","False","9/3/2021 15:32:41","6/30/2021 18:10:31","0","0","Microsoft-Windows-Win32k/Operational","Operational","System","True","False","O:BAG:SYD:(A;;0xf0007;;;SY)(A;;0x7;;;BA)(A;;0x3;;;BO)(A;;0x5;;;SO)(A;;0x1;;;IU)(A;;0x3;;;SU)(A;;0x1;;;S-1-5-3)(A;;0x2;;;S-1-5-33)(A;;0x1;;;S-1-5-32-573)","%SystemRoot%\System32\Winevt\Logs\Microsoft-Windows-Win32k%4Operational.evtx","1052672","Circular","Microsoft-Windows-Win32k","System.String[]",,,"64","0","16","1000",
"1052672","False","9/3/2021 14:10:33","9/3/2021 06:35:09","1","513","Microsoft-Windows-WFP/Operational","Operational","System","True","False","O:BAG:SYD:(A;;0xf0007;;;SY)(A;;0x7;;;BA)(A;;0x3;;;BO)(A;;0x5;;;SO)(A;;0x1;;;IU)(A;;0x3;;;SU)(A;;0x1;;;S-1-5-3)(A;;0x2;;;S-1-5-33)(A;;0x1;;;S-1-5-32-573)","%SystemRoot%\System32\Winevt\Logs\Microsoft-Windows-WFP%4Operational.evtx","1052672","Circular","Microsoft-Windows-WFP","System.String[]",,,"64","0","16","1000",
"1052672","False","9/3/2021 14:10:33","9/2/2021 22:46:33","11324","2321","Microsoft-Windows-WerKernel/Operational","Operational","System","True","False","O:BAG:SYD:(A;;0xf0007;;;SY)(A;;0x7;;;BA)(A;;0x3;;;BO)(A;;0x5;;;SO)(A;;0x1;;;IU)(A;;0x3;;;SU)(A;;0x1;;;S-1-5-3)(A;;0x2;;;S-1-5-33)(A;;0x1;;;S-1-5-32-573)","%SystemRoot%\System32\Winevt\Logs\Microsoft-Windows-WerKernel%4Operational.evtx","1052672","Circular","Microsoft-Windows-WerKernel","System.String[]",,,"64","0","16","1000",
"1052672","False","9/3/2021 14:10:33","9/3/2021 13:37:05","1","411","Microsoft-Windows-WER-PayloadHealth/Operational","Operational","Application","True","False","O:BAG:SYD:(A;;0x2;;;S-1-15-2-1)(A;;0x2;;;S-1-15-3-1024-3153509613-960666767-3724611135-2725662640-12138253-543910227-1950414635-4190290187)(A;;0xf0007;;;SY)(A;;0x7;;;BA)(A;;0x7;;;SO)(A;;0x3;;;IU)(A;;0x3;;;SU)(A;;0x3;;;S-1-5-3)(A;;0x3;;;S-1-5-33)(A;;0x1;;;S-1-5-32-573)","%SystemRoot%\System32\Winevt\Logs\Microsoft-Windows-WER-PayloadHealth%4Operational.evtx","1052672","Circular","Microsoft-Windows-WER-PayloadHealth","System.String[]",,,"64","0","64","1000",
"69632","False","9/3/2021 15:32:41","9/3/2021 06:24:43","1","38","Microsoft-Windows-WER-Diag/Operational","Operational","Application","True","False","O:BAG:SYD:(A;;0x2;;;S-1-15-2-1)(A;;0x2;;;S-1-15-3-1024-3153509613-960666767-3724611135-2725662640-12138253-543910227-1950414635-4190290187)(A;;0xf0007;;;SY)(A;;0x7;;;BA)(A;;0x7;;;SO)(A;;0x3;;;IU)(A;;0x3;;;SU)(A;;0x3;;;S-1-5-3)(A;;0x3;;;S-1-5-33)(A;;0x1;;;S-1-5-32-573)","%SystemRoot%\System32\Winevt\Logs\Microsoft-Windows-WER-Diag%4Operational.evtx","1052672","Circular","Microsoft-Windows-WER-Diag","System.String[]",,,"64","0","64","1000",
,,,,,,"Microsoft-Windows-WEPHOSTSVC/Operational","Operational","Application","False","False","O:BAG:SYD:(A;;0x2;;;S-1-15-2-1)(A;;0x2;;;S-1-15-3-1024-3153509613-960666767-3724611135-2725662640-12138253-543910227-1950414635-4190290187)(A;;0xf0007;;;SY)(A;;0x7;;;BA)(A;;0x7;;;SO)(A;;0x3;;;IU)(A;;0x3;;;SU)(A;;0x3;;;S-1-5-3)(A;;0x3;;;S-1-5-33)(A;;0x1;;;S-1-5-32-573)","%SystemRoot%\System32\Winevt\Logs\Microsoft-Windows-WEPHOSTSVC%4Operational.evtx","1052672","Circular","Microsoft-Windows-WEPHOSTSVC","System.String[]",,,"64","0","64","1000",
,,,,,,"Microsoft-Windows-WebIO-NDF/Diagnostic","Operational","Application","False","False","O:BAG:SYD:(A;;0x2;;;S-1-15-2-1)(A;;0x2;;;S-1-15-3-1024-3153509613-960666767-3724611135-2725662640-12138253-543910227-1950414635-4190290187)(A;;0xf0007;;;SY)(A;;0x7;;;BA)(A;;0x7;;;SO)(A;;0x3;;;IU)(A;;0x3;;;SU)(A;;0x3;;;S-1-5-3)(A;;0x3;;;S-1-5-33)(A;;0x1;;;S-1-5-32-573)","%SystemRoot%\System32\Winevt\Logs\Microsoft-Windows-WebIO-NDF%4Diagnostic.evtx","1052672","Circular","Microsoft-Windows-WebIO","System.String[]",,,"64","0","64","1000",
"69632","False","9/3/2021 15:32:41","9/3/2021 06:11:04","1","75","Microsoft-Windows-WebAuthN/Operational","Operational","Application","True","False","O:BAG:SYD:(A;;0x2;;;S-1-15-2-1)(A;;0x2;;;S-1-15-3-1024-3153509613-960666767-3724611135-2725662640-12138253-543910227-1950414635-4190290187)(A;;0xf0007;;;SY)(A;;0x7;;;BA)(A;;0x7;;;SO)(A;;0x3;;;IU)(A;;0x3;;;SU)(A;;0x3;;;S-1-5-3)(A;;0x3;;;S-1-5-33)(A;;0x1;;;S-1-5-32-573)","%SystemRoot%\System32\Winevt\Logs\Microsoft-Windows-WebAuthN%4Operational.evtx","5242880","Circular","Microsoft-Windows-WebAuthN","System.String[]",,,"64","0","64","1000",
,,,,,,"Microsoft-Windows-WebAuth/Operational","Operational","Application","False","False","O:BAG:SYD:(A;;0x2;;;S-1-15-2-1)(A;;0x2;;;S-1-15-3-1024-3153509613-960666767-3724611135-2725662640-12138253-543910227-1950414635-4190290187)(A;;0xf0007;;;SY)(A;;0x7;;;BA)(A;;0x7;;;SO)(A;;0x3;;;IU)(A;;0x3;;;SU)(A;;0x3;;;S-1-5-3)(A;;0x3;;;S-1-5-33)(A;;0x1;;;S-1-5-32-573)","%SystemRoot%\System32\Winevt\Logs\Microsoft-Windows-WebAuth%4Operational.evtx","1052672","Circular","Microsoft-Windows-WebAuth","System.String[]",,,"64","0","64","1000",
"69632","False","9/3/2021 15:32:41","6/30/2021 18:10:31","0","0","Microsoft-Windows-WDAG-PolicyEvaluator-GP/Operational","Operational","Application","True","False","O:BAG:SYD:(A;;0x2;;;S-1-15-2-1)(A;;0x2;;;S-1-15-3-1024-3153509613-960666767-3724611135-2725662640-12138253-543910227-1950414635-4190290187)(A;;0xf0007;;;SY)(A;;0x7;;;BA)(A;;0x7;;;SO)(A;;0x3;;;IU)(A;;0x3;;;SU)(A;;0x3;;;S-1-5-3)(A;;0x3;;;S-1-5-33)(A;;0x1;;;S-1-5-32-573)","%SystemRoot%\System32\Winevt\Logs\Microsoft-Windows-WDAG-PolicyEvaluator-GP%4Operational.evtx","1052672","Circular","Microsoft-Windows-WDAG-PolicyEvaluator-GP","System.String[]",,,"64","0","64","1000",
"69632","False","9/3/2021 15:32:41","6/30/2021 18:10:31","0","0","Microsoft-Windows-WDAG-PolicyEvaluator-CSP/Operational","Operational","Application","True","False","O:BAG:SYD:(A;;0x2;;;S-1-15-2-1)(A;;0x2;;;S-1-15-3-1024-3153509613-960666767-3724611135-2725662640-12138253-543910227-1950414635-4190290187)(A;;0xf0007;;;SY)(A;;0x7;;;BA)(A;;0x7;;;SO)(A;;0x3;;;IU)(A;;0x3;;;SU)(A;;0x3;;;S-1-5-3)(A;;0x3;;;S-1-5-33)(A;;0x1;;;S-1-5-32-573)","%SystemRoot%\System32\Winevt\Logs\Microsoft-Windows-WDAG-PolicyEvaluator-CSP%4Operational.evtx","1052672","Circular","Microsoft-Windows-WDAG-PolicyEvaluator-CSP","System.String[]",,,"64","0","64","1000",
"1052672","False","9/3/2021 14:10:33","9/3/2021 13:27:05","1","882","Microsoft-Windows-Wcmsvc/Operational","Operational","Application","True","False","O:BAG:SYD:(A;;0x2;;;S-1-15-2-1)(A;;0x2;;;S-1-15-3-1024-3153509613-960666767-3724611135-2725662640-12138253-543910227-1950414635-4190290187)(A;;0xf0007;;;SY)(A;;0x7;;;BA)(A;;0x7;;;SO)(A;;0x3;;;IU)(A;;0x3;;;SU)(A;;0x3;;;S-1-5-3)(A;;0x3;;;S-1-5-33)(A;;0x1;;;S-1-5-32-573)","%SystemRoot%\System32\Winevt\Logs\Microsoft-Windows-Wcmsvc%4Operational.evtx","1052672","Circular","Microsoft-Windows-Wcmsvc","System.String[]",,,"64","0","64","1000",
"69632","False","9/3/2021 15:32:41","6/30/2021 18:10:31","0","0","Microsoft-Windows-VPN/Operational","Operational","System","True","False","O:BAG:SYD:(A;;0xf0007;;;SY)(A;;0x7;;;BA)(A;;0x3;;;BO)(A;;0x5;;;SO)(A;;0x1;;;IU)(A;;0x3;;;SU)(A;;0x1;;;S-1-5-3)(A;;0x2;;;S-1-5-33)(A;;0x1;;;S-1-5-32-573)","%SystemRoot%\System32\Winevt\Logs\Microsoft-Windows-VPN%4Operational.evtx","1052672","Circular","Microsoft-Windows-WFP","System.String[]",,,"64","0","16","1000",
"69632","False","9/3/2021 15:32:41","6/30/2021 18:10:31","0","0","Microsoft-Windows-VPN-Client/Operational","Operational","Application","True","False","O:BAG:SYD:(A;;0x2;;;S-1-15-2-1)(A;;0x2;;;S-1-15-3-1024-3153509613-960666767-3724611135-2725662640-12138253-543910227-1950414635-4190290187)(A;;0xf0007;;;SY)(A;;0x7;;;BA)(A;;0x7;;;SO)(A;;0x3;;;IU)(A;;0x3;;;SU)(A;;0x3;;;S-1-5-3)(A;;0x3;;;S-1-5-33)(A;;0x1;;;S-1-5-32-573)","%SystemRoot%\System32\Winevt\Logs\Microsoft-Windows-VPN-Client%4Operational.evtx","1052672","Circular","Microsoft-Windows-VPN-Client","System.String[]",,,"64","0","64","1000",
"1052672","False","9/3/2021 14:10:33","9/3/2021 07:04:51","1","1550","Microsoft-Windows-VolumeSnapshot-Driver/Operational","Operational","System","True","False","O:BAG:SYD:(A;;0xf0007;;;SY)(A;;0x7;;;BA)(A;;0x3;;;BO)(A;;0x5;;;SO)(A;;0x1;;;IU)(A;;0x3;;;SU)(A;;0x1;;;S-1-5-3)(A;;0x2;;;S-1-5-33)(A;;0x1;;;S-1-5-32-573)","%SystemRoot%\System32\Winevt\Logs\Microsoft-Windows-VolumeSnapshot-Driver%4Operational.evtx","1052672","Circular","Microsoft-Windows-VolumeSnapshot-Driver","System.String[]",,,"64","0","16","1000",
"69632","False","9/3/2021 15:32:41","6/30/2021 18:10:31","0","0","Microsoft-Windows-Volume/Diagnostic","Operational","System","True","False","O:BAG:SYD:(A;;0xf0007;;;SY)(A;;0x7;;;BA)(A;;0x3;;;BO)(A;;0x5;;;SO)(A;;0x1;;;IU)(A;;0x3;;;SU)(A;;0x1;;;S-1-5-3)(A;;0x2;;;S-1-5-33)(A;;0x1;;;S-1-5-32-573)","%SystemRoot%\System32\Winevt\Logs\Microsoft-Windows-Volume%4Diagnostic.evtx","1052672","Circular","Microsoft-Windows-Volume","System.String[]",,,"64","0","16","1000",
"1052672","False","9/3/2021 14:10:33","9/3/2021 06:16:05","4895","1717","Microsoft-Windows-VHDMP-Operational","Operational","System","True","False","O:BAG:SYD:(A;;0xf0007;;;SY)(A;;0x7;;;BA)(A;;0x3;;;BO)(A;;0x5;;;SO)(A;;0x1;;;IU)(A;;0x3;;;SU)(A;;0x1;;;S-1-5-3)(A;;0x2;;;S-1-5-33)(A;;0x1;;;S-1-5-32-573)","%SystemRoot%\System32\Winevt\Logs\Microsoft-Windows-VHDMP-Operational.evtx","1052672","Circular","Microsoft-Windows-VHDMP","System.String[]",,,"64","0","16","1000",
,,,,,,"Microsoft-Windows-VerifyHardwareSecurity/Operational","Operational","Application","False","False","O:BAG:SYD:(A;;0x2;;;S-1-15-2-1)(A;;0x2;;;S-1-15-3-1024-3153509613-960666767-3724611135-2725662640-12138253-543910227-1950414635-4190290187)(A;;0xf0007;;;SY)(A;;0x7;;;BA)(A;;0x7;;;SO)(A;;0x3;;;IU)(A;;0x3;;;SU)(A;;0x3;;;S-1-5-3)(A;;0x3;;;S-1-5-33)(A;;0x1;;;S-1-5-32-573)","%SystemRoot%\System32\Winevt\Logs\Microsoft-Windows-VerifyHardwareSecurity%4Operational.evtx","1052672","Circular","Microsoft-Windows-VerifyHardwareSecurity","System.String[]",,,"64","0","64","1000",
"69632","False","9/3/2021 15:32:41","6/30/2021 18:10:31","0","0","Microsoft-Windows-VerifyHardwareSecurity/Admin","Administrative","Application","True","False","O:BAG:SYD:(A;;0x2;;;S-1-15-2-1)(A;;0x2;;;S-1-15-3-1024-3153509613-960666767-3724611135-2725662640-12138253-543910227-1950414635-4190290187)(A;;0xf0007;;;SY)(A;;0x7;;;BA)(A;;0x7;;;SO)(A;;0x3;;;IU)(A;;0x3;;;SU)(A;;0x3;;;S-1-5-3)(A;;0x3;;;S-1-5-33)(A;;0x1;;;S-1-5-32-573)","%SystemRoot%\System32\Winevt\Logs\Microsoft-Windows-VerifyHardwareSecurity%4Admin.evtx","1052672","Circular","Microsoft-Windows-VerifyHardwareSecurity","System.String[]",,,"64","0","64","1000",
"69632","False","9/3/2021 15:32:41","6/30/2021 18:10:31","0","0","Microsoft-Windows-VDRVROOT/Operational","Operational","System","True","False","O:BAG:SYD:(A;;0xf0007;;;SY)(A;;0x7;;;BA)(A;;0x3;;;BO)(A;;0x5;;;SO)(A;;0x1;;;IU)(A;;0x3;;;SU)(A;;0x1;;;S-1-5-3)(A;;0x2;;;S-1-5-33)(A;;0x1;;;S-1-5-32-573)","%SystemRoot%\System32\Winevt\Logs\Microsoft-Windows-VDRVROOT%4Operational.evtx","1052672","Circular","Microsoft-Windows-VDRVROOT","System.String[]",,,"64","0","16","1000",
"69632","False","9/3/2021 15:32:41","9/3/2021 07:42:21","1","87","Microsoft-Windows-UserPnp/DeviceInstall","Operational","Application","True","False","O:BAG:SYD:(A;;0x2;;;S-1-15-2-1)(A;;0x2;;;S-1-15-3-1024-3153509613-960666767-3724611135-2725662640-12138253-543910227-1950414635-4190290187)(A;;0xf0007;;;SY)(A;;0x7;;;BA)(A;;0x7;;;SO)(A;;0x3;;;IU)(A;;0x3;;;SU)(A;;0x3;;;S-1-5-3)(A;;0x3;;;S-1-5-33)(A;;0x1;;;S-1-5-32-573)","%SystemRoot%\System32\Winevt\Logs\Microsoft-Windows-UserPnp%4DeviceInstall.evtx","1052672","Circular","Microsoft-Windows-UserPnp","System.String[]",,,"64","0","64","1000",
"69632","False","9/3/2021 15:32:41","6/29/2021 07:18:00","0","0","Microsoft-Windows-UserPnp/ActionCenter","Operational","Application","True","False","O:BAG:SYD:(A;;0x2;;;S-1-15-2-1)(A;;0x2;;;S-1-15-3-1024-3153509613-960666767-3724611135-2725662640-12138253-543910227-1950414635-4190290187)(A;;0xf0007;;;SY)(A;;0x7;;;BA)(A;;0x7;;;SO)(A;;0x3;;;IU)(A;;0x3;;;SU)(A;;0x3;;;S-1-5-3)(A;;0x3;;;S-1-5-33)(A;;0x1;;;S-1-5-32-573)","%SystemRoot%\System32\Winevt\Logs\Microsoft-Windows-UserPnp%4ActionCenter.evtx","1052672","Circular","Microsoft-Windows-UserPnp","System.String[]",,,"64","0","64","1000",
"69632","False","9/3/2021 15:32:41","6/30/2021 18:10:31","0","0","Microsoft-Windows-User-Loader/Operational","Operational","Application","True","False","O:BAG:SYD:(A;;0x2;;;S-1-15-2-1)(A;;0x2;;;S-1-15-3-1024-3153509613-960666767-3724611135-2725662640-12138253-543910227-1950414635-4190290187)(A;;0xf0007;;;SY)(A;;0x7;;;BA)(A;;0x7;;;SO)(A;;0x3;;;IU)(A;;0x3;;;SU)(A;;0x3;;;S-1-5-3)(A;;0x3;;;S-1-5-33)(A;;0x1;;;S-1-5-32-573)","%SystemRoot%\System32\Winevt\Logs\Microsoft-Windows-User-Loader%4Operational.evtx","1052672","Circular","Microsoft-Windows-User-Loader","System.String[]",,,"64","0","64","1000",
"1118208","False","9/3/2021 14:10:33","9/3/2021 06:24:43","1","313","Microsoft-Windows-User Profile Service/Operational","Operational","Application","True","False","O:BAG:SYD:(A;;0x2;;;S-1-15-2-1)(A;;0x2;;;S-1-15-3-1024-3153509613-960666767-3724611135-2725662640-12138253-543910227-1950414635-4190290187)(A;;0xf0007;;;SY)(A;;0x7;;;BA)(A;;0x7;;;SO)(A;;0x3;;;IU)(A;;0x3;;;SU)(A;;0x3;;;S-1-5-3)(A;;0x3;;;S-1-5-33)(A;;0x1;;;S-1-5-32-573)","%SystemRoot%\System32\Winevt\Logs\Microsoft-Windows-User Profile Service%4Operational.evtx","4194304","Circular","Microsoft-Windows-User Profiles Service","System.String[]",,,"64","0","64","1000",
"1052672","False","9/3/2021 14:10:33","9/3/2021 06:24:43","1","97","Microsoft-Windows-User Device Registration/Admin","Administrative","Application","True","False","O:BAG:SYD:(A;;0x2;;;S-1-15-2-1)(A;;0x2;;;S-1-15-3-1024-3153509613-960666767-3724611135-2725662640-12138253-543910227-1950414635-4190290187)(A;;0xf0007;;;SY)(A;;0x7;;;BA)(A;;0x7;;;SO)(A;;0x3;;;IU)(A;;0x3;;;SU)(A;;0x3;;;S-1-5-3)(A;;0x3;;;S-1-5-33)(A;;0x1;;;S-1-5-32-573)","%SystemRoot%\System32\Winevt\Logs\Microsoft-Windows-User Device Registration%4Admin.evtx","1052672","Circular","Microsoft-Windows-User Device Registration","System.String[]",,,"64","0","64","1000",
"69632","False","9/3/2021 15:32:41","6/30/2021 18:10:31","0","0","Microsoft-Windows-User Control Panel/Operational","Operational","Application","True","False","O:BAG:SYD:(A;;0x2;;;S-1-15-2-1)(A;;0x2;;;S-1-15-3-1024-3153509613-960666767-3724611135-2725662640-12138253-543910227-1950414635-4190290187)(A;;0xf0007;;;SY)(A;;0x7;;;BA)(A;;0x7;;;SO)(A;;0x3;;;IU)(A;;0x3;;;SU)(A;;0x3;;;S-1-5-3)(A;;0x3;;;S-1-5-33)(A;;0x1;;;S-1-5-32-573)","%SystemRoot%\System32\Winevt\Logs\Microsoft-Windows-User Control Panel%4Operational.evtx","1052672","Circular","Microsoft-Windows-User-ControlPanel","System.String[]",,,"64","0","64","1000",
"1052672","False","9/3/2021 15:27:06","9/3/2021 15:27:06","3510","1785","Microsoft-Windows-UniversalTelemetryClient/Operational","Operational","Application","True","False","O:BAG:SYD:(A;;0x2;;;S-1-15-2-1)(A;;0x2;;;S-1-15-3-1024-3153509613-960666767-3724611135-2725662640-12138253-543910227-1950414635-4190290187)(A;;0xf0007;;;SY)(A;;0x7;;;BA)(A;;0x7;;;SO)(A;;0x3;;;IU)(A;;0x3;;;SU)(A;;0x3;;;S-1-5-3)(A;;0x3;;;S-1-5-33)(A;;0x1;;;S-1-5-32-573)","%SystemRoot%\System32\Winevt\Logs\Microsoft-Windows-UniversalTelemetryClient%4Operational.evtx","1052672","Circular","Microsoft-Windows-UniversalTelemetryClient","System.String[]",,,"64","0","64","1000",
"69632","False","9/3/2021 15:32:41","7/30/2021 14:03:17","1","1","Microsoft-Windows-UAC/Operational","Operational","Application","True","False","O:BAG:SYD:(A;;0x2;;;S-1-15-2-1)(A;;0x2;;;S-1-15-3-1024-3153509613-960666767-3724611135-2725662640-12138253-543910227-1950414635-4190290187)(A;;0xf0007;;;SY)(A;;0x7;;;BA)(A;;0x7;;;SO)(A;;0x3;;;IU)(A;;0x3;;;SU)(A;;0x3;;;S-1-5-3)(A;;0x3;;;S-1-5-33)(A;;0x1;;;S-1-5-32-573)","%SystemRoot%\System32\Winevt\Logs\Microsoft-Windows-UAC%4Operational.evtx","1052672","Circular","Microsoft-Windows-UAC","System.String[]",,,"64","0","64","1000",
"69632","False","9/3/2021 15:32:41","6/30/2021 18:10:31","0","0","Microsoft-Windows-TZUtil/Operational","Operational","Application","True","False","O:BAG:SYD:(A;;0x2;;;S-1-15-2-1)(A;;0x2;;;S-1-15-3-1024-3153509613-960666767-3724611135-2725662640-12138253-543910227-1950414635-4190290187)(A;;0xf0007;;;SY)(A;;0x7;;;BA)(A;;0x7;;;SO)(A;;0x3;;;IU)(A;;0x3;;;SU)(A;;0x3;;;S-1-5-3)(A;;0x3;;;S-1-5-33)(A;;0x1;;;S-1-5-32-573)","%SystemRoot%\System32\Winevt\Logs\Microsoft-Windows-TZUtil%4Operational.evtx","1052672","Circular","Microsoft-Windows-TZUtil","System.String[]",,,"64","0","64","1000",
"69632","False","9/3/2021 15:32:41","9/1/2021 18:54:53","1","20","Microsoft-Windows-TZSync/Operational","Operational","Application","True","False","O:BAG:SYD:(A;;0x2;;;S-1-15-2-1)(A;;0x2;;;S-1-15-3-1024-3153509613-960666767-3724611135-2725662640-12138253-543910227-1950414635-4190290187)(A;;0xf0007;;;SY)(A;;0x7;;;BA)(A;;0x7;;;SO)(A;;0x3;;;IU)(A;;0x3;;;SU)(A;;0x3;;;S-1-5-3)(A;;0x3;;;S-1-5-33)(A;;0x1;;;S-1-5-32-573)","%SystemRoot%\System32\Winevt\Logs\Microsoft-Windows-TZSync%4Operational.evtx","1052672","Circular","Microsoft-Windows-TZSync","System.String[]",,,"64","0","64","1000",
"69632","False","9/3/2021 15:32:41","9/3/2021 07:14:51","1","76","Microsoft-Windows-TWinUI/Operational","Operational","Application","True","False","O:BAG:SYD:(A;;0x2;;;S-1-15-2-1)(A;;0x2;;;S-1-15-3-1024-3153509613-960666767-3724611135-2725662640-12138253-543910227-1950414635-4190290187)(A;;0xf0007;;;SY)(A;;0x7;;;BA)(A;;0x7;;;SO)(A;;0x3;;;IU)(A;;0x3;;;SU)(A;;0x3;;;S-1-5-3)(A;;0x3;;;S-1-5-33)(A;;0x1;;;S-1-5-32-573)","%SystemRoot%\System32\Winevt\Logs\Microsoft-Windows-TWinUI%4Operational.evtx","1052672","Circular","Microsoft-Windows-Immersive-Shell","System.String[]",,,"64","0","64","1000",
"69632","False","9/3/2021 15:32:41","7/30/2021 14:03:17","1","19","Microsoft-Windows-Troubleshooting-Recommended/Operational","Operational","Application","True","False","O:BAG:SYD:(A;;0x2;;;S-1-15-2-1)(A;;0x2;;;S-1-15-3-1024-3153509613-960666767-3724611135-2725662640-12138253-543910227-1950414635-4190290187)(A;;0xf0007;;;SY)(A;;0x7;;;BA)(A;;0x7;;;SO)(A;;0x3;;;IU)(A;;0x3;;;SU)(A;;0x3;;;S-1-5-3)(A;;0x3;;;S-1-5-33)(A;;0x1;;;S-1-5-32-573)","%SystemRoot%\System32\Winevt\Logs\Microsoft-Windows-Troubleshooting-Recommended%4Operational.evtx","1052672","Circular","Microsoft-Windows-Troubleshooting-Recommended","System.String[]",,,"64","0","64","1000",
"69632","False","9/3/2021 15:32:41","6/30/2021 18:10:31","0","0","Microsoft-Windows-Troubleshooting-Recommended/Admin","Administrative","Application","True","False","O:BAG:SYD:(A;;0x2;;;S-1-15-2-1)(A;;0x2;;;S-1-15-3-1024-3153509613-960666767-3724611135-2725662640-12138253-543910227-1950414635-4190290187)(A;;0xf0007;;;SY)(A;;0x7;;;BA)(A;;0x7;;;SO)(A;;0x3;;;IU)(A;;0x3;;;SU)(A;;0x3;;;S-1-5-3)(A;;0x3;;;S-1-5-33)(A;;0x1;;;S-1-5-32-573)","%SystemRoot%\System32\Winevt\Logs\Microsoft-Windows-Troubleshooting-Recommended%4Admin.evtx","1052672","Circular","Microsoft-Windows-Troubleshooting-Recommended","System.String[]",,,"64","0","64","1000",
"1052672","False","9/3/2021 14:10:33","9/3/2021 08:49:38","625","640","Microsoft-Windows-Time-Service/Operational","Operational","Application","True","False","O:BAG:SYD:(A;;0x2;;;S-1-15-2-1)(A;;0x2;;;S-1-15-3-1024-3153509613-960666767-3724611135-2725662640-12138253-543910227-1950414635-4190290187)(A;;0xf0007;;;SY)(A;;0x7;;;BA)(A;;0x7;;;SO)(A;;0x3;;;IU)(A;;0x3;;;SU)(A;;0x3;;;S-1-5-3)(A;;0x3;;;S-1-5-33)(A;;0x1;;;S-1-5-32-573)","%SystemRoot%\System32\Winevt\Logs\Microsoft-Windows-Time-Service%4Operational.evtx","1052672","Circular","Microsoft-Windows-Time-Service","System.String[]",,,"64","0","64","1000",
"69632","False","9/3/2021 15:32:41","6/30/2021 18:10:31","0","0","Microsoft-Windows-Time-Service-PTP-Provider/PTP-Operational","Operational","Application","True","False","O:BAG:SYD:(A;;0x2;;;S-1-15-2-1)(A;;0x2;;;S-1-15-3-1024-3153509613-960666767-3724611135-2725662640-12138253-543910227-1950414635-4190290187)(A;;0xf0007;;;SY)(A;;0x7;;;BA)(A;;0x7;;;SO)(A;;0x3;;;IU)(A;;0x3;;;SU)(A;;0x3;;;S-1-5-3)(A;;0x3;;;S-1-5-33)(A;;0x1;;;S-1-5-32-573)","%SystemRoot%\System32\Winevt\Logs\Microsoft-Windows-Time-Service-PTP-Provider%4PTP-Operational.evtx","1052672","Circular","Microsoft-Windows-Time-Service-PTP-Provider","System.String[]",,,"64","0","64","1000",
